<?xml version="1.0" encoding="UTF-8"?>
<!-- Generated by org.testng.reporters.JUnitXMLReporter -->
<testsuite ignored="7" hostname="AMX-RL-20-457-W" failures="0" tests="1" name="Default test" time="41.766" errors="0" timestamp="2022-05-27T21:34:35 IST">
  <testcase classname="icivics_testcases.Icivics_HomepageTeacherHeader_Test" name="C7_verifyresizeheaderintohamburger" time="38.728"/>
  <testcase classname="icivics_testcases.Icivics_HomepageTeacherHeader_Test" name="C3_Verifybuttons" time="0.0">
    <ignored/>
  </testcase> <!-- C3_Verifybuttons -->
  <testcase classname="cucumber.api.testng.AbstractTestNGCucumberTests" name="runScenario" time="0.0">
    <ignored/>
  </testcase> <!-- runScenario -->
  <testcase classname="icivics_testcases.Icivics_HomepageTeacherHeader_Test" name="C6_Verifyplaybuttonhover" time="0.0">
    <ignored/>
  </testcase> <!-- C6_Verifyplaybuttonhover -->
  <testcase classname="icivics_testcases.Icivics_HomepageTeacherHeader_Test" name="C6_Verifyteachbuttonhover" time="0.0">
    <ignored/>
  </testcase> <!-- C6_Verifyteachbuttonhover -->
  <testcase classname="icivics_testcases.Icivics_HomepageTeacherHeader_Test" name="C6_Verifyshopbuttonhover" time="0.0">
    <ignored/>
  </testcase> <!-- C6_Verifyshopbuttonhover -->
  <testcase classname="icivics_testcases.Icivics_HomepageTeacherHeader_Test" name="C6_Verifyaboutbuttonhover" time="0.0">
    <ignored/>
  </testcase> <!-- C6_Verifyaboutbuttonhover -->
  <testcase classname="icivics_testcases.Icivics_HomepageTeacherHeader_Test" name="C6_Verifydonatebuttonhover" time="0.0">
    <ignored/>
  </testcase> <!-- C6_Verifydonatebuttonhover -->
</testsuite> <!-- Default test -->
