<?xml version="1.0" encoding="UTF-8"?>
<!-- Generated by org.testng.reporters.JUnitXMLReporter -->
<testsuite ignored="9" hostname="AMX-RL-20-457-W" failures="0" tests="1" name="Default test" time="48.089" errors="0" timestamp="2022-06-15T21:20:05 IST">
  <testcase classname="icivics_testcases.Icivics_HomepageHeaderSigninMisc_Test" name="C41_Verifysubmenuoptionisunderlined" time="44.908"/>
  <testcase classname="icivics_testcases.Icivics_HomepageHeaderSigninMisc_Test" name="C31_Verifyshopbutton" time="0.0">
    <ignored/>
  </testcase> <!-- C31_Verifyshopbutton -->
  <testcase classname="cucumber.api.testng.AbstractTestNGCucumberTests" name="runScenario" time="0.0">
    <ignored/>
  </testcase> <!-- runScenario -->
  <testcase classname="icivics_testcases.Icivics_HomepageHeaderSigninMisc_Test" name="C30_Verifydonatebuttonclick" time="0.0">
    <ignored/>
  </testcase> <!-- C30_Verifydonatebuttonclick -->
  <testcase classname="icivics_testcases.Icivics_HomepageHeaderSigninMisc_Test" name="C37_Verifysigninbuttonsubmenu" time="0.0">
    <ignored/>
  </testcase> <!-- C37_Verifysigninbuttonsubmenu -->
  <testcase classname="icivics_testcases.Icivics_HomepageHeaderSigninMisc_Test" name="C32_Verifyshopbuttonclick" time="0.0">
    <ignored/>
  </testcase> <!-- C32_Verifyshopbuttonclick -->
  <testcase classname="icivics_testcases.Icivics_HomepageHeaderSigninMisc_Test" name="C38_Verifysigninbuttonsubmenu" time="0.0">
    <ignored/>
  </testcase> <!-- C38_Verifysigninbuttonsubmenu -->
  <testcase classname="icivics_testcases.Icivics_HomepageHeaderSigninMisc_Test" name="C33_Verifysigninbuttonforanonymoususer" time="0.0">
    <ignored/>
  </testcase> <!-- C33_Verifysigninbuttonforanonymoususer -->
  <testcase classname="icivics_testcases.Icivics_HomepageHeaderSigninMisc_Test" name="C29_Verifydonatebutton" time="0.0">
    <ignored/>
  </testcase> <!-- C29_Verifydonatebutton -->
  <testcase classname="icivics_testcases.Icivics_HomepageHeaderSigninMisc_Test" name="C42_Verifysubmenuoptionisunderlined" time="0.0">
    <ignored/>
  </testcase> <!-- C42_Verifysubmenuoptionisunderlined -->
</testsuite> <!-- Default test -->
