<?xml version="1.0" encoding="UTF-8"?>
<!-- Generated by org.testng.reporters.JUnitXMLReporter -->
<testsuite ignored="14" hostname="AMX-RL-20-457-W" failures="0" tests="45" name="RegressionTest" time="2678.994" errors="0" timestamp="2022-06-27T22:39:32 IST">
  <testcase classname="icivics_testcases.Icivics_HomepageHeaderMyicivicsMisc_Test" name="C29_Verifydonatebutton" time="7.774"/>
  <testcase classname="icivics_testcases.Icivics_HomepageHeaderMyicivicsMisc_Test" name="C30_Verifydonatebuttonclick" time="21.078"/>
  <testcase classname="icivics_testcases.Icivics_HomepageHeaderMyicivicsMisc_Test" name="C31_Verifyshopbutton" time="26.97"/>
  <testcase classname="icivics_testcases.Icivics_HomepageHeaderMyicivicsMisc_Test" name="C32_Verifyshopbuttonclick" time="9.126"/>
  <testcase classname="icivics_testcases.Icivics_HomepageHeaderMyicivicsMisc_Test" name="C34_VerifyIcivicsbutton" time="26.986"/>
  <testcase classname="icivics_testcases.Icivics_HomepageHeaderMyicivicsMisc_Test" name="C35_Verifytheavatar" time="30.35"/>
  <testcase classname="icivics_testcases.Icivics_HomepageHeaderMyicivicsMisc_Test" name="C35_Verifythenoavatar" time="27.864"/>
  <testcase classname="icivics_testcases.Icivics_HomepageHeaderMyicivicsMisc_Test" name="C36_VerifyIcivicssubmenu" time="27.312"/>
  <testcase classname="icivics_testcases.Icivics_HomepageHeaderMyicivicsMisc_Test" name="C37_VerifyIcivicssubmenu" time="29.816"/>
  <testcase classname="icivics_testcases.Icivics_HomepageHeaderMyicivicsMisc_Test" name="C39_Myicivicsbuttonelementsverification" time="124.007"/>
  <testcase classname="icivics_testcases.Icivics_HomepageHeaderMyicivicsMisc_Test" name="C41_verifyselectpageisunderlined" time="150.704"/>
  <testcase classname="icivics_testcases.Icivics_HomepageHeaderMyicivicsMisc_Test" name="C42_Verifymyicivicsbuttonsubmenuclose" time="29.418"/>
  <testcase classname="icivics_testcases.Icivics_HomepageHeaderSigninMisc_Test" name="C29_Verifydonatebutton" time="5.057"/>
  <testcase classname="icivics_testcases.Icivics_HomepageHeaderSigninMisc_Test" name="C30_Verifydonatebuttonclick" time="18.231"/>
  <testcase classname="icivics_testcases.Icivics_HomepageHeaderSigninMisc_Test" name="C31_Verifyshopbutton" time="4.003"/>
  <testcase classname="icivics_testcases.Icivics_HomepageHeaderSigninMisc_Test" name="C32_Verifyshopbuttonclick" time="7.875"/>
  <testcase classname="icivics_testcases.Icivics_HomepageHeaderSigninMisc_Test" name="C33_Verifysigninbuttonforanonymoususer" time="3.933"/>
  <testcase classname="icivics_testcases.Icivics_HomepageHeaderSigninMisc_Test" name="C37_Verifysigninbuttonsubmenu" time="5.57"/>
  <testcase classname="icivics_testcases.Icivics_HomepageHeaderSigninMisc_Test" name="C38_Verifysigninbuttonsubmenu" time="17.18"/>
  <testcase classname="icivics_testcases.Icivics_HomepageHeaderSigninMisc_Test" name="C41_Verifysubmenuoptionisunderlined" time="38.514"/>
  <testcase classname="icivics_testcases.Icivics_HomepageHeaderSigninMisc_Test" name="C42_Verifysubmenuoptionisunderlined" time="5.249"/>
  <testcase classname="icivics_testcases.Icivics_HomepageTeacherHeader_Test" name="C3_Verifyheaderbuttonsforanonymoususer" time="54.904"/>
  <testcase classname="icivics_testcases.Icivics_HomepageTeacherHeader_Test" name="C3_Verifyheaderbuttonsforauthenticateduser" time="53.814"/>
  <testcase classname="icivics_testcases.Icivics_HomepageTeacherHeader_Test" name="C4_Verifyheaderelemets" time="211.092"/>
  <testcase classname="icivics_testcases.Icivics_HomepageTeacherHeader_Test" name="C6_Verifyheaderbuttonhoverforanonymoususer" time="112.005"/>
  <testcase classname="icivics_testcases.Icivics_HomepageTeacherHeader_Test" name="C6_verifyaheaderbuttonhoverforauthenticateduser" time="155.477"/>
  <testcase classname="icivics_testcases.Icivics_HomepageTeacherHeader_Test" name="C7_verifyresizeheaderintohamburger" time="55.814"/>
  <testcase classname="icivics_testcases.Icivics_HomepageHeader_Test" name="C1_VerifyLogo" time="10.052"/>
  <testcase classname="icivics_testcases.Icivics_HomepageHeader_Test" name="C2_VerifyHeaderbuttonforanonymoususer" time="29.764"/>
  <testcase classname="icivics_testcases.Icivics_HomepageHeader_Test" name="C2_VerifyHeaderbuttonforauthenticateduser" time="31.43"/>
  <testcase classname="icivics_testcases.Icivics_HomepageHeader_Test" name="C1538_Verifydonationpopup" time="9.81"/>
  <testcase classname="icivics_testcases.Icivicvs_HomepageHeaderteach2_Test" name="C19_Verifyteachsubmenu" time="69.578"/>
  <testcase classname="icivics_testcases.Icivics_HomepageHeaderTeach_Test" name="C15_Verifyteachsubmenu" time="5.937"/>
  <testcase classname="icivics_testcases.Icivics_HomepageHeaderTeach_Test" name="C16_Verifysubmenucount" time="8.542"/>
  <testcase classname="icivics_testcases.Icivics_HomepageHeaderTeach_Test" name="C17_Verifyteachbuttonelements" time="94.225"/>
  <testcase classname="icivics_testcases.Icivics_HomepageHeaderTeach_Test" name="C20_verifyclickteachbuttonagain" time="4.803"/>
  <testcase classname="icivics_testcases.Icivics_HomepageHeaderAbout_Test" name="C22_Verifyaboutsubmenu" time="54.068"/>
  <testcase classname="icivics_testcases.Icivics_HomepageHeaderAbout_Test" name="C23_Verifysubmenucount" time="7.169"/>
  <testcase classname="icivics_testcases.Icivics_HomepageHeaderAbout_Test" name="C24_VerifysubmenuElement" time="142.678"/>
  <testcase classname="icivics_testcases.Icivics_HomepageHeaderAbout_Test" name="C27_Verifyclickaboutbuttonagain" time="32.019"/>
  <testcase classname="icivics_testcases.Icivics_HomepageHeaderplay_Test" name="C8_Verifyplaysubmenu" time="6.274"/>
  <testcase classname="icivics_testcases.Icivics_HomepageHeaderplay_Test" name="C10_Verifyplaybuttonelements" time="441.631"/>
  <testcase classname="icivics_testcases.Icivics_HomepageHeaderplay_Test" name="C9_Verifyplaybuttonlist" time="37.4"/>
  <testcase classname="icivics_testcases.Icivics_HomepageHeaderplay_Test" name="C12_Verifypageisunderlined" time="340.007"/>
  <testcase classname="icivics_testcases.Icivics_HomepageHeaderplay_Test" name="C13_Verifyclickonplaybuttonagain" time="9.346"/>
  <testcase classname="utilities.Reporter" name="@BeforeSuite startReport" time="0.0">
    <ignored/>
  </testcase> <!-- @BeforeSuite startReport -->
  <testcase classname="utilities.Reporter" name="@BeforeSuite startReport" time="0.0">
    <ignored/>
  </testcase> <!-- @BeforeSuite startReport -->
  <testcase classname="utilities.Reporter" name="@BeforeSuite startReport" time="0.0">
    <ignored/>
  </testcase> <!-- @BeforeSuite startReport -->
  <testcase classname="utilities.Reporter" name="@BeforeSuite startReport" time="0.0">
    <ignored/>
  </testcase> <!-- @BeforeSuite startReport -->
  <testcase classname="utilities.Reporter" name="@BeforeSuite startReport" time="0.0">
    <ignored/>
  </testcase> <!-- @BeforeSuite startReport -->
  <testcase classname="utilities.Reporter" name="@BeforeSuite startReport" time="0.0">
    <ignored/>
  </testcase> <!-- @BeforeSuite startReport -->
  <testcase classname="utilities.Reporter" name="@BeforeSuite startReport" time="0.0">
    <ignored/>
  </testcase> <!-- @BeforeSuite startReport -->
  <testcase classname="utilities.Reporter" name="@AfterSuite stopReport" time="0.0">
    <ignored/>
  </testcase> <!-- @AfterSuite stopReport -->
  <testcase classname="utilities.Reporter" name="@AfterSuite stopReport" time="0.0">
    <ignored/>
  </testcase> <!-- @AfterSuite stopReport -->
  <testcase classname="utilities.Reporter" name="@AfterSuite stopReport" time="0.0">
    <ignored/>
  </testcase> <!-- @AfterSuite stopReport -->
  <testcase classname="utilities.Reporter" name="@AfterSuite stopReport" time="0.0">
    <ignored/>
  </testcase> <!-- @AfterSuite stopReport -->
  <testcase classname="utilities.Reporter" name="@AfterSuite stopReport" time="0.0">
    <ignored/>
  </testcase> <!-- @AfterSuite stopReport -->
  <testcase classname="utilities.Reporter" name="@AfterSuite stopReport" time="0.0">
    <ignored/>
  </testcase> <!-- @AfterSuite stopReport -->
  <testcase classname="utilities.Reporter" name="@AfterSuite stopReport" time="0.0">
    <ignored/>
  </testcase> <!-- @AfterSuite stopReport -->
</testsuite> <!-- RegressionTest -->
