<?xml version="1.0" encoding="UTF-8"?>
<!-- Generated by org.testng.reporters.JUnitXMLReporter -->
<testsuite ignored="10" hostname="AMX-RL-20-608-W" failures="0" tests="55" name="Test" time="1512.108" errors="0" timestamp="2022-05-16T12:06:52 IST">
  <testcase classname="icivics_testcases.Icivics_EducatorRegistration_Test" name="C321_VerifyallpageElements" time="17.556"/>
  <testcase classname="icivics_testcases.Icivics_EducatorRegistration_Test" name="C322_ButtonHover" time="27.263"/>
  <testcase classname="icivics_testcases.Icivics_EducatorRegistration_Test" name="C323_Verifyallbuttonlinks" time="188.261"/>
  <testcase classname="icivics_testcases.Icivics_EducatorRegistration_Test" name="C324_WindowResize" time="12.686"/>
  <testcase classname="icivics_testcases.Icivics_EducatorRegistration_Test" name="C325_Verifyerrormsg" time="5.64"/>
  <testcase classname="icivics_testcases.Icivics_EducatorRegistration_Test" name="C326_Verifybreadcrumbs" time="5.395"/>
  <testcase classname="icivics_testcases.Icivics_EducatorRegistration1_Test" name="C327_verifybreadcrumbspage1" time="2.306"/>
  <testcase classname="icivics_testcases.Icivics_EducatorRegistration1_Test" name="C328_verifytextfields" time="4.47"/>
  <testcase classname="icivics_testcases.Icivics_EducatorRegistration1_Test" name="C329_verifyusernamepregenerated" time="8.252"/>
  <testcase classname="icivics_testcases.Icivics_EducatorRegistration1_Test" name="C330_verifyusernamepregeneratedrandomly" time="14.775"/>
  <testcase classname="icivics_testcases.Icivics_EducatorRegistration1_Test" name="C331_verifyentertextinallfields" time="3.57"/>
  <testcase classname="icivics_testcases.Icivics_EducatorRegistration1_Test" name="C332_verifyfieldsmarkedwithanasterisk" time="2.756"/>
  <testcase classname="icivics_testcases.Icivics_EducatorRegistration1_Test" name="C333_verifyemailtooltips" time="3.165"/>
  <testcase classname="icivics_testcases.Icivics_EducatorRegistration1_Test" name="C334_verifyemailerrormsg" time="9.639"/>
  <testcase classname="icivics_testcases.Icivics_EducatorRegistration1_Test" name="C335_verifyblankerrormsg" time="30.482"/>
  <testcase classname="icivics_testcases.Icivics_EducatorRegistration1_Test" name="C336_verifyinvaliderrormsg" time="7.693"/>
  <testcase classname="icivics_testcases.Icivics_EducatorRegistration1_Test" name="C337_verifyvalidregistration" time="14.051"/>
  <testcase classname="icivics_testcases.Icivics_EducatorRegistration2_Test" name="C338_verifybreadcrumbspage1" time="6.76"/>
  <testcase classname="icivics_testcases.Icivics_EducatorRegistration2_Test" name="C339_verifypreviouspage" time="9.55"/>
  <testcase classname="icivics_testcases.Icivics_EducatorRegistration2_Test" name="C340_verifyalldataremembered" time="10.194"/>
  <testcase classname="icivics_testcases.Icivics_EducatorRegistration2_Test" name="C341_verifyRoleandGradeLevel" time="16.25"/>
  <testcase classname="icivics_testcases.Icivics_EducatorRegistration2_Test" name="C342_verifymakeselection" time="17.298"/>
  <testcase classname="icivics_testcases.Icivics_EducatorRegistration2_Test" name="C343_verifyotheradditionalfield" time="9.732"/>
  <testcase classname="icivics_testcases.Icivics_EducatorRegistration2_Test" name="C344_verifyasterisk" time="6.465"/>
  <testcase classname="icivics_testcases.Icivics_EducatorRegistration2_Test" name="C345_verifyblankerrormsg" time="41.621"/>
  <testcase classname="icivics_testcases.Icivics_EducatorRegistration2_Test" name="C346_verifyerrormsgboxcolor" time="8.676"/>
  <testcase classname="icivics_testcases.Icivics_EducatorRegistration2_Test" name="C347_verifyvalidsubmission" time="20.076"/>
  <testcase classname="icivics_testcases.Icivics_EducatorRegistration3_Test" name="C348_verifybreadcrumbspage3" time="14.613"/>
  <testcase classname="icivics_testcases.Icivics_EducatorRegistration3_Test" name="C349_verifypreviouspage" time="17.704"/>
  <testcase classname="icivics_testcases.Icivics_EducatorRegistration3_Test" name="C350_verifyalldataremembered" time="16.542"/>
  <testcase classname="icivics_testcases.Icivics_EducatorRegistration3_Test" name="C351_verifyallpage3fields" time="30.698"/>
  <testcase classname="icivics_testcases.Icivics_EducatorRegistration3_Test" name="C352_verifyallfieldsallowtoentertextandmakeselection" time="43.184"/>
  <testcase classname="icivics_testcases.Icivics_EducatorRegistration3_Test" name="C354_verifyallfieldswithinvaliddata" time="20.459"/>
  <testcase classname="icivics_testcases.Icivics_EducatorRegistration3_Test" name="C355_verifyallfieldswithblankfield" time="16.718"/>
  <testcase classname="icivics_testcases.Icivics_EducatorRegistration3_Test" name="C357_verifyvalidsubmission" time="22.493"/>
  <testcase classname="icivics_testcases.Icivics_EducatorRegistration4_Test" name="C358_verifybreadcrumbspage4" time="22.837"/>
  <testcase classname="icivics_testcases.Icivics_EducatorRegistration4_Test" name="C359_verifypreviouspage" time="26.062"/>
  <testcase classname="icivics_testcases.Icivics_EducatorRegistration4_Test" name="C360_verifyalldataremembered" time="24.725"/>
  <testcase classname="icivics_testcases.Icivics_EducatorRegistration4_Test" name="C361_verifyallpage3fields" time="23.739"/>
  <testcase classname="icivics_testcases.Icivics_EducatorRegistration4_Test" name="C362_verifySignUpischecked" time="23.672"/>
  <testcase classname="icivics_testcases.Icivics_EducatorRegistration4_Test" name="C363_verifyallpage4fields" time="36.518"/>
  <testcase classname="icivics_testcases.Icivics_EducatorRegistration4_Test" name="C364_verifyallfieldasterisk" time="23.367"/>
  <testcase classname="icivics_testcases.Icivics_EducatorRegistration4_Test" name="C365_verifypasswordtooltips" time="23.487"/>
  <testcase classname="icivics_testcases.Icivics_EducatorRegistration4_Test" name="C366_verifypasswordstrengthIndicator" time="22.422"/>
  <testcase classname="icivics_testcases.Icivics_EducatorRegistration4_Test" name="C367_verifypasswordIndicatormatch" time="24.186"/>
  <testcase classname="icivics_testcases.Icivics_EducatorRegistration4_Test" name="C368_verifyallfieldswithinvaliddata" time="25.653"/>
  <testcase classname="icivics_testcases.Icivics_EducatorRegistration4_Test" name="C369_verifyallfieldswithblankdata" time="23.848"/>
  <testcase classname="icivics_testcases.Icivics_EducatorRegistration4_Test" name="C370_verifyallfieldswithblankandinvaliddata" time="26.157"/>
  <testcase classname="icivics_testcases.Icivics_EducatorRegistration4_Test" name="C371_verifyvalidsubmission" time="28.305"/>
  <testcase classname="icivics_testcases.Icivics_EducatorRegistration5_Test" name="C372_verifybreadcrumbspage5" time="29.874"/>
  <testcase classname="icivics_testcases.Icivics_EducatorRegistration5_Test" name="C373_verifywelcomemessage" time="28.185"/>
  <testcase classname="icivics_testcases.Icivics_EducatorRegistration5_Test" name="C374_verifyconfirmationemail" time="28.515"/>
  <testcase classname="icivics_testcases.Icivics_EducatorRegistration5_Test" name="C375_verifyconfirmationemail" time="28.841"/>
  <testcase classname="icivics_testcases.Icivics_EducatorRegistration5_Test" name="C376_verifyresendbutton" time="33.62"/>
  <testcase classname="icivics_testcases.Icivics_EducatorRegistration5_Test" name="C377_verifynotification" time="33.328"/>
  <testcase classname="utilities.Reporter" name="@AfterSuite stopReport" time="0.0">
    <ignored/>
  </testcase> <!-- @AfterSuite stopReport -->
  <testcase classname="utilities.Reporter" name="@AfterSuite stopReport" time="0.0">
    <ignored/>
  </testcase> <!-- @AfterSuite stopReport -->
  <testcase classname="utilities.Reporter" name="@AfterSuite stopReport" time="0.0">
    <ignored/>
  </testcase> <!-- @AfterSuite stopReport -->
  <testcase classname="utilities.Reporter" name="@AfterSuite stopReport" time="0.0">
    <ignored/>
  </testcase> <!-- @AfterSuite stopReport -->
  <testcase classname="utilities.Reporter" name="@AfterSuite stopReport" time="0.0">
    <ignored/>
  </testcase> <!-- @AfterSuite stopReport -->
  <testcase classname="utilities.Reporter" name="@BeforeSuite startReport" time="0.0">
    <ignored/>
  </testcase> <!-- @BeforeSuite startReport -->
  <testcase classname="utilities.Reporter" name="@BeforeSuite startReport" time="0.0">
    <ignored/>
  </testcase> <!-- @BeforeSuite startReport -->
  <testcase classname="utilities.Reporter" name="@BeforeSuite startReport" time="0.0">
    <ignored/>
  </testcase> <!-- @BeforeSuite startReport -->
  <testcase classname="utilities.Reporter" name="@BeforeSuite startReport" time="0.0">
    <ignored/>
  </testcase> <!-- @BeforeSuite startReport -->
  <testcase classname="utilities.Reporter" name="@BeforeSuite startReport" time="0.0">
    <ignored/>
  </testcase> <!-- @BeforeSuite startReport -->
</testsuite> <!-- Test -->
