<?xml version="1.0" encoding="UTF-8"?>
<!-- Generated by org.testng.reporters.JUnitXMLReporter -->
<testsuite ignored="22" hostname="AMX-RL-20-457-W" failures="0" tests="117" name="Test" time="3288.313" errors="0" timestamp="2022-06-08T21:34:21 IST">
  <testcase classname="icivics_testcases.Icivics_EducatorRegistration_Test" name="C321_VerifyallpageElements" time="20.578"/>
  <testcase classname="icivics_testcases.Icivics_EducatorRegistration_Test" name="C322_ButtonHover" time="30.555"/>
  <testcase classname="icivics_testcases.Icivics_EducatorRegistration_Test" name="C323_Verifyallbuttonlinks" time="591.841"/>
  <testcase classname="icivics_testcases.Icivics_EducatorRegistration_Test" name="C324_WindowResize" time="15.119"/>
  <testcase classname="icivics_testcases.Icivics_EducatorRegistration_Test" name="C325_Verifyerrormsg" time="7.336"/>
  <testcase classname="icivics_testcases.Icivics_EducatorRegistration_Test" name="C326_Verifybreadcrumbs" time="7.387"/>
  <testcase classname="icivics_testcases.Icivics_EducatorRegistration1_Test" name="C327_verifybreadcrumbspage1" time="4.566"/>
  <testcase classname="icivics_testcases.Icivics_EducatorRegistration1_Test" name="C328_verifytextfields" time="7.248"/>
  <testcase classname="icivics_testcases.Icivics_EducatorRegistration1_Test" name="C329_verifyusernamepregenerated" time="9.814"/>
  <testcase classname="icivics_testcases.Icivics_EducatorRegistration1_Test" name="C330_verifyusernamepregeneratedrandomly" time="16.586"/>
  <testcase classname="icivics_testcases.Icivics_EducatorRegistration1_Test" name="C331_verifyentertextinallfields" time="7.172"/>
  <testcase classname="icivics_testcases.Icivics_EducatorRegistration1_Test" name="C332_verifyfieldsmarkedwithanasterisk" time="5.685"/>
  <testcase classname="icivics_testcases.Icivics_EducatorRegistration1_Test" name="C333_verifyemailtooltips" time="5.193"/>
  <testcase classname="icivics_testcases.Icivics_EducatorRegistration1_Test" name="C334_verifyemailerrormsg" time="14.28"/>
  <testcase classname="icivics_testcases.Icivics_EducatorRegistration1_Test" name="C335_verifyblankerrormsg" time="43.686"/>
  <testcase classname="icivics_testcases.Icivics_EducatorRegistration1_Test" name="C336_verifyinvaliderrormsg" time="11.257"/>
  <testcase classname="icivics_testcases.Icivics_EducatorRegistration1_Test" name="C337_verifyvalidregistration" time="15.451"/>
  <testcase classname="icivics_testcases.Icivics_EducatorRegistration2_Test" name="C338_verifybreadcrumbspage1" time="8.418"/>
  <testcase classname="icivics_testcases.Icivics_EducatorRegistration2_Test" name="C339_verifypreviouspage" time="12.254"/>
  <testcase classname="icivics_testcases.Icivics_EducatorRegistration2_Test" name="C340_verifyalldataremembered" time="12.689"/>
  <testcase classname="icivics_testcases.Icivics_EducatorRegistration2_Test" name="C341_verifyRoleandGradeLevel" time="20.216"/>
  <testcase classname="icivics_testcases.Icivics_EducatorRegistration2_Test" name="C342_verifymakeselection" time="19.248"/>
  <testcase classname="icivics_testcases.Icivics_EducatorRegistration2_Test" name="C343_verifyotheradditionalfield" time="12.054"/>
  <testcase classname="icivics_testcases.Icivics_EducatorRegistration2_Test" name="C344_verifyasterisk" time="8.466"/>
  <testcase classname="icivics_testcases.Icivics_EducatorRegistration2_Test" name="C345_verifyblankerrormsg" time="46.717"/>
  <testcase classname="icivics_testcases.Icivics_EducatorRegistration2_Test" name="C346_verifyerrormsgboxcolor" time="12.225"/>
  <testcase classname="icivics_testcases.Icivics_EducatorRegistration2_Test" name="C347_verifyvalidsubmission" time="25.103"/>
  <testcase classname="icivics_testcases.Icivics_EducatorRegistration3_Test" name="C348_verifybreadcrumbspage3" time="17.026"/>
  <testcase classname="icivics_testcases.Icivics_EducatorRegistration3_Test" name="C349_verifypreviouspage" time="21.175"/>
  <testcase classname="icivics_testcases.Icivics_EducatorRegistration3_Test" name="C350_verifyalldataremembered" time="22.588"/>
  <testcase classname="icivics_testcases.Icivics_EducatorRegistration3_Test" name="C351_verifyallpage3fields" time="35.95"/>
  <testcase classname="icivics_testcases.Icivics_EducatorRegistration3_Test" name="C352_verifyallfieldsallowtoentertextandmakeselection" time="46.187"/>
  <testcase classname="icivics_testcases.Icivics_EducatorRegistration3_Test" name="C354_verifyallfieldswithinvaliddata" time="24.503"/>
  <testcase classname="icivics_testcases.Icivics_EducatorRegistration3_Test" name="C355_verifyallfieldswithblankfield" time="21.879"/>
  <testcase classname="icivics_testcases.Icivics_EducatorRegistration3_Test" name="C357_verifyvalidsubmission" time="21.849"/>
  <testcase classname="icivics_testcases.Icivics_EducatorRegistration4_Test" name="C358_verifybreadcrumbspage4" time="25.329"/>
  <testcase classname="icivics_testcases.Icivics_EducatorRegistration4_Test" name="C359_verifypreviouspage" time="30.946"/>
  <testcase classname="icivics_testcases.Icivics_EducatorRegistration4_Test" name="C360_verifyalldataremembered" time="30.932"/>
  <testcase classname="icivics_testcases.Icivics_EducatorRegistration4_Test" name="C361_verifyallpage3fields" time="29.628"/>
  <testcase classname="icivics_testcases.Icivics_EducatorRegistration4_Test" name="C362_verifySignUpischecked" time="30.954"/>
  <testcase classname="icivics_testcases.Icivics_EducatorRegistration4_Test" name="C363_verifyallpage4fields" time="41.561"/>
  <testcase classname="icivics_testcases.Icivics_EducatorRegistration4_Test" name="C364_verifyallfieldasterisk" time="25.789"/>
  <testcase classname="icivics_testcases.Icivics_EducatorRegistration4_Test" name="C365_verifypasswordtooltips" time="27.065"/>
  <testcase classname="icivics_testcases.Icivics_EducatorRegistration4_Test" name="C366_verifypasswordstrengthIndicator" time="26.329"/>
  <testcase classname="icivics_testcases.Icivics_EducatorRegistration4_Test" name="C367_verifypasswordIndicatormatch" time="25.696"/>
  <testcase classname="icivics_testcases.Icivics_EducatorRegistration4_Test" name="C368_verifyallfieldswithinvaliddata" time="33.8"/>
  <testcase classname="icivics_testcases.Icivics_EducatorRegistration4_Test" name="C369_verifyallfieldswithblankdata" time="30.32"/>
  <testcase classname="icivics_testcases.Icivics_EducatorRegistration4_Test" name="C370_verifyallfieldswithblankandinvaliddata" time="28.351"/>
  <testcase classname="icivics_testcases.Icivics_EducatorRegistration4_Test" name="C371_verifyvalidsubmission" time="32.349"/>
  <testcase classname="icivics_testcases.Icivics_EducatorRegistration5_Test" name="C372_verifybreadcrumbspage5" time="28.135"/>
  <testcase classname="icivics_testcases.Icivics_EducatorRegistration5_Test" name="C373_verifywelcomemessage" time="28.087"/>
  <testcase classname="icivics_testcases.Icivics_EducatorRegistration5_Test" name="C374_verifyconfirmationemail" time="27.114"/>
  <testcase classname="icivics_testcases.Icivics_EducatorRegistration5_Test" name="C375_verifyconfirmationemail" time="26.64"/>
  <testcase classname="icivics_testcases.Icivics_EducatorRegistration5_Test" name="C376_verifyresendbutton" time="31.929"/>
  <testcase classname="icivics_testcases.Icivics_EducatorRegistration5_Test" name="C377_verifynotification" time="33.197"/>
  <testcase classname="icivics_testcases.Icivics_StudentRegistration3Email_Test" name="C372_verifypagecount3" time="25.51"/>
  <testcase classname="icivics_testcases.Icivics_StudentRegistration3Email_Test" name="C373_verifycheckmsgdisplay" time="26.596"/>
  <testcase classname="icivics_testcases.Icivics_StudentRegistration3Email_Test" name="C374_verifycheckmsgdisplay" time="28.67"/>
  <testcase classname="icivics_testcases.Icivics_StudentRegistration3Email_Test" name="C375_verifyregisteredemaildisplay" time="26.874"/>
  <testcase classname="icivics_testcases.Icivics_StudentRegistration3Email_Test" name="C376_verifyresendbutton" time="33.297"/>
  <testcase classname="icivics_testcases.Icivics_StudentRegistration3Email_Test" name="C377_verifyconfirmationemail" time="38.01"/>
  <testcase classname="icivics_testcases.Icivics_StudentRegistration1Email_Test" name="C383_Verifybreadcrumbs" time="4.497"/>
  <testcase classname="icivics_testcases.Icivics_StudentRegistration1Email_Test" name="C384_Verifybreadcrumbspage" time="3.991"/>
  <testcase classname="icivics_testcases.Icivics_StudentRegistration1Email_Test" name="C385_Verifyvideolink" time="23.816"/>
  <testcase classname="icivics_testcases.Icivics_StudentRegistration1Email_Test" name="C387_verifytextfields" time="8.707"/>
  <testcase classname="icivics_testcases.Icivics_StudentRegistration1Email_Test" name="C388_verifyusernamepregenerated" time="10.001"/>
  <testcase classname="icivics_testcases.Icivics_StudentRegistration1Email_Test" name="C389_verifyusernamepregeneratedrandomly" time="16.821"/>
  <testcase classname="icivics_testcases.Icivics_StudentRegistration1Email_Test" name="C390_verifyentertextinallfields" time="9.178"/>
  <testcase classname="icivics_testcases.Icivics_StudentRegistration1Email_Test" name="C391_verifyfieldsmarkedwithanasterisk" time="5.078"/>
  <testcase classname="icivics_testcases.Icivics_StudentRegistration1Email_Test" name="C392_verifyemailtooltips" time="5.413"/>
  <testcase classname="icivics_testcases.Icivics_StudentRegistration1Email_Test" name="C393_verifyemailerrormsg" time="14.623"/>
  <testcase classname="icivics_testcases.Icivics_StudentRegistration1Email_Test" name="C394_verifyblankerrormsg" time="39.824"/>
  <testcase classname="icivics_testcases.Icivics_StudentRegistration1Email_Test" name="C396_verifyvalidregistration" time="17.792"/>
  <testcase classname="icivics_testcases.Icivics_StudentRegistration1Email_Test" name="C397_Verifyclasscodelink" time="9.044"/>
  <testcase classname="icivics_testcases.Icivics_StudentRegistration2classcode_Test" name="C398_verifypagecount2" time="15.108"/>
  <testcase classname="icivics_testcases.Icivics_StudentRegistration2classcode_Test" name="C399_Clickbackbutton" time="18.17"/>
  <testcase classname="icivics_testcases.Icivics_StudentRegistration2classcode_Test" name="C400_verifyfieldsisremembered" time="18.656"/>
  <testcase classname="icivics_testcases.Icivics_StudentRegistration2classcode_Test" name="C403_clickontermsofuselink" time="30.062"/>
  <testcase classname="icivics_testcases.Icivics_StudentRegistration2classcode_Test" name="C404_clickprivacypolicy" time="21.175"/>
  <testcase classname="icivics_testcases.Icivics_StudentRegistration2classcode_Test" name="C405_verifypage2SignUpforEmailsfield" time="15.335"/>
  <testcase classname="icivics_testcases.Icivics_StudentRegistration2classcode_Test" name="C408_hoveronpwdfield" time="17.426"/>
  <testcase classname="icivics_testcases.Icivics_StudentRegistration2classcode_Test" name="C409_VerifyPasswordstrengthmeter" time="18.374"/>
  <testcase classname="icivics_testcases.Icivics_StudentRegistration2classcode_Test" name="C410_VerifyPasswordindicatormatch" time="21.08"/>
  <testcase classname="icivics_testcases.Icivics_StudentRegistration2classcode_Test" name="C412_verifyenterinvaliddata" time="26.652"/>
  <testcase classname="icivics_testcases.Icivics_StudentRegistration2classcode_Test" name="C412_verifytermsofuseandprivacycheckbox" time="19.484"/>
  <testcase classname="icivics_testcases.Icivics_StudentRegistration2classcode_Test" name="C413_verifyblankerrormsg" time="21.987"/>
  <testcase classname="icivics_testcases.Icivics_StudentRegistration2classcode_Test" name="C414_verifypage3loaded" time="27.367"/>
  <testcase classname="icivics_testcases.Icivics_StudentRegistration2Email_Test" name="C398_verifypagecount2" time="12.096"/>
  <testcase classname="icivics_testcases.Icivics_StudentRegistration2Email_Test" name="C399_Clickbackbutton" time="17.738"/>
  <testcase classname="icivics_testcases.Icivics_StudentRegistration2Email_Test" name="C400_verifyfieldsisremembered" time="15.053"/>
  <testcase classname="icivics_testcases.Icivics_StudentRegistration2Email_Test" name="C403_clickontermsofuselink" time="27.773"/>
  <testcase classname="icivics_testcases.Icivics_StudentRegistration2Email_Test" name="C404_clickprivacypolicy" time="19.123"/>
  <testcase classname="icivics_testcases.Icivics_StudentRegistration2Email_Test" name="C405_verifypage2SignUpforEmailsfield" time="11.986"/>
  <testcase classname="icivics_testcases.Icivics_StudentRegistration2Email_Test" name="C408_hoveronpwdfield" time="12.223"/>
  <testcase classname="icivics_testcases.Icivics_StudentRegistration2Email_Test" name="C409_VerifyPasswordstrengthmeter" time="15.061"/>
  <testcase classname="icivics_testcases.Icivics_StudentRegistration2Email_Test" name="C410_VerifyPasswordindicatormatch" time="12.476"/>
  <testcase classname="icivics_testcases.Icivics_StudentRegistration2Email_Test" name="C412_verifyenterinvaliddata" time="18.924"/>
  <testcase classname="icivics_testcases.Icivics_StudentRegistration2Email_Test" name="C412_verifytermsofuseandprivacycheckbox" time="15.539"/>
  <testcase classname="icivics_testcases.Icivics_StudentRegistration2Email_Test" name="C413_verifyblankerrormsg" time="19.193"/>
  <testcase classname="icivics_testcases.Icivics_StudentRegistration2Email_Test" name="C414_verifypage3loaded" time="22.758"/>
  <testcase classname="icivics_testcases.Icivics_StudentRegistration1classcode_Test" name="C425_verifyemailfieldsappear" time="6.746"/>
  <testcase classname="icivics_testcases.Icivics_StudentRegistration1classcode_Test" name="C426_verifyemailtooltips" time="5.935"/>
  <testcase classname="icivics_testcases.Icivics_StudentRegistration1classcode_Test" name="C427_verifyemailfieldsdisappear" time="12.881"/>
  <testcase classname="icivics_testcases.Icivics_StudentRegistration1classcode_Test" name="C428_verifyusernamepregenerated" time="9.687"/>
  <testcase classname="icivics_testcases.Icivics_StudentRegistration1classcode_Test" name="C429_usernamegeneratedrandomly" time="16.357"/>
  <testcase classname="icivics_testcases.Icivics_StudentRegistration1classcode_Test" name="C430_verifyregistrationwithvaliddata" time="14.068"/>
  <testcase classname="icivics_testcases.Icivics_StudentRegistration1classcode_Test" name="C431_verifyAsteriks" time="6.189"/>
  <testcase classname="icivics_testcases.Icivics_StudentRegistration1classcode_Test" name="C432_verifyinvaliderrormsg" time="12.577"/>
  <testcase classname="icivics_testcases.Icivics_StudentRegistration1classcode_Test" name="C433_verifyerrormsgverifyemailblankfield" time="52.486"/>
  <testcase classname="icivics_testcases.Icivics_StudentRegistration1classcode_Test" name="C434_verifyinvaliderrormsg2" time="11.431"/>
  <testcase classname="icivics_testcases.Icivics_StudentRegistration1classcode_Test" name="C435_verifyregistrationwithvalidvalue" time="19.537"/>
  <testcase classname="icivics_testcases.Icivics_StudentRegistration3classcode_Test" name="C454_verifypagecount3" time="31.992"/>
  <testcase classname="icivics_testcases.Icivics_StudentRegistration3classcode_Test" name="C455_verifyusernamegenerateddisplay" time="36.136"/>
  <testcase classname="icivics_testcases.Icivics_StudentRegistration3classcode_Test" name="C456_verifyusernametextddisplay" time="27.617"/>
  <testcase classname="icivics_testcases.Icivics_StudentRegistration3classcode_Test" name="C457_verifyemailddisplay" time="35.638"/>
  <testcase classname="icivics_testcases.Icivics_StudentRegistration3classcode_Test" name="C458_verifyemailtextddisplay" time="31.854"/>
  <testcase classname="icivics_testcases.Icivics_StudentRegistration3classcode_Test" name="C459_clickcontinuetomyassignmentbutton" time="59.559"/>
  <testcase classname="utilities.Reporter" name="@BeforeSuite startReport" time="0.0">
    <ignored/>
  </testcase> <!-- @BeforeSuite startReport -->
  <testcase classname="utilities.Reporter" name="@BeforeSuite startReport" time="0.0">
    <ignored/>
  </testcase> <!-- @BeforeSuite startReport -->
  <testcase classname="utilities.Reporter" name="@BeforeSuite startReport" time="0.0">
    <ignored/>
  </testcase> <!-- @BeforeSuite startReport -->
  <testcase classname="utilities.Reporter" name="@BeforeSuite startReport" time="0.0">
    <ignored/>
  </testcase> <!-- @BeforeSuite startReport -->
  <testcase classname="utilities.Reporter" name="@BeforeSuite startReport" time="0.0">
    <ignored/>
  </testcase> <!-- @BeforeSuite startReport -->
  <testcase classname="utilities.Reporter" name="@BeforeSuite startReport" time="0.0">
    <ignored/>
  </testcase> <!-- @BeforeSuite startReport -->
  <testcase classname="utilities.Reporter" name="@BeforeSuite startReport" time="0.0">
    <ignored/>
  </testcase> <!-- @BeforeSuite startReport -->
  <testcase classname="utilities.Reporter" name="@BeforeSuite startReport" time="0.0">
    <ignored/>
  </testcase> <!-- @BeforeSuite startReport -->
  <testcase classname="utilities.Reporter" name="@BeforeSuite startReport" time="0.0">
    <ignored/>
  </testcase> <!-- @BeforeSuite startReport -->
  <testcase classname="utilities.Reporter" name="@BeforeSuite startReport" time="0.0">
    <ignored/>
  </testcase> <!-- @BeforeSuite startReport -->
  <testcase classname="utilities.Reporter" name="@BeforeSuite startReport" time="0.0">
    <ignored/>
  </testcase> <!-- @BeforeSuite startReport -->
  <testcase classname="utilities.Reporter" name="@AfterSuite stopReport" time="0.0">
    <ignored/>
  </testcase> <!-- @AfterSuite stopReport -->
  <testcase classname="utilities.Reporter" name="@AfterSuite stopReport" time="0.0">
    <ignored/>
  </testcase> <!-- @AfterSuite stopReport -->
  <testcase classname="utilities.Reporter" name="@AfterSuite stopReport" time="0.0">
    <ignored/>
  </testcase> <!-- @AfterSuite stopReport -->
  <testcase classname="utilities.Reporter" name="@AfterSuite stopReport" time="0.0">
    <ignored/>
  </testcase> <!-- @AfterSuite stopReport -->
  <testcase classname="utilities.Reporter" name="@AfterSuite stopReport" time="0.0">
    <ignored/>
  </testcase> <!-- @AfterSuite stopReport -->
  <testcase classname="utilities.Reporter" name="@AfterSuite stopReport" time="0.0">
    <ignored/>
  </testcase> <!-- @AfterSuite stopReport -->
  <testcase classname="utilities.Reporter" name="@AfterSuite stopReport" time="0.0">
    <ignored/>
  </testcase> <!-- @AfterSuite stopReport -->
  <testcase classname="utilities.Reporter" name="@AfterSuite stopReport" time="0.0">
    <ignored/>
  </testcase> <!-- @AfterSuite stopReport -->
  <testcase classname="utilities.Reporter" name="@AfterSuite stopReport" time="0.0">
    <ignored/>
  </testcase> <!-- @AfterSuite stopReport -->
  <testcase classname="utilities.Reporter" name="@AfterSuite stopReport" time="0.0">
    <ignored/>
  </testcase> <!-- @AfterSuite stopReport -->
  <testcase classname="utilities.Reporter" name="@AfterSuite stopReport" time="0.0">
    <ignored/>
  </testcase> <!-- @AfterSuite stopReport -->
</testsuite> <!-- Test -->
