<?xml version="1.0" encoding="UTF-8"?>
<testng-results ignored="38" total="200" passed="162" failed="0" skipped="0">
  <reporter-output>
  </reporter-output>
  <suite started-at="2022-07-05T13:48:20 IST" name="Suite" finished-at="2022-07-05T15:23:28 IST" duration-ms="5707465">
    <groups>
      <group name="cucumber">
        <method signature="AbstractTestNGCucumberTests.runScenario(cucumber.api.testng.PickleEventWrapper,cucumber.api.testng.CucumberFeatureWrapper)[pri:0, instance:icivics_testcases.Icivics10_StudentRegistration2Email_Test@4d1bf319]" name="runScenario" class="cucumber.api.testng.AbstractTestNGCucumberTests"/>
        <method signature="AbstractTestNGCucumberTests.runScenario(cucumber.api.testng.PickleEventWrapper,cucumber.api.testng.CucumberFeatureWrapper)[pri:0, instance:icivics_testcases.Icivics11_StudentRegistration3classcode_Test@6f53b8a]" name="runScenario" class="cucumber.api.testng.AbstractTestNGCucumberTests"/>
        <method signature="AbstractTestNGCucumberTests.runScenario(cucumber.api.testng.PickleEventWrapper,cucumber.api.testng.CucumberFeatureWrapper)[pri:0, instance:icivics_testcases.Icivics12_StudentRegistration3Email_Test@5c80cf32]" name="runScenario" class="cucumber.api.testng.AbstractTestNGCucumberTests"/>
        <method signature="AbstractTestNGCucumberTests.runScenario(cucumber.api.testng.PickleEventWrapper,cucumber.api.testng.CucumberFeatureWrapper)[pri:0, instance:icivics_testcases.Icivics13_HP_1Header_Test@7d900ecf]" name="runScenario" class="cucumber.api.testng.AbstractTestNGCucumberTests"/>
        <method signature="AbstractTestNGCucumberTests.runScenario(cucumber.api.testng.PickleEventWrapper,cucumber.api.testng.CucumberFeatureWrapper)[pri:0, instance:icivics_testcases.Icivics14_HP_1TeacherHeader_Test@6f01b95f]" name="runScenario" class="cucumber.api.testng.AbstractTestNGCucumberTests"/>
        <method signature="AbstractTestNGCucumberTests.runScenario(cucumber.api.testng.PickleEventWrapper,cucumber.api.testng.CucumberFeatureWrapper)[pri:0, instance:icivics_testcases.Icivics15_HP_2Headerplay_Test@4007f65e]" name="runScenario" class="cucumber.api.testng.AbstractTestNGCucumberTests"/>
        <method signature="AbstractTestNGCucumberTests.runScenario(cucumber.api.testng.PickleEventWrapper,cucumber.api.testng.CucumberFeatureWrapper)[pri:0, instance:icivics_testcases.Icivics16_HP_3HeaderTeach_Test@1a245833]" name="runScenario" class="cucumber.api.testng.AbstractTestNGCucumberTests"/>
        <method signature="AbstractTestNGCucumberTests.runScenario(cucumber.api.testng.PickleEventWrapper,cucumber.api.testng.CucumberFeatureWrapper)[pri:0, instance:icivics_testcases.Icivics17_HP_3Headerteach2_Test@673fdbce]" name="runScenario" class="cucumber.api.testng.AbstractTestNGCucumberTests"/>
        <method signature="AbstractTestNGCucumberTests.runScenario(cucumber.api.testng.PickleEventWrapper,cucumber.api.testng.CucumberFeatureWrapper)[pri:0, instance:icivics_testcases.Icivics18_HP_4HeaderAbout_Test@5965d37]" name="runScenario" class="cucumber.api.testng.AbstractTestNGCucumberTests"/>
        <method signature="AbstractTestNGCucumberTests.runScenario(cucumber.api.testng.PickleEventWrapper,cucumber.api.testng.CucumberFeatureWrapper)[pri:0, instance:icivics_testcases.Icivics19_HP_5HeaderMyicivicsMisc_Test@7a5ceedd]" name="runScenario" class="cucumber.api.testng.AbstractTestNGCucumberTests"/>
        <method signature="AbstractTestNGCucumberTests.runScenario(cucumber.api.testng.PickleEventWrapper,cucumber.api.testng.CucumberFeatureWrapper)[pri:0, instance:icivics_testcases.Icivics1_EducatorRegistration_Test@28dcca0c]" name="runScenario" class="cucumber.api.testng.AbstractTestNGCucumberTests"/>
        <method signature="AbstractTestNGCucumberTests.runScenario(cucumber.api.testng.PickleEventWrapper,cucumber.api.testng.CucumberFeatureWrapper)[pri:0, instance:icivics_testcases.Icivics20_HP_5HeaderSigninMisc_Test@4201c465]" name="runScenario" class="cucumber.api.testng.AbstractTestNGCucumberTests"/>
        <method signature="AbstractTestNGCucumberTests.runScenario(cucumber.api.testng.PickleEventWrapper,cucumber.api.testng.CucumberFeatureWrapper)[pri:0, instance:icivics_testcases.Icivics2_EducatorRegistration1_Test@70cf32e3]" name="runScenario" class="cucumber.api.testng.AbstractTestNGCucumberTests"/>
        <method signature="AbstractTestNGCucumberTests.runScenario(cucumber.api.testng.PickleEventWrapper,cucumber.api.testng.CucumberFeatureWrapper)[pri:0, instance:icivics_testcases.Icivics3_EducatorRegistration2_Test@5a59ca5e]" name="runScenario" class="cucumber.api.testng.AbstractTestNGCucumberTests"/>
        <method signature="AbstractTestNGCucumberTests.runScenario(cucumber.api.testng.PickleEventWrapper,cucumber.api.testng.CucumberFeatureWrapper)[pri:0, instance:icivics_testcases.Icivics4_EducatorRegistration3_Test@4bdeaabb]" name="runScenario" class="cucumber.api.testng.AbstractTestNGCucumberTests"/>
        <method signature="AbstractTestNGCucumberTests.runScenario(cucumber.api.testng.PickleEventWrapper,cucumber.api.testng.CucumberFeatureWrapper)[pri:0, instance:icivics_testcases.Icivics5_EducatorRegistration4_Test@6c4906d3]" name="runScenario" class="cucumber.api.testng.AbstractTestNGCucumberTests"/>
        <method signature="AbstractTestNGCucumberTests.runScenario(cucumber.api.testng.PickleEventWrapper,cucumber.api.testng.CucumberFeatureWrapper)[pri:0, instance:icivics_testcases.Icivics6_EducatorRegistration5_Test@65987993]" name="runScenario" class="cucumber.api.testng.AbstractTestNGCucumberTests"/>
        <method signature="AbstractTestNGCucumberTests.runScenario(cucumber.api.testng.PickleEventWrapper,cucumber.api.testng.CucumberFeatureWrapper)[pri:0, instance:icivics_testcases.Icivics7_StudentRegistration1classcode_Test@71075444]" name="runScenario" class="cucumber.api.testng.AbstractTestNGCucumberTests"/>
        <method signature="AbstractTestNGCucumberTests.runScenario(cucumber.api.testng.PickleEventWrapper,cucumber.api.testng.CucumberFeatureWrapper)[pri:0, instance:icivics_testcases.Icivics8_StudentRegistration1Email_Test@4f32a3ad]" name="runScenario" class="cucumber.api.testng.AbstractTestNGCucumberTests"/>
        <method signature="AbstractTestNGCucumberTests.runScenario(cucumber.api.testng.PickleEventWrapper,cucumber.api.testng.CucumberFeatureWrapper)[pri:0, instance:icivics_testcases.Icivics9_StudentRegistration2classcode_Test@6b695b06]" name="runScenario" class="cucumber.api.testng.AbstractTestNGCucumberTests"/>
      </group> <!-- cucumber -->
    </groups>
    <test started-at="2022-07-05T13:48:20 IST" name="Test" finished-at="2022-07-05T15:23:28 IST" duration-ms="5707465">
      <class name="icivics_testcases.Icivics8_StudentRegistration1Email_Test">
        <test-method is-config="true" signature="setValues()[pri:0, instance:icivics_testcases.Icivics8_StudentRegistration1Email_Test@4f32a3ad]" started-at="2022-07-05T13:48:20 IST" name="setValues" finished-at="2022-07-05T13:48:20 IST" duration-ms="0" status="PASS">
          <reporter-output>
          </reporter-output>
        </test-method> <!-- setValues -->
        <test-method is-config="true" signature="setUpClass()[pri:0, instance:icivics_testcases.Icivics8_StudentRegistration1Email_Test@4f32a3ad]" started-at="2022-07-05T14:21:40 IST" name="setUpClass" finished-at="2022-07-05T14:21:40 IST" duration-ms="1" status="PASS">
          <reporter-output>
          </reporter-output>
        </test-method> <!-- setUpClass -->
        <test-method is-config="true" signature="report()[pri:0, instance:icivics_testcases.Icivics8_StudentRegistration1Email_Test@4f32a3ad]" started-at="2022-07-05T14:21:40 IST" name="report" finished-at="2022-07-05T14:21:40 IST" duration-ms="0" status="PASS">
          <reporter-output>
          </reporter-output>
        </test-method> <!-- report -->
        <test-method is-config="true" signature="beforeMethod()[pri:0, instance:icivics_testcases.Icivics8_StudentRegistration1Email_Test@4f32a3ad]" started-at="2022-07-05T14:21:40 IST" name="beforeMethod" finished-at="2022-07-05T14:21:41 IST" duration-ms="1362" status="PASS">
          <reporter-output>
          </reporter-output>
        </test-method> <!-- beforeMethod -->
        <test-method signature="C383_Verifybreadcrumbs(java.lang.String)[pri:0, instance:icivics_testcases.Icivics8_StudentRegistration1Email_Test@4f32a3ad]" started-at="2022-07-05T14:21:41 IST" name="C383_Verifybreadcrumbs" data-provider="fetchData" finished-at="2022-07-05T14:21:45 IST" duration-ms="3775" status="PASS">
          <params>
            <param index="0">
              <value>
                <![CDATA[https://staging.d9.icivics.org/user/register?role=student&email=1]]>
              </value>
            </param>
          </params>
          <reporter-output>
          </reporter-output>
        </test-method> <!-- C383_Verifybreadcrumbs -->
        <test-method is-config="true" signature="afterMethod()[pri:0, instance:icivics_testcases.Icivics8_StudentRegistration1Email_Test@4f32a3ad]" started-at="2022-07-05T14:21:45 IST" name="afterMethod" finished-at="2022-07-05T14:21:45 IST" duration-ms="280" status="PASS">
          <reporter-output>
          </reporter-output>
        </test-method> <!-- afterMethod -->
        <test-method is-config="true" signature="beforeMethod()[pri:0, instance:icivics_testcases.Icivics8_StudentRegistration1Email_Test@4f32a3ad]" started-at="2022-07-05T14:21:46 IST" name="beforeMethod" finished-at="2022-07-05T14:21:47 IST" duration-ms="1297" status="PASS">
          <reporter-output>
          </reporter-output>
        </test-method> <!-- beforeMethod -->
        <test-method signature="C384_Verifybreadcrumbspage(java.lang.String)[pri:1, instance:icivics_testcases.Icivics8_StudentRegistration1Email_Test@4f32a3ad]" started-at="2022-07-05T14:21:47 IST" name="C384_Verifybreadcrumbspage" data-provider="fetchData" finished-at="2022-07-05T14:21:51 IST" duration-ms="3788" status="PASS">
          <params>
            <param index="0">
              <value>
                <![CDATA[https://staging.d9.icivics.org/user/register?role=student&email=1]]>
              </value>
            </param>
          </params>
          <reporter-output>
          </reporter-output>
        </test-method> <!-- C384_Verifybreadcrumbspage -->
        <test-method is-config="true" signature="afterMethod()[pri:0, instance:icivics_testcases.Icivics8_StudentRegistration1Email_Test@4f32a3ad]" started-at="2022-07-05T14:21:51 IST" name="afterMethod" finished-at="2022-07-05T14:21:51 IST" duration-ms="281" status="PASS">
          <reporter-output>
          </reporter-output>
        </test-method> <!-- afterMethod -->
        <test-method is-config="true" signature="beforeMethod()[pri:0, instance:icivics_testcases.Icivics8_StudentRegistration1Email_Test@4f32a3ad]" started-at="2022-07-05T14:21:51 IST" name="beforeMethod" finished-at="2022-07-05T14:21:52 IST" duration-ms="1216" status="PASS">
          <reporter-output>
          </reporter-output>
        </test-method> <!-- beforeMethod -->
        <test-method signature="C385_Verifyvideolink(java.lang.String)[pri:2, instance:icivics_testcases.Icivics8_StudentRegistration1Email_Test@4f32a3ad]" started-at="2022-07-05T14:21:52 IST" name="C385_Verifyvideolink" data-provider="fetchData" finished-at="2022-07-05T14:22:11 IST" duration-ms="19130" status="PASS">
          <params>
            <param index="0">
              <value>
                <![CDATA[https://staging.d9.icivics.org/user/register?role=student&email=1]]>
              </value>
            </param>
          </params>
          <reporter-output>
          </reporter-output>
        </test-method> <!-- C385_Verifyvideolink -->
        <test-method is-config="true" signature="afterMethod()[pri:0, instance:icivics_testcases.Icivics8_StudentRegistration1Email_Test@4f32a3ad]" started-at="2022-07-05T14:22:11 IST" name="afterMethod" finished-at="2022-07-05T14:22:12 IST" duration-ms="548" status="PASS">
          <reporter-output>
          </reporter-output>
        </test-method> <!-- afterMethod -->
        <test-method is-config="true" signature="beforeMethod()[pri:0, instance:icivics_testcases.Icivics8_StudentRegistration1Email_Test@4f32a3ad]" started-at="2022-07-05T14:22:12 IST" name="beforeMethod" finished-at="2022-07-05T14:22:13 IST" duration-ms="1375" status="PASS">
          <reporter-output>
          </reporter-output>
        </test-method> <!-- beforeMethod -->
        <test-method signature="C387_verifytextfields(java.lang.String)[pri:3, instance:icivics_testcases.Icivics8_StudentRegistration1Email_Test@4f32a3ad]" started-at="2022-07-05T14:22:13 IST" name="C387_verifytextfields" data-provider="fetchData" finished-at="2022-07-05T14:22:21 IST" duration-ms="7338" status="PASS">
          <params>
            <param index="0">
              <value>
                <![CDATA[https://staging.d9.icivics.org/user/register?role=student&email=1]]>
              </value>
            </param>
          </params>
          <reporter-output>
          </reporter-output>
        </test-method> <!-- C387_verifytextfields -->
        <test-method is-config="true" signature="afterMethod()[pri:0, instance:icivics_testcases.Icivics8_StudentRegistration1Email_Test@4f32a3ad]" started-at="2022-07-05T14:22:21 IST" name="afterMethod" finished-at="2022-07-05T14:22:22 IST" duration-ms="1242" status="PASS">
          <reporter-output>
          </reporter-output>
        </test-method> <!-- afterMethod -->
        <test-method is-config="true" signature="beforeMethod()[pri:0, instance:icivics_testcases.Icivics8_StudentRegistration1Email_Test@4f32a3ad]" started-at="2022-07-05T14:22:22 IST" name="beforeMethod" finished-at="2022-07-05T14:22:23 IST" duration-ms="1267" status="PASS">
          <reporter-output>
          </reporter-output>
        </test-method> <!-- beforeMethod -->
        <test-method signature="C388_verifyusernamepregenerated(java.lang.String)[pri:4, instance:icivics_testcases.Icivics8_StudentRegistration1Email_Test@4f32a3ad]" started-at="2022-07-05T14:22:23 IST" name="C388_verifyusernamepregenerated" data-provider="fetchData" finished-at="2022-07-05T14:22:33 IST" duration-ms="9974" status="PASS">
          <params>
            <param index="0">
              <value>
                <![CDATA[https://staging.d9.icivics.org/user/register?role=student&email=1]]>
              </value>
            </param>
          </params>
          <reporter-output>
          </reporter-output>
        </test-method> <!-- C388_verifyusernamepregenerated -->
        <test-method is-config="true" signature="afterMethod()[pri:0, instance:icivics_testcases.Icivics8_StudentRegistration1Email_Test@4f32a3ad]" started-at="2022-07-05T14:22:33 IST" name="afterMethod" finished-at="2022-07-05T14:22:33 IST" duration-ms="414" status="PASS">
          <reporter-output>
          </reporter-output>
        </test-method> <!-- afterMethod -->
        <test-method is-config="true" signature="beforeMethod()[pri:0, instance:icivics_testcases.Icivics8_StudentRegistration1Email_Test@4f32a3ad]" started-at="2022-07-05T14:22:34 IST" name="beforeMethod" finished-at="2022-07-05T14:22:35 IST" duration-ms="1129" status="PASS">
          <reporter-output>
          </reporter-output>
        </test-method> <!-- beforeMethod -->
        <test-method signature="C389_verifyusernamepregeneratedrandomly(java.lang.String)[pri:5, instance:icivics_testcases.Icivics8_StudentRegistration1Email_Test@4f32a3ad]" started-at="2022-07-05T14:22:35 IST" name="C389_verifyusernamepregeneratedrandomly" data-provider="fetchData" finished-at="2022-07-05T14:22:51 IST" duration-ms="16003" status="PASS">
          <params>
            <param index="0">
              <value>
                <![CDATA[https://staging.d9.icivics.org/user/register?role=student&email=1]]>
              </value>
            </param>
          </params>
          <reporter-output>
          </reporter-output>
        </test-method> <!-- C389_verifyusernamepregeneratedrandomly -->
        <test-method is-config="true" signature="afterMethod()[pri:0, instance:icivics_testcases.Icivics8_StudentRegistration1Email_Test@4f32a3ad]" started-at="2022-07-05T14:22:51 IST" name="afterMethod" finished-at="2022-07-05T14:22:51 IST" duration-ms="418" status="PASS">
          <reporter-output>
          </reporter-output>
        </test-method> <!-- afterMethod -->
        <test-method is-config="true" signature="beforeMethod()[pri:0, instance:icivics_testcases.Icivics8_StudentRegistration1Email_Test@4f32a3ad]" started-at="2022-07-05T14:22:51 IST" name="beforeMethod" finished-at="2022-07-05T14:22:52 IST" duration-ms="1293" status="PASS">
          <reporter-output>
          </reporter-output>
        </test-method> <!-- beforeMethod -->
        <test-method signature="C390_verifyentertextinallfields(java.lang.String)[pri:6, instance:icivics_testcases.Icivics8_StudentRegistration1Email_Test@4f32a3ad]" started-at="2022-07-05T14:22:52 IST" name="C390_verifyentertextinallfields" data-provider="fetchData" finished-at="2022-07-05T14:23:00 IST" duration-ms="7178" status="PASS">
          <params>
            <param index="0">
              <value>
                <![CDATA[https://staging.d9.icivics.org/user/register?role=student&email=1]]>
              </value>
            </param>
          </params>
          <reporter-output>
          </reporter-output>
        </test-method> <!-- C390_verifyentertextinallfields -->
        <test-method is-config="true" signature="afterMethod()[pri:0, instance:icivics_testcases.Icivics8_StudentRegistration1Email_Test@4f32a3ad]" started-at="2022-07-05T14:23:00 IST" name="afterMethod" finished-at="2022-07-05T14:23:00 IST" duration-ms="478" status="PASS">
          <reporter-output>
          </reporter-output>
        </test-method> <!-- afterMethod -->
        <test-method is-config="true" signature="beforeMethod()[pri:0, instance:icivics_testcases.Icivics8_StudentRegistration1Email_Test@4f32a3ad]" started-at="2022-07-05T14:23:00 IST" name="beforeMethod" finished-at="2022-07-05T14:23:01 IST" duration-ms="1271" status="PASS">
          <reporter-output>
          </reporter-output>
        </test-method> <!-- beforeMethod -->
        <test-method signature="C391_verifyfieldsmarkedwithanasterisk(java.lang.String)[pri:7, instance:icivics_testcases.Icivics8_StudentRegistration1Email_Test@4f32a3ad]" started-at="2022-07-05T14:23:01 IST" name="C391_verifyfieldsmarkedwithanasterisk" data-provider="fetchData" finished-at="2022-07-05T14:23:06 IST" duration-ms="5032" status="PASS">
          <params>
            <param index="0">
              <value>
                <![CDATA[https://staging.d9.icivics.org/user/register?role=student&email=1]]>
              </value>
            </param>
          </params>
          <reporter-output>
          </reporter-output>
        </test-method> <!-- C391_verifyfieldsmarkedwithanasterisk -->
        <test-method is-config="true" signature="afterMethod()[pri:0, instance:icivics_testcases.Icivics8_StudentRegistration1Email_Test@4f32a3ad]" started-at="2022-07-05T14:23:06 IST" name="afterMethod" finished-at="2022-07-05T14:23:07 IST" duration-ms="283" status="PASS">
          <reporter-output>
          </reporter-output>
        </test-method> <!-- afterMethod -->
        <test-method is-config="true" signature="beforeMethod()[pri:0, instance:icivics_testcases.Icivics8_StudentRegistration1Email_Test@4f32a3ad]" started-at="2022-07-05T14:23:07 IST" name="beforeMethod" finished-at="2022-07-05T14:23:08 IST" duration-ms="1282" status="PASS">
          <reporter-output>
          </reporter-output>
        </test-method> <!-- beforeMethod -->
        <test-method signature="C392_verifyemailtooltips(java.lang.String)[pri:8, instance:icivics_testcases.Icivics8_StudentRegistration1Email_Test@4f32a3ad]" started-at="2022-07-05T14:23:08 IST" name="C392_verifyemailtooltips" data-provider="fetchData" finished-at="2022-07-05T14:23:13 IST" duration-ms="5186" status="PASS">
          <params>
            <param index="0">
              <value>
                <![CDATA[https://staging.d9.icivics.org/user/register?role=student&email=1]]>
              </value>
            </param>
          </params>
          <reporter-output>
          </reporter-output>
        </test-method> <!-- C392_verifyemailtooltips -->
        <test-method is-config="true" signature="afterMethod()[pri:0, instance:icivics_testcases.Icivics8_StudentRegistration1Email_Test@4f32a3ad]" started-at="2022-07-05T14:23:13 IST" name="afterMethod" finished-at="2022-07-05T14:23:14 IST" duration-ms="337" status="PASS">
          <reporter-output>
          </reporter-output>
        </test-method> <!-- afterMethod -->
        <test-method is-config="true" signature="beforeMethod()[pri:0, instance:icivics_testcases.Icivics8_StudentRegistration1Email_Test@4f32a3ad]" started-at="2022-07-05T14:23:14 IST" name="beforeMethod" finished-at="2022-07-05T14:23:15 IST" duration-ms="1155" status="PASS">
          <reporter-output>
          </reporter-output>
        </test-method> <!-- beforeMethod -->
        <test-method signature="C393_verifyemailerrormsg(java.lang.String)[pri:9, instance:icivics_testcases.Icivics8_StudentRegistration1Email_Test@4f32a3ad]" started-at="2022-07-05T14:23:15 IST" name="C393_verifyemailerrormsg" data-provider="fetchData" finished-at="2022-07-05T14:23:27 IST" duration-ms="12208" status="PASS">
          <params>
            <param index="0">
              <value>
                <![CDATA[https://staging.d9.icivics.org/user/register?role=student&email=1]]>
              </value>
            </param>
          </params>
          <reporter-output>
          </reporter-output>
        </test-method> <!-- C393_verifyemailerrormsg -->
        <test-method is-config="true" signature="afterMethod()[pri:0, instance:icivics_testcases.Icivics8_StudentRegistration1Email_Test@4f32a3ad]" started-at="2022-07-05T14:23:27 IST" name="afterMethod" finished-at="2022-07-05T14:23:27 IST" duration-ms="346" status="PASS">
          <reporter-output>
          </reporter-output>
        </test-method> <!-- afterMethod -->
        <test-method is-config="true" signature="beforeMethod()[pri:0, instance:icivics_testcases.Icivics8_StudentRegistration1Email_Test@4f32a3ad]" started-at="2022-07-05T14:23:27 IST" name="beforeMethod" finished-at="2022-07-05T14:23:29 IST" duration-ms="1271" status="PASS">
          <reporter-output>
          </reporter-output>
        </test-method> <!-- beforeMethod -->
        <test-method signature="C394_verifyblankerrormsg(java.lang.String)[pri:10, instance:icivics_testcases.Icivics8_StudentRegistration1Email_Test@4f32a3ad]" started-at="2022-07-05T14:23:29 IST" name="C394_verifyblankerrormsg" data-provider="fetchData" finished-at="2022-07-05T14:24:10 IST" duration-ms="41141" status="PASS">
          <params>
            <param index="0">
              <value>
                <![CDATA[https://staging.d9.icivics.org/user/register?role=student&email=1]]>
              </value>
            </param>
          </params>
          <reporter-output>
          </reporter-output>
        </test-method> <!-- C394_verifyblankerrormsg -->
        <test-method is-config="true" signature="afterMethod()[pri:0, instance:icivics_testcases.Icivics8_StudentRegistration1Email_Test@4f32a3ad]" started-at="2022-07-05T14:24:10 IST" name="afterMethod" finished-at="2022-07-05T14:24:10 IST" duration-ms="290" status="PASS">
          <reporter-output>
          </reporter-output>
        </test-method> <!-- afterMethod -->
        <test-method is-config="true" signature="beforeMethod()[pri:0, instance:icivics_testcases.Icivics8_StudentRegistration1Email_Test@4f32a3ad]" started-at="2022-07-05T14:24:10 IST" name="beforeMethod" finished-at="2022-07-05T14:24:11 IST" duration-ms="1158" status="PASS">
          <reporter-output>
          </reporter-output>
        </test-method> <!-- beforeMethod -->
        <test-method signature="C396_verifyvalidregistration(java.lang.String)[pri:11, instance:icivics_testcases.Icivics8_StudentRegistration1Email_Test@4f32a3ad]" started-at="2022-07-05T14:24:11 IST" name="C396_verifyvalidregistration" data-provider="fetchData" finished-at="2022-07-05T14:24:28 IST" duration-ms="16572" status="PASS">
          <params>
            <param index="0">
              <value>
                <![CDATA[https://staging.d9.icivics.org/user/register?role=student&email=1]]>
              </value>
            </param>
          </params>
          <reporter-output>
          </reporter-output>
        </test-method> <!-- C396_verifyvalidregistration -->
        <test-method is-config="true" signature="afterMethod()[pri:0, instance:icivics_testcases.Icivics8_StudentRegistration1Email_Test@4f32a3ad]" started-at="2022-07-05T14:24:28 IST" name="afterMethod" finished-at="2022-07-05T14:24:28 IST" duration-ms="277" status="PASS">
          <reporter-output>
          </reporter-output>
        </test-method> <!-- afterMethod -->
        <test-method is-config="true" signature="beforeMethod()[pri:0, instance:icivics_testcases.Icivics8_StudentRegistration1Email_Test@4f32a3ad]" started-at="2022-07-05T14:24:28 IST" name="beforeMethod" finished-at="2022-07-05T14:24:29 IST" duration-ms="1057" status="PASS">
          <reporter-output>
          </reporter-output>
        </test-method> <!-- beforeMethod -->
        <test-method signature="C397_Verifyclasscodelink(java.lang.String)[pri:12, instance:icivics_testcases.Icivics8_StudentRegistration1Email_Test@4f32a3ad]" started-at="2022-07-05T14:24:29 IST" name="C397_Verifyclasscodelink" data-provider="fetchData" finished-at="2022-07-05T14:24:38 IST" duration-ms="8892" status="PASS">
          <params>
            <param index="0">
              <value>
                <![CDATA[https://staging.d9.icivics.org/user/register?role=student&email=1]]>
              </value>
            </param>
          </params>
          <reporter-output>
          </reporter-output>
        </test-method> <!-- C397_Verifyclasscodelink -->
        <test-method is-config="true" signature="afterMethod()[pri:0, instance:icivics_testcases.Icivics8_StudentRegistration1Email_Test@4f32a3ad]" started-at="2022-07-05T14:24:38 IST" name="afterMethod" finished-at="2022-07-05T14:24:38 IST" duration-ms="435" status="PASS">
          <reporter-output>
          </reporter-output>
        </test-method> <!-- afterMethod -->
        <test-method is-config="true" signature="tearDownClass()[pri:0, instance:icivics_testcases.Icivics8_StudentRegistration1Email_Test@4f32a3ad]" started-at="2022-07-05T14:24:38 IST" name="tearDownClass" finished-at="2022-07-05T14:24:38 IST" duration-ms="1" status="PASS">
          <reporter-output>
          </reporter-output>
        </test-method> <!-- tearDownClass -->
      </class> <!-- icivics_testcases.Icivics8_StudentRegistration1Email_Test -->
      <class name="icivics_testcases.Icivics10_StudentRegistration2Email_Test">
        <test-method is-config="true" signature="setValues()[pri:0, instance:icivics_testcases.Icivics10_StudentRegistration2Email_Test@4d1bf319]" started-at="2022-07-05T13:48:20 IST" name="setValues" finished-at="2022-07-05T13:48:20 IST" duration-ms="0" status="PASS">
          <reporter-output>
          </reporter-output>
        </test-method> <!-- setValues -->
        <test-method is-config="true" signature="setUpClass()[pri:0, instance:icivics_testcases.Icivics10_StudentRegistration2Email_Test@4d1bf319]" started-at="2022-07-05T14:29:03 IST" name="setUpClass" finished-at="2022-07-05T14:29:03 IST" duration-ms="1" status="PASS">
          <reporter-output>
          </reporter-output>
        </test-method> <!-- setUpClass -->
        <test-method is-config="true" signature="report()[pri:0, instance:icivics_testcases.Icivics10_StudentRegistration2Email_Test@4d1bf319]" started-at="2022-07-05T14:29:03 IST" name="report" finished-at="2022-07-05T14:29:03 IST" duration-ms="0" status="PASS">
          <reporter-output>
          </reporter-output>
        </test-method> <!-- report -->
        <test-method is-config="true" signature="beforeMethod()[pri:0, instance:icivics_testcases.Icivics10_StudentRegistration2Email_Test@4d1bf319]" started-at="2022-07-05T14:29:03 IST" name="beforeMethod" finished-at="2022-07-05T14:29:04 IST" duration-ms="1041" status="PASS">
          <reporter-output>
          </reporter-output>
        </test-method> <!-- beforeMethod -->
        <test-method signature="C398_verifypagecount2(java.lang.String)[pri:0, instance:icivics_testcases.Icivics10_StudentRegistration2Email_Test@4d1bf319]" started-at="2022-07-05T14:29:04 IST" name="C398_verifypagecount2" data-provider="fetchData" finished-at="2022-07-05T14:29:12 IST" duration-ms="7594" status="PASS">
          <params>
            <param index="0">
              <value>
                <![CDATA[https://staging.d9.icivics.org/user/register?role=student&email=1]]>
              </value>
            </param>
          </params>
          <reporter-output>
          </reporter-output>
        </test-method> <!-- C398_verifypagecount2 -->
        <test-method is-config="true" signature="afterMethod()[pri:0, instance:icivics_testcases.Icivics10_StudentRegistration2Email_Test@4d1bf319]" started-at="2022-07-05T14:29:12 IST" name="afterMethod" finished-at="2022-07-05T14:29:12 IST" duration-ms="261" status="PASS">
          <reporter-output>
          </reporter-output>
        </test-method> <!-- afterMethod -->
        <test-method is-config="true" signature="beforeMethod()[pri:0, instance:icivics_testcases.Icivics10_StudentRegistration2Email_Test@4d1bf319]" started-at="2022-07-05T14:29:12 IST" name="beforeMethod" finished-at="2022-07-05T14:29:13 IST" duration-ms="1120" status="PASS">
          <reporter-output>
          </reporter-output>
        </test-method> <!-- beforeMethod -->
        <test-method signature="C399_Clickbackbutton(java.lang.String)[pri:1, instance:icivics_testcases.Icivics10_StudentRegistration2Email_Test@4d1bf319]" started-at="2022-07-05T14:29:13 IST" name="C399_Clickbackbutton" data-provider="fetchData" finished-at="2022-07-05T14:29:26 IST" duration-ms="12930" status="PASS">
          <params>
            <param index="0">
              <value>
                <![CDATA[https://staging.d9.icivics.org/user/register?role=student&email=1]]>
              </value>
            </param>
          </params>
          <reporter-output>
          </reporter-output>
        </test-method> <!-- C399_Clickbackbutton -->
        <test-method is-config="true" signature="afterMethod()[pri:0, instance:icivics_testcases.Icivics10_StudentRegistration2Email_Test@4d1bf319]" started-at="2022-07-05T14:29:26 IST" name="afterMethod" finished-at="2022-07-05T14:29:27 IST" duration-ms="272" status="PASS">
          <reporter-output>
          </reporter-output>
        </test-method> <!-- afterMethod -->
        <test-method is-config="true" signature="beforeMethod()[pri:0, instance:icivics_testcases.Icivics10_StudentRegistration2Email_Test@4d1bf319]" started-at="2022-07-05T14:29:27 IST" name="beforeMethod" finished-at="2022-07-05T14:29:28 IST" duration-ms="1140" status="PASS">
          <reporter-output>
          </reporter-output>
        </test-method> <!-- beforeMethod -->
        <test-method signature="C400_verifyfieldsisremembered(java.lang.String)[pri:2, instance:icivics_testcases.Icivics10_StudentRegistration2Email_Test@4d1bf319]" started-at="2022-07-05T14:29:28 IST" name="C400_verifyfieldsisremembered" data-provider="fetchData" finished-at="2022-07-05T14:29:38 IST" duration-ms="10032" status="PASS">
          <params>
            <param index="0">
              <value>
                <![CDATA[https://staging.d9.icivics.org/user/register?role=student&email=1]]>
              </value>
            </param>
          </params>
          <reporter-output>
          </reporter-output>
        </test-method> <!-- C400_verifyfieldsisremembered -->
        <test-method is-config="true" signature="afterMethod()[pri:0, instance:icivics_testcases.Icivics10_StudentRegistration2Email_Test@4d1bf319]" started-at="2022-07-05T14:29:38 IST" name="afterMethod" finished-at="2022-07-05T14:29:38 IST" duration-ms="233" status="PASS">
          <reporter-output>
          </reporter-output>
        </test-method> <!-- afterMethod -->
        <test-method is-config="true" signature="beforeMethod()[pri:0, instance:icivics_testcases.Icivics10_StudentRegistration2Email_Test@4d1bf319]" started-at="2022-07-05T14:29:38 IST" name="beforeMethod" finished-at="2022-07-05T14:29:39 IST" duration-ms="967" status="PASS">
          <reporter-output>
          </reporter-output>
        </test-method> <!-- beforeMethod -->
        <test-method signature="C403_clickontermsofuselink(java.lang.String)[pri:3, instance:icivics_testcases.Icivics10_StudentRegistration2Email_Test@4d1bf319]" started-at="2022-07-05T14:29:39 IST" name="C403_clickontermsofuselink" data-provider="fetchData" finished-at="2022-07-05T14:30:19 IST" duration-ms="39787" status="PASS">
          <params>
            <param index="0">
              <value>
                <![CDATA[https://staging.d9.icivics.org/user/register?role=student&email=1]]>
              </value>
            </param>
          </params>
          <reporter-output>
          </reporter-output>
        </test-method> <!-- C403_clickontermsofuselink -->
        <test-method is-config="true" signature="afterMethod()[pri:0, instance:icivics_testcases.Icivics10_StudentRegistration2Email_Test@4d1bf319]" started-at="2022-07-05T14:30:19 IST" name="afterMethod" finished-at="2022-07-05T14:30:19 IST" duration-ms="302" status="PASS">
          <reporter-output>
          </reporter-output>
        </test-method> <!-- afterMethod -->
        <test-method is-config="true" signature="beforeMethod()[pri:0, instance:icivics_testcases.Icivics10_StudentRegistration2Email_Test@4d1bf319]" started-at="2022-07-05T14:30:19 IST" name="beforeMethod" finished-at="2022-07-05T14:30:20 IST" duration-ms="1102" status="PASS">
          <reporter-output>
          </reporter-output>
        </test-method> <!-- beforeMethod -->
        <test-method signature="C404_clickprivacypolicy(java.lang.String)[pri:4, instance:icivics_testcases.Icivics10_StudentRegistration2Email_Test@4d1bf319]" started-at="2022-07-05T14:30:20 IST" name="C404_clickprivacypolicy" data-provider="fetchData" finished-at="2022-07-05T14:30:53 IST" duration-ms="32834" status="PASS">
          <params>
            <param index="0">
              <value>
                <![CDATA[https://staging.d9.icivics.org/user/register?role=student&email=1]]>
              </value>
            </param>
          </params>
          <reporter-output>
          </reporter-output>
        </test-method> <!-- C404_clickprivacypolicy -->
        <test-method is-config="true" signature="afterMethod()[pri:0, instance:icivics_testcases.Icivics10_StudentRegistration2Email_Test@4d1bf319]" started-at="2022-07-05T14:30:53 IST" name="afterMethod" finished-at="2022-07-05T14:30:53 IST" duration-ms="422" status="PASS">
          <reporter-output>
          </reporter-output>
        </test-method> <!-- afterMethod -->
        <test-method is-config="true" signature="beforeMethod()[pri:0, instance:icivics_testcases.Icivics10_StudentRegistration2Email_Test@4d1bf319]" started-at="2022-07-05T14:30:53 IST" name="beforeMethod" finished-at="2022-07-05T14:30:54 IST" duration-ms="1045" status="PASS">
          <reporter-output>
          </reporter-output>
        </test-method> <!-- beforeMethod -->
        <test-method signature="C405_verifypage2SignUpforEmailsfield(java.lang.String)[pri:5, instance:icivics_testcases.Icivics10_StudentRegistration2Email_Test@4d1bf319]" started-at="2022-07-05T14:30:54 IST" name="C405_verifypage2SignUpforEmailsfield" data-provider="fetchData" finished-at="2022-07-05T14:31:03 IST" duration-ms="8141" status="PASS">
          <params>
            <param index="0">
              <value>
                <![CDATA[https://staging.d9.icivics.org/user/register?role=student&email=1]]>
              </value>
            </param>
          </params>
          <reporter-output>
          </reporter-output>
        </test-method> <!-- C405_verifypage2SignUpforEmailsfield -->
        <test-method is-config="true" signature="afterMethod()[pri:0, instance:icivics_testcases.Icivics10_StudentRegistration2Email_Test@4d1bf319]" started-at="2022-07-05T14:31:03 IST" name="afterMethod" finished-at="2022-07-05T14:31:03 IST" duration-ms="321" status="PASS">
          <reporter-output>
          </reporter-output>
        </test-method> <!-- afterMethod -->
        <test-method is-config="true" signature="beforeMethod()[pri:0, instance:icivics_testcases.Icivics10_StudentRegistration2Email_Test@4d1bf319]" started-at="2022-07-05T14:31:03 IST" name="beforeMethod" finished-at="2022-07-05T14:31:04 IST" duration-ms="1089" status="PASS">
          <reporter-output>
          </reporter-output>
        </test-method> <!-- beforeMethod -->
        <test-method signature="C408_hoveronpwdfield(java.lang.String)[pri:6, instance:icivics_testcases.Icivics10_StudentRegistration2Email_Test@4d1bf319]" started-at="2022-07-05T14:31:04 IST" name="C408_hoveronpwdfield" data-provider="fetchData" finished-at="2022-07-05T14:31:12 IST" duration-ms="7585" status="PASS">
          <params>
            <param index="0">
              <value>
                <![CDATA[https://staging.d9.icivics.org/user/register?role=student&email=1]]>
              </value>
            </param>
          </params>
          <reporter-output>
          </reporter-output>
        </test-method> <!-- C408_hoveronpwdfield -->
        <test-method is-config="true" signature="afterMethod()[pri:0, instance:icivics_testcases.Icivics10_StudentRegistration2Email_Test@4d1bf319]" started-at="2022-07-05T14:31:12 IST" name="afterMethod" finished-at="2022-07-05T14:31:12 IST" duration-ms="397" status="PASS">
          <reporter-output>
          </reporter-output>
        </test-method> <!-- afterMethod -->
        <test-method is-config="true" signature="beforeMethod()[pri:0, instance:icivics_testcases.Icivics10_StudentRegistration2Email_Test@4d1bf319]" started-at="2022-07-05T14:31:12 IST" name="beforeMethod" finished-at="2022-07-05T14:31:13 IST" duration-ms="1146" status="PASS">
          <reporter-output>
          </reporter-output>
        </test-method> <!-- beforeMethod -->
        <test-method signature="C409_VerifyPasswordstrengthmeter(java.lang.String)[pri:7, instance:icivics_testcases.Icivics10_StudentRegistration2Email_Test@4d1bf319]" started-at="2022-07-05T14:31:13 IST" name="C409_VerifyPasswordstrengthmeter" data-provider="fetchData" finished-at="2022-07-05T14:31:24 IST" duration-ms="11131" status="PASS">
          <params>
            <param index="0">
              <value>
                <![CDATA[https://staging.d9.icivics.org/user/register?role=student&email=1]]>
              </value>
            </param>
          </params>
          <reporter-output>
          </reporter-output>
        </test-method> <!-- C409_VerifyPasswordstrengthmeter -->
        <test-method is-config="true" signature="afterMethod()[pri:0, instance:icivics_testcases.Icivics10_StudentRegistration2Email_Test@4d1bf319]" started-at="2022-07-05T14:31:24 IST" name="afterMethod" finished-at="2022-07-05T14:31:25 IST" duration-ms="1038" status="PASS">
          <reporter-output>
          </reporter-output>
        </test-method> <!-- afterMethod -->
        <test-method is-config="true" signature="beforeMethod()[pri:0, instance:icivics_testcases.Icivics10_StudentRegistration2Email_Test@4d1bf319]" started-at="2022-07-05T14:31:26 IST" name="beforeMethod" finished-at="2022-07-05T14:31:27 IST" duration-ms="1162" status="PASS">
          <reporter-output>
          </reporter-output>
        </test-method> <!-- beforeMethod -->
        <test-method signature="C410_VerifyPasswordindicatormatch(java.lang.String)[pri:8, instance:icivics_testcases.Icivics10_StudentRegistration2Email_Test@4d1bf319]" started-at="2022-07-05T14:31:27 IST" name="C410_VerifyPasswordindicatormatch" data-provider="fetchData" finished-at="2022-07-05T14:31:35 IST" duration-ms="8215" status="PASS">
          <params>
            <param index="0">
              <value>
                <![CDATA[https://staging.d9.icivics.org/user/register?role=student&email=1]]>
              </value>
            </param>
          </params>
          <reporter-output>
          </reporter-output>
        </test-method> <!-- C410_VerifyPasswordindicatormatch -->
        <test-method is-config="true" signature="afterMethod()[pri:0, instance:icivics_testcases.Icivics10_StudentRegistration2Email_Test@4d1bf319]" started-at="2022-07-05T14:31:35 IST" name="afterMethod" finished-at="2022-07-05T14:31:36 IST" duration-ms="1149" status="PASS">
          <reporter-output>
          </reporter-output>
        </test-method> <!-- afterMethod -->
        <test-method is-config="true" signature="beforeMethod()[pri:0, instance:icivics_testcases.Icivics10_StudentRegistration2Email_Test@4d1bf319]" started-at="2022-07-05T14:31:36 IST" name="beforeMethod" finished-at="2022-07-05T14:31:37 IST" duration-ms="1040" status="PASS">
          <reporter-output>
          </reporter-output>
        </test-method> <!-- beforeMethod -->
        <test-method signature="C412_verifyenterinvaliddata(java.lang.String)[pri:9, instance:icivics_testcases.Icivics10_StudentRegistration2Email_Test@4d1bf319]" started-at="2022-07-05T14:31:37 IST" name="C412_verifyenterinvaliddata" data-provider="fetchData" finished-at="2022-07-05T14:31:49 IST" duration-ms="11880" status="PASS">
          <params>
            <param index="0">
              <value>
                <![CDATA[https://staging.d9.icivics.org/user/register?role=student&email=1]]>
              </value>
            </param>
          </params>
          <reporter-output>
          </reporter-output>
        </test-method> <!-- C412_verifyenterinvaliddata -->
        <test-method is-config="true" signature="afterMethod()[pri:0, instance:icivics_testcases.Icivics10_StudentRegistration2Email_Test@4d1bf319]" started-at="2022-07-05T14:31:49 IST" name="afterMethod" finished-at="2022-07-05T14:31:49 IST" duration-ms="431" status="PASS">
          <reporter-output>
          </reporter-output>
        </test-method> <!-- afterMethod -->
        <test-method is-config="true" signature="beforeMethod()[pri:0, instance:icivics_testcases.Icivics10_StudentRegistration2Email_Test@4d1bf319]" started-at="2022-07-05T14:31:49 IST" name="beforeMethod" finished-at="2022-07-05T14:31:51 IST" duration-ms="1091" status="PASS">
          <reporter-output>
          </reporter-output>
        </test-method> <!-- beforeMethod -->
        <test-method signature="C412_verifytermsofuseandprivacycheckbox(java.lang.String)[pri:10, instance:icivics_testcases.Icivics10_StudentRegistration2Email_Test@4d1bf319]" started-at="2022-07-05T14:31:51 IST" name="C412_verifytermsofuseandprivacycheckbox" data-provider="fetchData" finished-at="2022-07-05T14:32:02 IST" duration-ms="11101" status="PASS">
          <params>
            <param index="0">
              <value>
                <![CDATA[https://staging.d9.icivics.org/user/register?role=student&email=1]]>
              </value>
            </param>
          </params>
          <reporter-output>
          </reporter-output>
        </test-method> <!-- C412_verifytermsofuseandprivacycheckbox -->
        <test-method is-config="true" signature="afterMethod()[pri:0, instance:icivics_testcases.Icivics10_StudentRegistration2Email_Test@4d1bf319]" started-at="2022-07-05T14:32:02 IST" name="afterMethod" finished-at="2022-07-05T14:32:02 IST" duration-ms="345" status="PASS">
          <reporter-output>
          </reporter-output>
        </test-method> <!-- afterMethod -->
        <test-method is-config="true" signature="beforeMethod()[pri:0, instance:icivics_testcases.Icivics10_StudentRegistration2Email_Test@4d1bf319]" started-at="2022-07-05T14:32:02 IST" name="beforeMethod" finished-at="2022-07-05T14:32:03 IST" duration-ms="1060" status="PASS">
          <reporter-output>
          </reporter-output>
        </test-method> <!-- beforeMethod -->
        <test-method signature="C413_verifyblankerrormsg(java.lang.String)[pri:11, instance:icivics_testcases.Icivics10_StudentRegistration2Email_Test@4d1bf319]" started-at="2022-07-05T14:32:03 IST" name="C413_verifyblankerrormsg" data-provider="fetchData" finished-at="2022-07-05T14:32:18 IST" duration-ms="15044" status="PASS">
          <params>
            <param index="0">
              <value>
                <![CDATA[https://staging.d9.icivics.org/user/register?role=student&email=1]]>
              </value>
            </param>
          </params>
          <reporter-output>
          </reporter-output>
        </test-method> <!-- C413_verifyblankerrormsg -->
        <test-method is-config="true" signature="afterMethod()[pri:0, instance:icivics_testcases.Icivics10_StudentRegistration2Email_Test@4d1bf319]" started-at="2022-07-05T14:32:18 IST" name="afterMethod" finished-at="2022-07-05T14:32:19 IST" duration-ms="388" status="PASS">
          <reporter-output>
          </reporter-output>
        </test-method> <!-- afterMethod -->
        <test-method is-config="true" signature="beforeMethod()[pri:0, instance:icivics_testcases.Icivics10_StudentRegistration2Email_Test@4d1bf319]" started-at="2022-07-05T14:32:19 IST" name="beforeMethod" finished-at="2022-07-05T14:32:20 IST" duration-ms="1068" status="PASS">
          <reporter-output>
          </reporter-output>
        </test-method> <!-- beforeMethod -->
        <test-method signature="C414_verifypage3loaded(java.lang.String)[pri:12, instance:icivics_testcases.Icivics10_StudentRegistration2Email_Test@4d1bf319]" started-at="2022-07-05T14:32:20 IST" name="C414_verifypage3loaded" data-provider="fetchData" finished-at="2022-07-05T14:32:36 IST" duration-ms="16396" status="PASS">
          <params>
            <param index="0">
              <value>
                <![CDATA[https://staging.d9.icivics.org/user/register?role=student&email=1]]>
              </value>
            </param>
          </params>
          <reporter-output>
          </reporter-output>
        </test-method> <!-- C414_verifypage3loaded -->
        <test-method is-config="true" signature="afterMethod()[pri:0, instance:icivics_testcases.Icivics10_StudentRegistration2Email_Test@4d1bf319]" started-at="2022-07-05T14:32:36 IST" name="afterMethod" finished-at="2022-07-05T14:32:36 IST" duration-ms="375" status="PASS">
          <reporter-output>
          </reporter-output>
        </test-method> <!-- afterMethod -->
        <test-method is-config="true" signature="tearDownClass()[pri:0, instance:icivics_testcases.Icivics10_StudentRegistration2Email_Test@4d1bf319]" started-at="2022-07-05T14:32:36 IST" name="tearDownClass" finished-at="2022-07-05T14:32:36 IST" duration-ms="1" status="PASS">
          <reporter-output>
          </reporter-output>
        </test-method> <!-- tearDownClass -->
      </class> <!-- icivics_testcases.Icivics10_StudentRegistration2Email_Test -->
      <class name="icivics_testcases.Icivics12_StudentRegistration3Email_Test">
        <test-method is-config="true" signature="setValues()[pri:0, instance:icivics_testcases.Icivics12_StudentRegistration3Email_Test@5c80cf32]" started-at="2022-07-05T13:48:20 IST" name="setValues" finished-at="2022-07-05T13:48:20 IST" duration-ms="0" status="PASS">
          <reporter-output>
          </reporter-output>
        </test-method> <!-- setValues -->
        <test-method is-config="true" signature="setUpClass()[pri:0, instance:icivics_testcases.Icivics12_StudentRegistration3Email_Test@5c80cf32]" started-at="2022-07-05T14:35:55 IST" name="setUpClass" finished-at="2022-07-05T14:35:55 IST" duration-ms="0" status="PASS">
          <reporter-output>
          </reporter-output>
        </test-method> <!-- setUpClass -->
        <test-method is-config="true" signature="report()[pri:0, instance:icivics_testcases.Icivics12_StudentRegistration3Email_Test@5c80cf32]" started-at="2022-07-05T14:35:55 IST" name="report" finished-at="2022-07-05T14:35:55 IST" duration-ms="1" status="PASS">
          <reporter-output>
          </reporter-output>
        </test-method> <!-- report -->
        <test-method is-config="true" signature="beforeMethod()[pri:0, instance:icivics_testcases.Icivics12_StudentRegistration3Email_Test@5c80cf32]" started-at="2022-07-05T14:35:55 IST" name="beforeMethod" finished-at="2022-07-05T14:35:56 IST" duration-ms="1195" status="PASS">
          <reporter-output>
          </reporter-output>
        </test-method> <!-- beforeMethod -->
        <test-method signature="C372_verifypagecount3(java.lang.String)[pri:0, instance:icivics_testcases.Icivics12_StudentRegistration3Email_Test@5c80cf32]" started-at="2022-07-05T14:35:56 IST" name="C372_verifypagecount3" data-provider="fetchData" finished-at="2022-07-05T14:36:12 IST" duration-ms="15859" status="PASS">
          <params>
            <param index="0">
              <value>
                <![CDATA[https://staging.d9.icivics.org/user/register?role=student&email=1]]>
              </value>
            </param>
          </params>
          <reporter-output>
          </reporter-output>
        </test-method> <!-- C372_verifypagecount3 -->
        <test-method is-config="true" signature="afterMethod()[pri:0, instance:icivics_testcases.Icivics12_StudentRegistration3Email_Test@5c80cf32]" started-at="2022-07-05T14:36:12 IST" name="afterMethod" finished-at="2022-07-05T14:36:12 IST" duration-ms="372" status="PASS">
          <reporter-output>
          </reporter-output>
        </test-method> <!-- afterMethod -->
        <test-method is-config="true" signature="beforeMethod()[pri:0, instance:icivics_testcases.Icivics12_StudentRegistration3Email_Test@5c80cf32]" started-at="2022-07-05T14:36:12 IST" name="beforeMethod" finished-at="2022-07-05T14:36:13 IST" duration-ms="1068" status="PASS">
          <reporter-output>
          </reporter-output>
        </test-method> <!-- beforeMethod -->
        <test-method signature="C373_verifycheckmsgdisplay(java.lang.String)[pri:1, instance:icivics_testcases.Icivics12_StudentRegistration3Email_Test@5c80cf32]" started-at="2022-07-05T14:36:13 IST" name="C373_verifycheckmsgdisplay" data-provider="fetchData" finished-at="2022-07-05T14:36:29 IST" duration-ms="15612" status="PASS">
          <params>
            <param index="0">
              <value>
                <![CDATA[https://staging.d9.icivics.org/user/register?role=student&email=1]]>
              </value>
            </param>
          </params>
          <reporter-output>
          </reporter-output>
        </test-method> <!-- C373_verifycheckmsgdisplay -->
        <test-method is-config="true" signature="afterMethod()[pri:0, instance:icivics_testcases.Icivics12_StudentRegistration3Email_Test@5c80cf32]" started-at="2022-07-05T14:36:29 IST" name="afterMethod" finished-at="2022-07-05T14:36:29 IST" duration-ms="369" status="PASS">
          <reporter-output>
          </reporter-output>
        </test-method> <!-- afterMethod -->
        <test-method is-config="true" signature="beforeMethod()[pri:0, instance:icivics_testcases.Icivics12_StudentRegistration3Email_Test@5c80cf32]" started-at="2022-07-05T14:36:30 IST" name="beforeMethod" finished-at="2022-07-05T14:36:31 IST" duration-ms="1032" status="PASS">
          <reporter-output>
          </reporter-output>
        </test-method> <!-- beforeMethod -->
        <test-method signature="C374_verifycheckmsgdisplay(java.lang.String)[pri:2, instance:icivics_testcases.Icivics12_StudentRegistration3Email_Test@5c80cf32]" started-at="2022-07-05T14:36:31 IST" name="C374_verifycheckmsgdisplay" data-provider="fetchData" finished-at="2022-07-05T14:36:46 IST" duration-ms="15941" status="PASS">
          <params>
            <param index="0">
              <value>
                <![CDATA[https://staging.d9.icivics.org/user/register?role=student&email=1]]>
              </value>
            </param>
          </params>
          <reporter-output>
          </reporter-output>
        </test-method> <!-- C374_verifycheckmsgdisplay -->
        <test-method is-config="true" signature="afterMethod()[pri:0, instance:icivics_testcases.Icivics12_StudentRegistration3Email_Test@5c80cf32]" started-at="2022-07-05T14:36:46 IST" name="afterMethod" finished-at="2022-07-05T14:36:47 IST" duration-ms="360" status="PASS">
          <reporter-output>
          </reporter-output>
        </test-method> <!-- afterMethod -->
        <test-method is-config="true" signature="beforeMethod()[pri:0, instance:icivics_testcases.Icivics12_StudentRegistration3Email_Test@5c80cf32]" started-at="2022-07-05T14:36:47 IST" name="beforeMethod" finished-at="2022-07-05T14:36:48 IST" duration-ms="1057" status="PASS">
          <reporter-output>
          </reporter-output>
        </test-method> <!-- beforeMethod -->
        <test-method signature="C375_verifyregisteredemaildisplay(java.lang.String)[pri:2, instance:icivics_testcases.Icivics12_StudentRegistration3Email_Test@5c80cf32]" started-at="2022-07-05T14:36:48 IST" name="C375_verifyregisteredemaildisplay" data-provider="fetchData" finished-at="2022-07-05T14:37:04 IST" duration-ms="15790" status="PASS">
          <params>
            <param index="0">
              <value>
                <![CDATA[https://staging.d9.icivics.org/user/register?role=student&email=1]]>
              </value>
            </param>
          </params>
          <reporter-output>
          </reporter-output>
        </test-method> <!-- C375_verifyregisteredemaildisplay -->
        <test-method is-config="true" signature="afterMethod()[pri:0, instance:icivics_testcases.Icivics12_StudentRegistration3Email_Test@5c80cf32]" started-at="2022-07-05T14:37:04 IST" name="afterMethod" finished-at="2022-07-05T14:37:04 IST" duration-ms="377" status="PASS">
          <reporter-output>
          </reporter-output>
        </test-method> <!-- afterMethod -->
        <test-method is-config="true" signature="beforeMethod()[pri:0, instance:icivics_testcases.Icivics12_StudentRegistration3Email_Test@5c80cf32]" started-at="2022-07-05T14:37:04 IST" name="beforeMethod" finished-at="2022-07-05T14:37:05 IST" duration-ms="1182" status="PASS">
          <reporter-output>
          </reporter-output>
        </test-method> <!-- beforeMethod -->
        <test-method signature="C376_verifyresendbutton(java.lang.String)[pri:2, instance:icivics_testcases.Icivics12_StudentRegistration3Email_Test@5c80cf32]" started-at="2022-07-05T14:37:05 IST" name="C376_verifyresendbutton" data-provider="fetchData" finished-at="2022-07-05T14:37:26 IST" duration-ms="20973" status="PASS">
          <params>
            <param index="0">
              <value>
                <![CDATA[https://staging.d9.icivics.org/user/register?role=student&email=1]]>
              </value>
            </param>
          </params>
          <reporter-output>
          </reporter-output>
        </test-method> <!-- C376_verifyresendbutton -->
        <test-method is-config="true" signature="afterMethod()[pri:0, instance:icivics_testcases.Icivics12_StudentRegistration3Email_Test@5c80cf32]" started-at="2022-07-05T14:37:26 IST" name="afterMethod" finished-at="2022-07-05T14:37:27 IST" duration-ms="395" status="PASS">
          <reporter-output>
          </reporter-output>
        </test-method> <!-- afterMethod -->
        <test-method is-config="true" signature="beforeMethod()[pri:0, instance:icivics_testcases.Icivics12_StudentRegistration3Email_Test@5c80cf32]" started-at="2022-07-05T14:37:27 IST" name="beforeMethod" finished-at="2022-07-05T14:37:28 IST" duration-ms="1007" status="PASS">
          <reporter-output>
          </reporter-output>
        </test-method> <!-- beforeMethod -->
        <test-method signature="C377_verifyconfirmationemail(java.lang.String)[pri:2, instance:icivics_testcases.Icivics12_StudentRegistration3Email_Test@5c80cf32]" started-at="2022-07-05T14:37:28 IST" name="C377_verifyconfirmationemail" data-provider="fetchData" finished-at="2022-07-05T14:37:48 IST" duration-ms="20584" status="PASS">
          <params>
            <param index="0">
              <value>
                <![CDATA[https://staging.d9.icivics.org/user/register?role=student&email=1]]>
              </value>
            </param>
          </params>
          <reporter-output>
          </reporter-output>
        </test-method> <!-- C377_verifyconfirmationemail -->
        <test-method is-config="true" signature="afterMethod()[pri:0, instance:icivics_testcases.Icivics12_StudentRegistration3Email_Test@5c80cf32]" started-at="2022-07-05T14:37:48 IST" name="afterMethod" finished-at="2022-07-05T14:37:49 IST" duration-ms="399" status="PASS">
          <reporter-output>
          </reporter-output>
        </test-method> <!-- afterMethod -->
        <test-method is-config="true" signature="tearDownClass()[pri:0, instance:icivics_testcases.Icivics12_StudentRegistration3Email_Test@5c80cf32]" started-at="2022-07-05T14:37:49 IST" name="tearDownClass" finished-at="2022-07-05T14:37:49 IST" duration-ms="1" status="PASS">
          <reporter-output>
          </reporter-output>
        </test-method> <!-- tearDownClass -->
      </class> <!-- icivics_testcases.Icivics12_StudentRegistration3Email_Test -->
      <class name="icivics_testcases.Icivics3_EducatorRegistration2_Test">
        <test-method is-config="true" signature="setValues()[pri:0, instance:icivics_testcases.Icivics3_EducatorRegistration2_Test@5a59ca5e]" started-at="2022-07-05T13:48:20 IST" name="setValues" finished-at="2022-07-05T13:48:20 IST" duration-ms="1" status="PASS">
          <reporter-output>
          </reporter-output>
        </test-method> <!-- setValues -->
        <test-method is-config="true" signature="setUpClass()[pri:0, instance:icivics_testcases.Icivics3_EducatorRegistration2_Test@5a59ca5e]" started-at="2022-07-05T14:02:43 IST" name="setUpClass" finished-at="2022-07-05T14:02:43 IST" duration-ms="2" status="PASS">
          <reporter-output>
          </reporter-output>
        </test-method> <!-- setUpClass -->
        <test-method is-config="true" signature="report()[pri:0, instance:icivics_testcases.Icivics3_EducatorRegistration2_Test@5a59ca5e]" started-at="2022-07-05T14:02:43 IST" name="report" finished-at="2022-07-05T14:02:43 IST" duration-ms="1" status="PASS">
          <reporter-output>
          </reporter-output>
        </test-method> <!-- report -->
        <test-method is-config="true" signature="beforeMethod()[pri:0, instance:icivics_testcases.Icivics3_EducatorRegistration2_Test@5a59ca5e]" started-at="2022-07-05T14:02:43 IST" name="beforeMethod" finished-at="2022-07-05T14:02:44 IST" duration-ms="1050" status="PASS">
          <reporter-output>
          </reporter-output>
        </test-method> <!-- beforeMethod -->
        <test-method signature="C338_verifybreadcrumbspage1(java.lang.String)[pri:0, instance:icivics_testcases.Icivics3_EducatorRegistration2_Test@5a59ca5e]" started-at="2022-07-05T14:02:44 IST" name="C338_verifybreadcrumbspage1" data-provider="fetchData" finished-at="2022-07-05T14:02:52 IST" duration-ms="7580" status="PASS">
          <params>
            <param index="0">
              <value>
                <![CDATA[https://staging.d9.icivics.org/user/register?role=teacher]]>
              </value>
            </param>
          </params>
          <reporter-output>
          </reporter-output>
        </test-method> <!-- C338_verifybreadcrumbspage1 -->
        <test-method is-config="true" signature="afterMethod()[pri:0, instance:icivics_testcases.Icivics3_EducatorRegistration2_Test@5a59ca5e]" started-at="2022-07-05T14:02:52 IST" name="afterMethod" finished-at="2022-07-05T14:02:52 IST" duration-ms="297" status="PASS">
          <reporter-output>
          </reporter-output>
        </test-method> <!-- afterMethod -->
        <test-method is-config="true" signature="beforeMethod()[pri:0, instance:icivics_testcases.Icivics3_EducatorRegistration2_Test@5a59ca5e]" started-at="2022-07-05T14:02:52 IST" name="beforeMethod" finished-at="2022-07-05T14:02:53 IST" duration-ms="1045" status="PASS">
          <reporter-output>
          </reporter-output>
        </test-method> <!-- beforeMethod -->
        <test-method signature="C339_verifypreviouspage(java.lang.String)[pri:1, instance:icivics_testcases.Icivics3_EducatorRegistration2_Test@5a59ca5e]" started-at="2022-07-05T14:02:53 IST" name="C339_verifypreviouspage" data-provider="fetchData" finished-at="2022-07-05T14:03:04 IST" duration-ms="10677" status="PASS">
          <params>
            <param index="0">
              <value>
                <![CDATA[https://staging.d9.icivics.org/user/register?role=teacher]]>
              </value>
            </param>
          </params>
          <reporter-output>
          </reporter-output>
        </test-method> <!-- C339_verifypreviouspage -->
        <test-method is-config="true" signature="afterMethod()[pri:0, instance:icivics_testcases.Icivics3_EducatorRegistration2_Test@5a59ca5e]" started-at="2022-07-05T14:03:04 IST" name="afterMethod" finished-at="2022-07-05T14:03:04 IST" duration-ms="398" status="PASS">
          <reporter-output>
          </reporter-output>
        </test-method> <!-- afterMethod -->
        <test-method is-config="true" signature="beforeMethod()[pri:0, instance:icivics_testcases.Icivics3_EducatorRegistration2_Test@5a59ca5e]" started-at="2022-07-05T14:03:04 IST" name="beforeMethod" finished-at="2022-07-05T14:03:06 IST" duration-ms="1108" status="PASS">
          <reporter-output>
          </reporter-output>
        </test-method> <!-- beforeMethod -->
        <test-method signature="C340_verifyalldataremembered(java.lang.String)[pri:2, instance:icivics_testcases.Icivics3_EducatorRegistration2_Test@5a59ca5e]" started-at="2022-07-05T14:03:06 IST" name="C340_verifyalldataremembered" data-provider="fetchData" finished-at="2022-07-05T14:03:20 IST" duration-ms="14350" status="PASS">
          <params>
            <param index="0">
              <value>
                <![CDATA[https://staging.d9.icivics.org/user/register?role=teacher]]>
              </value>
            </param>
          </params>
          <reporter-output>
          </reporter-output>
        </test-method> <!-- C340_verifyalldataremembered -->
        <test-method is-config="true" signature="afterMethod()[pri:0, instance:icivics_testcases.Icivics3_EducatorRegistration2_Test@5a59ca5e]" started-at="2022-07-05T14:03:20 IST" name="afterMethod" finished-at="2022-07-05T14:03:20 IST" duration-ms="362" status="PASS">
          <reporter-output>
          </reporter-output>
        </test-method> <!-- afterMethod -->
        <test-method is-config="true" signature="beforeMethod()[pri:0, instance:icivics_testcases.Icivics3_EducatorRegistration2_Test@5a59ca5e]" started-at="2022-07-05T14:03:20 IST" name="beforeMethod" finished-at="2022-07-05T14:03:22 IST" duration-ms="1178" status="PASS">
          <reporter-output>
          </reporter-output>
        </test-method> <!-- beforeMethod -->
        <test-method signature="C341_verifyRoleandGradeLevel(java.lang.String)[pri:3, instance:icivics_testcases.Icivics3_EducatorRegistration2_Test@5a59ca5e]" started-at="2022-07-05T14:03:22 IST" name="C341_verifyRoleandGradeLevel" data-provider="fetchData" finished-at="2022-07-05T14:03:39 IST" duration-ms="17411" status="PASS">
          <params>
            <param index="0">
              <value>
                <![CDATA[https://staging.d9.icivics.org/user/register?role=teacher]]>
              </value>
            </param>
          </params>
          <reporter-output>
          </reporter-output>
        </test-method> <!-- C341_verifyRoleandGradeLevel -->
        <test-method is-config="true" signature="afterMethod()[pri:0, instance:icivics_testcases.Icivics3_EducatorRegistration2_Test@5a59ca5e]" started-at="2022-07-05T14:03:39 IST" name="afterMethod" finished-at="2022-07-05T14:03:39 IST" duration-ms="353" status="PASS">
          <reporter-output>
          </reporter-output>
        </test-method> <!-- afterMethod -->
        <test-method is-config="true" signature="beforeMethod()[pri:0, instance:icivics_testcases.Icivics3_EducatorRegistration2_Test@5a59ca5e]" started-at="2022-07-05T14:03:39 IST" name="beforeMethod" finished-at="2022-07-05T14:03:41 IST" duration-ms="1194" status="PASS">
          <reporter-output>
          </reporter-output>
        </test-method> <!-- beforeMethod -->
        <test-method signature="C342_verifymakeselection(java.lang.String)[pri:4, instance:icivics_testcases.Icivics3_EducatorRegistration2_Test@5a59ca5e]" started-at="2022-07-05T14:03:41 IST" name="C342_verifymakeselection" data-provider="fetchData" finished-at="2022-07-05T14:04:00 IST" duration-ms="19628" status="PASS">
          <params>
            <param index="0">
              <value>
                <![CDATA[https://staging.d9.icivics.org/user/register?role=teacher]]>
              </value>
            </param>
          </params>
          <reporter-output>
          </reporter-output>
        </test-method> <!-- C342_verifymakeselection -->
        <test-method is-config="true" signature="afterMethod()[pri:0, instance:icivics_testcases.Icivics3_EducatorRegistration2_Test@5a59ca5e]" started-at="2022-07-05T14:04:00 IST" name="afterMethod" finished-at="2022-07-05T14:04:00 IST" duration-ms="315" status="PASS">
          <reporter-output>
          </reporter-output>
        </test-method> <!-- afterMethod -->
        <test-method is-config="true" signature="beforeMethod()[pri:0, instance:icivics_testcases.Icivics3_EducatorRegistration2_Test@5a59ca5e]" started-at="2022-07-05T14:04:01 IST" name="beforeMethod" finished-at="2022-07-05T14:04:02 IST" duration-ms="1141" status="PASS">
          <reporter-output>
          </reporter-output>
        </test-method> <!-- beforeMethod -->
        <test-method signature="C343_verifyotheradditionalfield(java.lang.String)[pri:5, instance:icivics_testcases.Icivics3_EducatorRegistration2_Test@5a59ca5e]" started-at="2022-07-05T14:04:02 IST" name="C343_verifyotheradditionalfield" data-provider="fetchData" finished-at="2022-07-05T14:04:13 IST" duration-ms="11079" status="PASS">
          <params>
            <param index="0">
              <value>
                <![CDATA[https://staging.d9.icivics.org/user/register?role=teacher]]>
              </value>
            </param>
          </params>
          <reporter-output>
          </reporter-output>
        </test-method> <!-- C343_verifyotheradditionalfield -->
        <test-method is-config="true" signature="afterMethod()[pri:0, instance:icivics_testcases.Icivics3_EducatorRegistration2_Test@5a59ca5e]" started-at="2022-07-05T14:04:13 IST" name="afterMethod" finished-at="2022-07-05T14:04:13 IST" duration-ms="377" status="PASS">
          <reporter-output>
          </reporter-output>
        </test-method> <!-- afterMethod -->
        <test-method is-config="true" signature="beforeMethod()[pri:0, instance:icivics_testcases.Icivics3_EducatorRegistration2_Test@5a59ca5e]" started-at="2022-07-05T14:04:13 IST" name="beforeMethod" finished-at="2022-07-05T14:04:14 IST" duration-ms="1068" status="PASS">
          <reporter-output>
          </reporter-output>
        </test-method> <!-- beforeMethod -->
        <test-method signature="C344_verifyasterisk(java.lang.String)[pri:6, instance:icivics_testcases.Icivics3_EducatorRegistration2_Test@5a59ca5e]" started-at="2022-07-05T14:04:14 IST" name="C344_verifyasterisk" data-provider="fetchData" finished-at="2022-07-05T14:04:22 IST" duration-ms="7924" status="PASS">
          <params>
            <param index="0">
              <value>
                <![CDATA[https://staging.d9.icivics.org/user/register?role=teacher]]>
              </value>
            </param>
          </params>
          <reporter-output>
          </reporter-output>
        </test-method> <!-- C344_verifyasterisk -->
        <test-method is-config="true" signature="afterMethod()[pri:0, instance:icivics_testcases.Icivics3_EducatorRegistration2_Test@5a59ca5e]" started-at="2022-07-05T14:04:22 IST" name="afterMethod" finished-at="2022-07-05T14:04:22 IST" duration-ms="290" status="PASS">
          <reporter-output>
          </reporter-output>
        </test-method> <!-- afterMethod -->
        <test-method is-config="true" signature="beforeMethod()[pri:0, instance:icivics_testcases.Icivics3_EducatorRegistration2_Test@5a59ca5e]" started-at="2022-07-05T14:04:22 IST" name="beforeMethod" finished-at="2022-07-05T14:04:24 IST" duration-ms="1122" status="PASS">
          <reporter-output>
          </reporter-output>
        </test-method> <!-- beforeMethod -->
        <test-method signature="C345_verifyblankerrormsg(java.lang.String)[pri:7, instance:icivics_testcases.Icivics3_EducatorRegistration2_Test@5a59ca5e]" started-at="2022-07-05T14:04:24 IST" name="C345_verifyblankerrormsg" data-provider="fetchData" finished-at="2022-07-05T14:05:07 IST" duration-ms="43676" status="PASS">
          <params>
            <param index="0">
              <value>
                <![CDATA[https://staging.d9.icivics.org/user/register?role=teacher]]>
              </value>
            </param>
          </params>
          <reporter-output>
          </reporter-output>
        </test-method> <!-- C345_verifyblankerrormsg -->
        <test-method is-config="true" signature="afterMethod()[pri:0, instance:icivics_testcases.Icivics3_EducatorRegistration2_Test@5a59ca5e]" started-at="2022-07-05T14:05:07 IST" name="afterMethod" finished-at="2022-07-05T14:05:08 IST" duration-ms="437" status="PASS">
          <reporter-output>
          </reporter-output>
        </test-method> <!-- afterMethod -->
        <test-method is-config="true" signature="beforeMethod()[pri:0, instance:icivics_testcases.Icivics3_EducatorRegistration2_Test@5a59ca5e]" started-at="2022-07-05T14:05:08 IST" name="beforeMethod" finished-at="2022-07-05T14:05:09 IST" duration-ms="1120" status="PASS">
          <reporter-output>
          </reporter-output>
        </test-method> <!-- beforeMethod -->
        <test-method signature="C346_verifyerrormsgboxcolor(java.lang.String)[pri:8, instance:icivics_testcases.Icivics3_EducatorRegistration2_Test@5a59ca5e]" started-at="2022-07-05T14:05:09 IST" name="C346_verifyerrormsgboxcolor" data-provider="fetchData" finished-at="2022-07-05T14:05:19 IST" duration-ms="10472" status="PASS">
          <params>
            <param index="0">
              <value>
                <![CDATA[https://staging.d9.icivics.org/user/register?role=teacher]]>
              </value>
            </param>
          </params>
          <reporter-output>
          </reporter-output>
        </test-method> <!-- C346_verifyerrormsgboxcolor -->
        <test-method is-config="true" signature="afterMethod()[pri:0, instance:icivics_testcases.Icivics3_EducatorRegistration2_Test@5a59ca5e]" started-at="2022-07-05T14:05:19 IST" name="afterMethod" finished-at="2022-07-05T14:05:20 IST" duration-ms="600" status="PASS">
          <reporter-output>
          </reporter-output>
        </test-method> <!-- afterMethod -->
        <test-method is-config="true" signature="beforeMethod()[pri:0, instance:icivics_testcases.Icivics3_EducatorRegistration2_Test@5a59ca5e]" started-at="2022-07-05T14:05:20 IST" name="beforeMethod" finished-at="2022-07-05T14:05:21 IST" duration-ms="991" status="PASS">
          <reporter-output>
          </reporter-output>
        </test-method> <!-- beforeMethod -->
        <test-method signature="C347_verifyvalidsubmission(java.lang.String)[pri:9, instance:icivics_testcases.Icivics3_EducatorRegistration2_Test@5a59ca5e]" started-at="2022-07-05T14:05:21 IST" name="C347_verifyvalidsubmission" data-provider="fetchData" finished-at="2022-07-05T14:05:43 IST" duration-ms="22327" status="PASS">
          <params>
            <param index="0">
              <value>
                <![CDATA[https://staging.d9.icivics.org/user/register?role=teacher]]>
              </value>
            </param>
          </params>
          <reporter-output>
          </reporter-output>
        </test-method> <!-- C347_verifyvalidsubmission -->
        <test-method is-config="true" signature="afterMethod()[pri:0, instance:icivics_testcases.Icivics3_EducatorRegistration2_Test@5a59ca5e]" started-at="2022-07-05T14:05:43 IST" name="afterMethod" finished-at="2022-07-05T14:05:44 IST" duration-ms="325" status="PASS">
          <reporter-output>
          </reporter-output>
        </test-method> <!-- afterMethod -->
        <test-method is-config="true" signature="tearDownClass()[pri:0, instance:icivics_testcases.Icivics3_EducatorRegistration2_Test@5a59ca5e]" started-at="2022-07-05T14:05:44 IST" name="tearDownClass" finished-at="2022-07-05T14:05:44 IST" duration-ms="1" status="PASS">
          <reporter-output>
          </reporter-output>
        </test-method> <!-- tearDownClass -->
      </class> <!-- icivics_testcases.Icivics3_EducatorRegistration2_Test -->
      <class name="icivics_testcases.Icivics1_EducatorRegistration_Test">
        <test-method is-config="true" signature="startReport()[pri:0, instance:icivics_testcases.Icivics1_EducatorRegistration_Test@28dcca0c]" started-at="2022-07-05T13:48:20 IST" name="startReport" finished-at="2022-07-05T13:48:20 IST" duration-ms="223" status="PASS">
          <reporter-output>
          </reporter-output>
        </test-method> <!-- startReport -->
        <test-method is-config="true" signature="setValues()[pri:0, instance:icivics_testcases.Icivics1_EducatorRegistration_Test@28dcca0c]" started-at="2022-07-05T13:48:20 IST" name="setValues" finished-at="2022-07-05T13:48:20 IST" duration-ms="0" status="PASS">
          <reporter-output>
          </reporter-output>
        </test-method> <!-- setValues -->
        <test-method is-config="true" signature="setUpClass()[pri:0, instance:icivics_testcases.Icivics1_EducatorRegistration_Test@28dcca0c]" started-at="2022-07-05T13:48:20 IST" name="setUpClass" finished-at="2022-07-05T13:48:20 IST" duration-ms="101" status="PASS">
          <reporter-output>
          </reporter-output>
        </test-method> <!-- setUpClass -->
        <test-method is-config="true" signature="report()[pri:0, instance:icivics_testcases.Icivics1_EducatorRegistration_Test@28dcca0c]" started-at="2022-07-05T13:48:20 IST" name="report" finished-at="2022-07-05T13:48:20 IST" duration-ms="4" status="PASS">
          <reporter-output>
          </reporter-output>
        </test-method> <!-- report -->
        <test-method is-config="true" signature="beforeMethod()[pri:0, instance:icivics_testcases.Icivics1_EducatorRegistration_Test@28dcca0c]" started-at="2022-07-05T13:48:21 IST" name="beforeMethod" finished-at="2022-07-05T13:48:24 IST" duration-ms="3141" status="PASS">
          <reporter-output>
          </reporter-output>
        </test-method> <!-- beforeMethod -->
        <test-method signature="C321_VerifyallpageElements(java.lang.String)[pri:0, instance:icivics_testcases.Icivics1_EducatorRegistration_Test@28dcca0c]" started-at="2022-07-05T13:48:24 IST" name="C321_VerifyallpageElements" data-provider="fetchData" finished-at="2022-07-05T13:48:43 IST" duration-ms="18894" status="PASS">
          <params>
            <param index="0">
              <value>
                <![CDATA[https://staging.d9.icivics.org/user/register?role=teacher]]>
              </value>
            </param>
          </params>
          <reporter-output>
          </reporter-output>
        </test-method> <!-- C321_VerifyallpageElements -->
        <test-method is-config="true" signature="afterMethod()[pri:0, instance:icivics_testcases.Icivics1_EducatorRegistration_Test@28dcca0c]" started-at="2022-07-05T13:48:43 IST" name="afterMethod" finished-at="2022-07-05T13:48:43 IST" duration-ms="383" status="PASS">
          <reporter-output>
          </reporter-output>
        </test-method> <!-- afterMethod -->
        <test-method is-config="true" signature="beforeMethod()[pri:0, instance:icivics_testcases.Icivics1_EducatorRegistration_Test@28dcca0c]" started-at="2022-07-05T13:48:43 IST" name="beforeMethod" finished-at="2022-07-05T13:48:45 IST" duration-ms="1159" status="PASS">
          <reporter-output>
          </reporter-output>
        </test-method> <!-- beforeMethod -->
        <test-method signature="C322_ButtonHover(java.lang.String)[pri:1, instance:icivics_testcases.Icivics1_EducatorRegistration_Test@28dcca0c]" started-at="2022-07-05T13:48:45 IST" name="C322_ButtonHover" data-provider="fetchData" finished-at="2022-07-05T13:49:12 IST" duration-ms="27828" status="PASS">
          <params>
            <param index="0">
              <value>
                <![CDATA[https://staging.d9.icivics.org/user/register?role=teacher]]>
              </value>
            </param>
          </params>
          <reporter-output>
          </reporter-output>
        </test-method> <!-- C322_ButtonHover -->
        <test-method is-config="true" signature="afterMethod()[pri:0, instance:icivics_testcases.Icivics1_EducatorRegistration_Test@28dcca0c]" started-at="2022-07-05T13:49:12 IST" name="afterMethod" finished-at="2022-07-05T13:49:13 IST" duration-ms="337" status="PASS">
          <reporter-output>
          </reporter-output>
        </test-method> <!-- afterMethod -->
        <test-method is-config="true" signature="beforeMethod()[pri:0, instance:icivics_testcases.Icivics1_EducatorRegistration_Test@28dcca0c]" started-at="2022-07-05T13:49:13 IST" name="beforeMethod" finished-at="2022-07-05T13:49:14 IST" duration-ms="1158" status="PASS">
          <reporter-output>
          </reporter-output>
        </test-method> <!-- beforeMethod -->
        <test-method signature="C323_Verifyallbuttonlinks(java.lang.String)[pri:2, instance:icivics_testcases.Icivics1_EducatorRegistration_Test@28dcca0c]" started-at="2022-07-05T13:49:14 IST" name="C323_Verifyallbuttonlinks" data-provider="fetchData" finished-at="2022-07-05T13:59:37 IST" duration-ms="623226" status="PASS">
          <params>
            <param index="0">
              <value>
                <![CDATA[https://staging.d9.icivics.org/user/register?role=teacher]]>
              </value>
            </param>
          </params>
          <reporter-output>
          </reporter-output>
        </test-method> <!-- C323_Verifyallbuttonlinks -->
        <test-method is-config="true" signature="afterMethod()[pri:0, instance:icivics_testcases.Icivics1_EducatorRegistration_Test@28dcca0c]" started-at="2022-07-05T13:59:37 IST" name="afterMethod" finished-at="2022-07-05T13:59:38 IST" duration-ms="775" status="PASS">
          <reporter-output>
          </reporter-output>
[...]
          <reporter-output>
          </reporter-output>
        </test-method> <!-- afterMethod -->
        <test-method is-config="true" signature="beforeMethod()[pri:0, instance:icivics_testcases.Icivics5_EducatorRegistration4_Test@6c4906d3]" started-at="2022-07-05T14:13:47 IST" name="beforeMethod" finished-at="2022-07-05T14:13:48 IST" duration-ms="1185" status="PASS">
          <reporter-output>
          </reporter-output>
        </test-method> <!-- beforeMethod -->
        <test-method signature="C368_verifyallfieldswithinvaliddata(java.lang.String)[pri:10, instance:icivics_testcases.Icivics5_EducatorRegistration4_Test@6c4906d3]" started-at="2022-07-05T14:13:48 IST" name="C368_verifyallfieldswithinvaliddata" data-provider="fetchData" finished-at="2022-07-05T14:14:14 IST" duration-ms="26472" status="PASS">
          <params>
            <param index="0">
              <value>
                <![CDATA[https://staging.d9.icivics.org/user/register?role=teacher]]>
              </value>
            </param>
          </params>
          <reporter-output>
          </reporter-output>
        </test-method> <!-- C368_verifyallfieldswithinvaliddata -->
        <test-method is-config="true" signature="afterMethod()[pri:0, instance:icivics_testcases.Icivics5_EducatorRegistration4_Test@6c4906d3]" started-at="2022-07-05T14:14:14 IST" name="afterMethod" finished-at="2022-07-05T14:14:15 IST" duration-ms="415" status="PASS">
          <reporter-output>
          </reporter-output>
        </test-method> <!-- afterMethod -->
        <test-method is-config="true" signature="beforeMethod()[pri:0, instance:icivics_testcases.Icivics5_EducatorRegistration4_Test@6c4906d3]" started-at="2022-07-05T14:14:15 IST" name="beforeMethod" finished-at="2022-07-05T14:14:16 IST" duration-ms="1045" status="PASS">
          <reporter-output>
          </reporter-output>
        </test-method> <!-- beforeMethod -->
        <test-method signature="C369_verifyallfieldswithblankdata(java.lang.String)[pri:11, instance:icivics_testcases.Icivics5_EducatorRegistration4_Test@6c4906d3]" started-at="2022-07-05T14:14:16 IST" name="C369_verifyallfieldswithblankdata" data-provider="fetchData" finished-at="2022-07-05T14:14:41 IST" duration-ms="24580" status="PASS">
          <params>
            <param index="0">
              <value>
                <![CDATA[https://staging.d9.icivics.org/user/register?role=teacher]]>
              </value>
            </param>
          </params>
          <reporter-output>
          </reporter-output>
        </test-method> <!-- C369_verifyallfieldswithblankdata -->
        <test-method is-config="true" signature="afterMethod()[pri:0, instance:icivics_testcases.Icivics5_EducatorRegistration4_Test@6c4906d3]" started-at="2022-07-05T14:14:41 IST" name="afterMethod" finished-at="2022-07-05T14:14:41 IST" duration-ms="353" status="PASS">
          <reporter-output>
          </reporter-output>
        </test-method> <!-- afterMethod -->
        <test-method is-config="true" signature="beforeMethod()[pri:0, instance:icivics_testcases.Icivics5_EducatorRegistration4_Test@6c4906d3]" started-at="2022-07-05T14:14:41 IST" name="beforeMethod" finished-at="2022-07-05T14:14:42 IST" duration-ms="1102" status="PASS">
          <reporter-output>
          </reporter-output>
        </test-method> <!-- beforeMethod -->
        <test-method signature="C370_verifyallfieldswithblankandinvaliddata(java.lang.String)[pri:12, instance:icivics_testcases.Icivics5_EducatorRegistration4_Test@6c4906d3]" started-at="2022-07-05T14:14:42 IST" name="C370_verifyallfieldswithblankandinvaliddata" data-provider="fetchData" finished-at="2022-07-05T14:15:15 IST" duration-ms="32940" status="PASS">
          <params>
            <param index="0">
              <value>
                <![CDATA[https://staging.d9.icivics.org/user/register?role=teacher]]>
              </value>
            </param>
          </params>
          <reporter-output>
          </reporter-output>
        </test-method> <!-- C370_verifyallfieldswithblankandinvaliddata -->
        <test-method is-config="true" signature="afterMethod()[pri:0, instance:icivics_testcases.Icivics5_EducatorRegistration4_Test@6c4906d3]" started-at="2022-07-05T14:15:15 IST" name="afterMethod" finished-at="2022-07-05T14:15:15 IST" duration-ms="325" status="PASS">
          <reporter-output>
          </reporter-output>
        </test-method> <!-- afterMethod -->
        <test-method is-config="true" signature="beforeMethod()[pri:0, instance:icivics_testcases.Icivics5_EducatorRegistration4_Test@6c4906d3]" started-at="2022-07-05T14:15:15 IST" name="beforeMethod" finished-at="2022-07-05T14:15:17 IST" duration-ms="1213" status="PASS">
          <reporter-output>
          </reporter-output>
        </test-method> <!-- beforeMethod -->
        <test-method signature="C371_verifyvalidsubmission(java.lang.String)[pri:13, instance:icivics_testcases.Icivics5_EducatorRegistration4_Test@6c4906d3]" started-at="2022-07-05T14:15:17 IST" name="C371_verifyvalidsubmission" data-provider="fetchData" finished-at="2022-07-05T14:15:47 IST" duration-ms="30640" status="PASS">
          <params>
            <param index="0">
              <value>
                <![CDATA[https://staging.d9.icivics.org/user/register?role=teacher]]>
              </value>
            </param>
          </params>
          <reporter-output>
          </reporter-output>
        </test-method> <!-- C371_verifyvalidsubmission -->
        <test-method is-config="true" signature="afterMethod()[pri:0, instance:icivics_testcases.Icivics5_EducatorRegistration4_Test@6c4906d3]" started-at="2022-07-05T14:15:47 IST" name="afterMethod" finished-at="2022-07-05T14:15:48 IST" duration-ms="296" status="PASS">
          <reporter-output>
          </reporter-output>
        </test-method> <!-- afterMethod -->
        <test-method is-config="true" signature="tearDownClass()[pri:0, instance:icivics_testcases.Icivics5_EducatorRegistration4_Test@6c4906d3]" started-at="2022-07-05T14:15:48 IST" name="tearDownClass" finished-at="2022-07-05T14:15:48 IST" duration-ms="0" status="PASS">
          <reporter-output>
          </reporter-output>
        </test-method> <!-- tearDownClass -->
      </class> <!-- icivics_testcases.Icivics5_EducatorRegistration4_Test -->
      <class name="icivics_testcases.Icivics17_HP_3Headerteach2_Test">
        <test-method is-config="true" signature="setValues()[pri:0, instance:icivics_testcases.Icivics17_HP_3Headerteach2_Test@673fdbce]" started-at="2022-07-05T13:48:20 IST" name="setValues" finished-at="2022-07-05T13:48:20 IST" duration-ms="0" status="PASS">
          <reporter-output>
          </reporter-output>
        </test-method> <!-- setValues -->
        <test-method is-config="true" signature="setUpClass()[pri:0, instance:icivics_testcases.Icivics17_HP_3Headerteach2_Test@673fdbce]" started-at="2022-07-05T15:04:34 IST" name="setUpClass" finished-at="2022-07-05T15:04:34 IST" duration-ms="0" status="PASS">
          <reporter-output>
          </reporter-output>
        </test-method> <!-- setUpClass -->
        <test-method is-config="true" signature="report()[pri:0, instance:icivics_testcases.Icivics17_HP_3Headerteach2_Test@673fdbce]" started-at="2022-07-05T15:04:34 IST" name="report" finished-at="2022-07-05T15:04:34 IST" duration-ms="0" status="PASS">
          <reporter-output>
          </reporter-output>
        </test-method> <!-- report -->
        <test-method is-config="true" signature="beforeMethod()[pri:0, instance:icivics_testcases.Icivics17_HP_3Headerteach2_Test@673fdbce]" started-at="2022-07-05T15:04:34 IST" name="beforeMethod" finished-at="2022-07-05T15:04:35 IST" duration-ms="989" status="PASS">
          <reporter-output>
          </reporter-output>
        </test-method> <!-- beforeMethod -->
        <test-method signature="C19_Verifyteachsubmenu(java.lang.String)[pri:0, instance:icivics_testcases.Icivics17_HP_3Headerteach2_Test@673fdbce]" started-at="2022-07-05T15:04:35 IST" name="C19_Verifyteachsubmenu" data-provider="fetchData" finished-at="2022-07-05T15:06:36 IST" duration-ms="120947" status="PASS">
          <params>
            <param index="0">
              <value>
                <![CDATA[https://staging.d9.icivics.org/teachers]]>
              </value>
            </param>
          </params>
          <reporter-output>
          </reporter-output>
        </test-method> <!-- C19_Verifyteachsubmenu -->
        <test-method is-config="true" signature="afterMethod()[pri:0, instance:icivics_testcases.Icivics17_HP_3Headerteach2_Test@673fdbce]" started-at="2022-07-05T15:06:36 IST" name="afterMethod" finished-at="2022-07-05T15:06:37 IST" duration-ms="447" status="PASS">
          <reporter-output>
          </reporter-output>
        </test-method> <!-- afterMethod -->
        <test-method is-config="true" signature="tearDownClass()[pri:0, instance:icivics_testcases.Icivics17_HP_3Headerteach2_Test@673fdbce]" started-at="2022-07-05T15:06:37 IST" name="tearDownClass" finished-at="2022-07-05T15:06:37 IST" duration-ms="1" status="PASS">
          <reporter-output>
          </reporter-output>
        </test-method> <!-- tearDownClass -->
      </class> <!-- icivics_testcases.Icivics17_HP_3Headerteach2_Test -->
      <class name="icivics_testcases.Icivics11_StudentRegistration3classcode_Test">
        <test-method is-config="true" signature="setValues()[pri:0, instance:icivics_testcases.Icivics11_StudentRegistration3classcode_Test@6f53b8a]" started-at="2022-07-05T13:48:20 IST" name="setValues" finished-at="2022-07-05T13:48:20 IST" duration-ms="0" status="PASS">
          <reporter-output>
          </reporter-output>
        </test-method> <!-- setValues -->
        <test-method is-config="true" signature="report()[pri:0, instance:icivics_testcases.Icivics11_StudentRegistration3classcode_Test@6f53b8a]" started-at="2022-07-05T14:32:36 IST" name="report" finished-at="2022-07-05T14:32:36 IST" duration-ms="0" status="PASS">
          <reporter-output>
          </reporter-output>
        </test-method> <!-- report -->
        <test-method is-config="true" signature="setUpClass()[pri:0, instance:icivics_testcases.Icivics11_StudentRegistration3classcode_Test@6f53b8a]" started-at="2022-07-05T14:32:36 IST" name="setUpClass" finished-at="2022-07-05T14:32:36 IST" duration-ms="0" status="PASS">
          <reporter-output>
          </reporter-output>
        </test-method> <!-- setUpClass -->
        <test-method is-config="true" signature="beforeMethod()[pri:0, instance:icivics_testcases.Icivics11_StudentRegistration3classcode_Test@6f53b8a]" started-at="2022-07-05T14:32:36 IST" name="beforeMethod" finished-at="2022-07-05T14:32:38 IST" duration-ms="1094" status="PASS">
          <reporter-output>
          </reporter-output>
        </test-method> <!-- beforeMethod -->
        <test-method signature="C454_verifypagecount3(java.lang.String)[pri:0, instance:icivics_testcases.Icivics11_StudentRegistration3classcode_Test@6f53b8a]" started-at="2022-07-05T14:32:38 IST" name="C454_verifypagecount3" data-provider="fetchData" finished-at="2022-07-05T14:33:04 IST" duration-ms="26923" status="PASS">
          <params>
            <param index="0">
              <value>
                <![CDATA[https://staging.d9.icivics.org/user/register?role=student]]>
              </value>
            </param>
          </params>
          <reporter-output>
          </reporter-output>
        </test-method> <!-- C454_verifypagecount3 -->
        <test-method is-config="true" signature="afterMethod()[pri:0, instance:icivics_testcases.Icivics11_StudentRegistration3classcode_Test@6f53b8a]" started-at="2022-07-05T14:33:04 IST" name="afterMethod" finished-at="2022-07-05T14:33:05 IST" duration-ms="383" status="PASS">
          <reporter-output>
          </reporter-output>
        </test-method> <!-- afterMethod -->
        <test-method is-config="true" signature="beforeMethod()[pri:0, instance:icivics_testcases.Icivics11_StudentRegistration3classcode_Test@6f53b8a]" started-at="2022-07-05T14:33:05 IST" name="beforeMethod" finished-at="2022-07-05T14:33:06 IST" duration-ms="1013" status="PASS">
          <reporter-output>
          </reporter-output>
        </test-method> <!-- beforeMethod -->
        <test-method signature="C455_verifyusernamegenerateddisplay(java.lang.String)[pri:1, instance:icivics_testcases.Icivics11_StudentRegistration3classcode_Test@6f53b8a]" started-at="2022-07-05T14:33:06 IST" name="C455_verifyusernamegenerateddisplay" data-provider="fetchData" finished-at="2022-07-05T14:33:35 IST" duration-ms="29357" status="PASS">
          <params>
            <param index="0">
              <value>
                <![CDATA[https://staging.d9.icivics.org/user/register?role=student]]>
              </value>
            </param>
          </params>
          <reporter-output>
          </reporter-output>
        </test-method> <!-- C455_verifyusernamegenerateddisplay -->
        <test-method is-config="true" signature="afterMethod()[pri:0, instance:icivics_testcases.Icivics11_StudentRegistration3classcode_Test@6f53b8a]" started-at="2022-07-05T14:33:35 IST" name="afterMethod" finished-at="2022-07-05T14:33:36 IST" duration-ms="391" status="PASS">
          <reporter-output>
          </reporter-output>
        </test-method> <!-- afterMethod -->
        <test-method is-config="true" signature="beforeMethod()[pri:0, instance:icivics_testcases.Icivics11_StudentRegistration3classcode_Test@6f53b8a]" started-at="2022-07-05T14:33:36 IST" name="beforeMethod" finished-at="2022-07-05T14:33:37 IST" duration-ms="1221" status="PASS">
          <reporter-output>
          </reporter-output>
        </test-method> <!-- beforeMethod -->
        <test-method signature="C456_verifyusernametextddisplay(java.lang.String)[pri:2, instance:icivics_testcases.Icivics11_StudentRegistration3classcode_Test@6f53b8a]" started-at="2022-07-05T14:33:37 IST" name="C456_verifyusernametextddisplay" data-provider="fetchData" finished-at="2022-07-05T14:34:03 IST" duration-ms="26313" status="PASS">
          <params>
            <param index="0">
              <value>
                <![CDATA[https://staging.d9.icivics.org/user/register?role=student]]>
              </value>
            </param>
          </params>
          <reporter-output>
          </reporter-output>
        </test-method> <!-- C456_verifyusernametextddisplay -->
        <test-method is-config="true" signature="afterMethod()[pri:0, instance:icivics_testcases.Icivics11_StudentRegistration3classcode_Test@6f53b8a]" started-at="2022-07-05T14:34:03 IST" name="afterMethod" finished-at="2022-07-05T14:34:04 IST" duration-ms="409" status="PASS">
          <reporter-output>
          </reporter-output>
        </test-method> <!-- afterMethod -->
        <test-method is-config="true" signature="beforeMethod()[pri:0, instance:icivics_testcases.Icivics11_StudentRegistration3classcode_Test@6f53b8a]" started-at="2022-07-05T14:34:04 IST" name="beforeMethod" finished-at="2022-07-05T14:34:05 IST" duration-ms="1009" status="PASS">
          <reporter-output>
          </reporter-output>
        </test-method> <!-- beforeMethod -->
        <test-method signature="C457_verifyemailddisplay(java.lang.String)[pri:3, instance:icivics_testcases.Icivics11_StudentRegistration3classcode_Test@6f53b8a]" started-at="2022-07-05T14:34:05 IST" name="C457_verifyemailddisplay" data-provider="fetchData" finished-at="2022-07-05T14:34:34 IST" duration-ms="29582" status="PASS">
          <params>
            <param index="0">
              <value>
                <![CDATA[https://staging.d9.icivics.org/user/register?role=student]]>
              </value>
            </param>
          </params>
          <reporter-output>
          </reporter-output>
        </test-method> <!-- C457_verifyemailddisplay -->
        <test-method is-config="true" signature="afterMethod()[pri:0, instance:icivics_testcases.Icivics11_StudentRegistration3classcode_Test@6f53b8a]" started-at="2022-07-05T14:34:34 IST" name="afterMethod" finished-at="2022-07-05T14:34:35 IST" duration-ms="408" status="PASS">
          <reporter-output>
          </reporter-output>
        </test-method> <!-- afterMethod -->
        <test-method is-config="true" signature="beforeMethod()[pri:0, instance:icivics_testcases.Icivics11_StudentRegistration3classcode_Test@6f53b8a]" started-at="2022-07-05T14:34:35 IST" name="beforeMethod" finished-at="2022-07-05T14:34:36 IST" duration-ms="1192" status="PASS">
          <reporter-output>
          </reporter-output>
        </test-method> <!-- beforeMethod -->
        <test-method signature="C458_verifyemailtextddisplay(java.lang.String)[pri:4, instance:icivics_testcases.Icivics11_StudentRegistration3classcode_Test@6f53b8a]" started-at="2022-07-05T14:34:36 IST" name="C458_verifyemailtextddisplay" data-provider="fetchData" finished-at="2022-07-05T14:35:02 IST" duration-ms="26537" status="PASS">
          <params>
            <param index="0">
              <value>
                <![CDATA[https://staging.d9.icivics.org/user/register?role=student]]>
              </value>
            </param>
          </params>
          <reporter-output>
          </reporter-output>
        </test-method> <!-- C458_verifyemailtextddisplay -->
        <test-method is-config="true" signature="afterMethod()[pri:0, instance:icivics_testcases.Icivics11_StudentRegistration3classcode_Test@6f53b8a]" started-at="2022-07-05T14:35:02 IST" name="afterMethod" finished-at="2022-07-05T14:35:03 IST" duration-ms="399" status="PASS">
          <reporter-output>
          </reporter-output>
        </test-method> <!-- afterMethod -->
        <test-method is-config="true" signature="beforeMethod()[pri:0, instance:icivics_testcases.Icivics11_StudentRegistration3classcode_Test@6f53b8a]" started-at="2022-07-05T14:35:03 IST" name="beforeMethod" finished-at="2022-07-05T14:35:04 IST" duration-ms="1076" status="PASS">
          <reporter-output>
          </reporter-output>
        </test-method> <!-- beforeMethod -->
        <test-method signature="C459_clickcontinuetomyassignmentbutton(java.lang.String)[pri:5, instance:icivics_testcases.Icivics11_StudentRegistration3classcode_Test@6f53b8a]" started-at="2022-07-05T14:35:04 IST" name="C459_clickcontinuetomyassignmentbutton" data-provider="fetchData" finished-at="2022-07-05T14:35:54 IST" duration-ms="50583" status="PASS">
          <params>
            <param index="0">
              <value>
                <![CDATA[https://staging.d9.icivics.org/user/register?role=student]]>
              </value>
            </param>
          </params>
          <reporter-output>
          </reporter-output>
        </test-method> <!-- C459_clickcontinuetomyassignmentbutton -->
        <test-method is-config="true" signature="afterMethod()[pri:0, instance:icivics_testcases.Icivics11_StudentRegistration3classcode_Test@6f53b8a]" started-at="2022-07-05T14:35:55 IST" name="afterMethod" finished-at="2022-07-05T14:35:55 IST" duration-ms="414" status="PASS">
          <reporter-output>
          </reporter-output>
        </test-method> <!-- afterMethod -->
        <test-method is-config="true" signature="tearDownClass()[pri:0, instance:icivics_testcases.Icivics11_StudentRegistration3classcode_Test@6f53b8a]" started-at="2022-07-05T14:35:55 IST" name="tearDownClass" finished-at="2022-07-05T14:35:55 IST" duration-ms="0" status="PASS">
          <reporter-output>
          </reporter-output>
        </test-method> <!-- tearDownClass -->
      </class> <!-- icivics_testcases.Icivics11_StudentRegistration3classcode_Test -->
    </test> <!-- Test -->
  </suite> <!-- Suite -->
</testng-results>
