<?xml version="1.0" encoding="UTF-8"?>
<testng-results ignored="14" total="59" passed="45" failed="0" skipped="0">
  <reporter-output>
  </reporter-output>
  <suite started-at="2022-06-27T21:54:53 IST" name="Suite" finished-at="2022-06-27T22:39:32 IST" duration-ms="2678994">
    <groups>
      <group name="cucumber">
        <method signature="AbstractTestNGCucumberTests.runScenario(cucumber.api.testng.PickleEventWrapper,cucumber.api.testng.CucumberFeatureWrapper)[pri:0, instance:icivics_testcases.Icivics_HomepageHeaderAbout_Test@3f191845]" name="runScenario" class="cucumber.api.testng.AbstractTestNGCucumberTests"/>
        <method signature="AbstractTestNGCucumberTests.runScenario(cucumber.api.testng.PickleEventWrapper,cucumber.api.testng.CucumberFeatureWrapper)[pri:0, instance:icivics_testcases.Icivics_HomepageHeaderMyicivicsMisc_Test@79e4c792]" name="runScenario" class="cucumber.api.testng.AbstractTestNGCucumberTests"/>
        <method signature="AbstractTestNGCucumberTests.runScenario(cucumber.api.testng.PickleEventWrapper,cucumber.api.testng.CucumberFeatureWrapper)[pri:0, instance:icivics_testcases.Icivics_HomepageHeaderSigninMisc_Test@d737b89]" name="runScenario" class="cucumber.api.testng.AbstractTestNGCucumberTests"/>
        <method signature="AbstractTestNGCucumberTests.runScenario(cucumber.api.testng.PickleEventWrapper,cucumber.api.testng.CucumberFeatureWrapper)[pri:0, instance:icivics_testcases.Icivics_HomepageHeaderTeach_Test@3ba987b8]" name="runScenario" class="cucumber.api.testng.AbstractTestNGCucumberTests"/>
        <method signature="AbstractTestNGCucumberTests.runScenario(cucumber.api.testng.PickleEventWrapper,cucumber.api.testng.CucumberFeatureWrapper)[pri:0, instance:icivics_testcases.Icivics_HomepageHeader_Test@35dab4eb]" name="runScenario" class="cucumber.api.testng.AbstractTestNGCucumberTests"/>
        <method signature="AbstractTestNGCucumberTests.runScenario(cucumber.api.testng.PickleEventWrapper,cucumber.api.testng.CucumberFeatureWrapper)[pri:0, instance:icivics_testcases.Icivics_HomepageHeaderplay_Test@5f049ea1]" name="runScenario" class="cucumber.api.testng.AbstractTestNGCucumberTests"/>
        <method signature="AbstractTestNGCucumberTests.runScenario(cucumber.api.testng.PickleEventWrapper,cucumber.api.testng.CucumberFeatureWrapper)[pri:0, instance:icivics_testcases.Icivics_HomepageTeacherHeader_Test@8519cb4]" name="runScenario" class="cucumber.api.testng.AbstractTestNGCucumberTests"/>
        <method signature="AbstractTestNGCucumberTests.runScenario(cucumber.api.testng.PickleEventWrapper,cucumber.api.testng.CucumberFeatureWrapper)[pri:0, instance:icivics_testcases.Icivicvs_HomepageHeaderteach2_Test@2d901eb0]" name="runScenario" class="cucumber.api.testng.AbstractTestNGCucumberTests"/>
      </group> <!-- cucumber -->
    </groups>
    <test started-at="2022-06-27T21:54:53 IST" name="RegressionTest" finished-at="2022-06-27T22:39:32 IST" duration-ms="2678994">
      <class name="icivics_testcases.Icivics_HomepageHeaderSigninMisc_Test">
        <test-method is-config="true" signature="setValues()[pri:0, instance:icivics_testcases.Icivics_HomepageHeaderSigninMisc_Test@d737b89]" started-at="2022-06-27T21:54:53 IST" name="setValues" finished-at="2022-06-27T21:54:53 IST" duration-ms="1" status="PASS">
          <reporter-output>
          </reporter-output>
        </test-method> <!-- setValues -->
        <test-method is-config="true" signature="setUpClass()[pri:0, instance:icivics_testcases.Icivics_HomepageHeaderSigninMisc_Test@d737b89]" started-at="2022-06-27T22:03:57 IST" name="setUpClass" finished-at="2022-06-27T22:03:57 IST" duration-ms="0" status="PASS">
          <reporter-output>
          </reporter-output>
        </test-method> <!-- setUpClass -->
        <test-method is-config="true" signature="report()[pri:0, instance:icivics_testcases.Icivics_HomepageHeaderSigninMisc_Test@d737b89]" started-at="2022-06-27T22:03:57 IST" name="report" finished-at="2022-06-27T22:03:57 IST" duration-ms="0" status="PASS">
          <reporter-output>
          </reporter-output>
        </test-method> <!-- report -->
        <test-method is-config="true" signature="beforeMethod()[pri:0, instance:icivics_testcases.Icivics_HomepageHeaderSigninMisc_Test@d737b89]" started-at="2022-06-27T22:03:57 IST" name="beforeMethod" finished-at="2022-06-27T22:03:58 IST" duration-ms="1243" status="PASS">
          <reporter-output>
          </reporter-output>
        </test-method> <!-- beforeMethod -->
        <test-method signature="C29_Verifydonatebutton(java.lang.String)[pri:0, instance:icivics_testcases.Icivics_HomepageHeaderSigninMisc_Test@d737b89]" started-at="2022-06-27T22:03:58 IST" name="C29_Verifydonatebutton" data-provider="fetchData" finished-at="2022-06-27T22:04:03 IST" duration-ms="5057" status="PASS">
          <params>
            <param index="0">
              <value>
                <![CDATA[https://staging.d9.icivics.org]]>
              </value>
            </param>
          </params>
          <reporter-output>
          </reporter-output>
        </test-method> <!-- C29_Verifydonatebutton -->
        <test-method is-config="true" signature="afterMethod()[pri:0, instance:icivics_testcases.Icivics_HomepageHeaderSigninMisc_Test@d737b89]" started-at="2022-06-27T22:04:03 IST" name="afterMethod" finished-at="2022-06-27T22:04:03 IST" duration-ms="307" status="PASS">
          <reporter-output>
          </reporter-output>
        </test-method> <!-- afterMethod -->
        <test-method is-config="true" signature="beforeMethod()[pri:0, instance:icivics_testcases.Icivics_HomepageHeaderSigninMisc_Test@d737b89]" started-at="2022-06-27T22:04:03 IST" name="beforeMethod" finished-at="2022-06-27T22:04:04 IST" duration-ms="1082" status="PASS">
          <reporter-output>
          </reporter-output>
        </test-method> <!-- beforeMethod -->
        <test-method signature="C30_Verifydonatebuttonclick(java.lang.String)[pri:1, instance:icivics_testcases.Icivics_HomepageHeaderSigninMisc_Test@d737b89]" started-at="2022-06-27T22:04:04 IST" name="C30_Verifydonatebuttonclick" data-provider="fetchData" finished-at="2022-06-27T22:04:23 IST" duration-ms="18231" status="PASS">
          <params>
            <param index="0">
              <value>
                <![CDATA[https://staging.d9.icivics.org]]>
              </value>
            </param>
          </params>
          <reporter-output>
          </reporter-output>
        </test-method> <!-- C30_Verifydonatebuttonclick -->
        <test-method is-config="true" signature="afterMethod()[pri:0, instance:icivics_testcases.Icivics_HomepageHeaderSigninMisc_Test@d737b89]" started-at="2022-06-27T22:04:23 IST" name="afterMethod" finished-at="2022-06-27T22:04:23 IST" duration-ms="412" status="PASS">
          <reporter-output>
          </reporter-output>
        </test-method> <!-- afterMethod -->
        <test-method is-config="true" signature="beforeMethod()[pri:0, instance:icivics_testcases.Icivics_HomepageHeaderSigninMisc_Test@d737b89]" started-at="2022-06-27T22:04:23 IST" name="beforeMethod" finished-at="2022-06-27T22:04:24 IST" duration-ms="1161" status="PASS">
          <reporter-output>
          </reporter-output>
        </test-method> <!-- beforeMethod -->
        <test-method signature="C31_Verifyshopbutton(java.lang.String)[pri:2, instance:icivics_testcases.Icivics_HomepageHeaderSigninMisc_Test@d737b89]" started-at="2022-06-27T22:04:24 IST" name="C31_Verifyshopbutton" data-provider="fetchData" finished-at="2022-06-27T22:04:28 IST" duration-ms="4003" status="PASS">
          <params>
            <param index="0">
              <value>
                <![CDATA[https://staging.d9.icivics.org]]>
              </value>
            </param>
          </params>
          <reporter-output>
          </reporter-output>
        </test-method> <!-- C31_Verifyshopbutton -->
        <test-method is-config="true" signature="afterMethod()[pri:0, instance:icivics_testcases.Icivics_HomepageHeaderSigninMisc_Test@d737b89]" started-at="2022-06-27T22:04:28 IST" name="afterMethod" finished-at="2022-06-27T22:04:29 IST" duration-ms="316" status="PASS">
          <reporter-output>
          </reporter-output>
        </test-method> <!-- afterMethod -->
        <test-method is-config="true" signature="beforeMethod()[pri:0, instance:icivics_testcases.Icivics_HomepageHeaderSigninMisc_Test@d737b89]" started-at="2022-06-27T22:04:29 IST" name="beforeMethod" finished-at="2022-06-27T22:04:30 IST" duration-ms="1212" status="PASS">
          <reporter-output>
          </reporter-output>
        </test-method> <!-- beforeMethod -->
        <test-method signature="C32_Verifyshopbuttonclick(java.lang.String)[pri:3, instance:icivics_testcases.Icivics_HomepageHeaderSigninMisc_Test@d737b89]" started-at="2022-06-27T22:04:30 IST" name="C32_Verifyshopbuttonclick" data-provider="fetchData" finished-at="2022-06-27T22:04:38 IST" duration-ms="7875" status="PASS">
          <params>
            <param index="0">
              <value>
                <![CDATA[https://staging.d9.icivics.org]]>
              </value>
            </param>
          </params>
          <reporter-output>
          </reporter-output>
        </test-method> <!-- C32_Verifyshopbuttonclick -->
        <test-method is-config="true" signature="afterMethod()[pri:0, instance:icivics_testcases.Icivics_HomepageHeaderSigninMisc_Test@d737b89]" started-at="2022-06-27T22:04:38 IST" name="afterMethod" finished-at="2022-06-27T22:04:38 IST" duration-ms="377" status="PASS">
          <reporter-output>
          </reporter-output>
        </test-method> <!-- afterMethod -->
        <test-method is-config="true" signature="beforeMethod()[pri:0, instance:icivics_testcases.Icivics_HomepageHeaderSigninMisc_Test@d737b89]" started-at="2022-06-27T22:04:38 IST" name="beforeMethod" finished-at="2022-06-27T22:04:39 IST" duration-ms="1115" status="PASS">
          <reporter-output>
          </reporter-output>
        </test-method> <!-- beforeMethod -->
        <test-method signature="C33_Verifysigninbuttonforanonymoususer(java.lang.String)[pri:4, instance:icivics_testcases.Icivics_HomepageHeaderSigninMisc_Test@d737b89]" started-at="2022-06-27T22:04:39 IST" name="C33_Verifysigninbuttonforanonymoususer" data-provider="fetchData" finished-at="2022-06-27T22:04:43 IST" duration-ms="3933" status="PASS">
          <params>
            <param index="0">
              <value>
                <![CDATA[https://staging.d9.icivics.org]]>
              </value>
            </param>
          </params>
          <reporter-output>
          </reporter-output>
        </test-method> <!-- C33_Verifysigninbuttonforanonymoususer -->
        <test-method is-config="true" signature="afterMethod()[pri:0, instance:icivics_testcases.Icivics_HomepageHeaderSigninMisc_Test@d737b89]" started-at="2022-06-27T22:04:43 IST" name="afterMethod" finished-at="2022-06-27T22:04:44 IST" duration-ms="376" status="PASS">
          <reporter-output>
          </reporter-output>
        </test-method> <!-- afterMethod -->
        <test-method is-config="true" signature="beforeMethod()[pri:0, instance:icivics_testcases.Icivics_HomepageHeaderSigninMisc_Test@d737b89]" started-at="2022-06-27T22:04:44 IST" name="beforeMethod" finished-at="2022-06-27T22:04:45 IST" duration-ms="1127" status="PASS">
          <reporter-output>
          </reporter-output>
        </test-method> <!-- beforeMethod -->
        <test-method signature="C37_Verifysigninbuttonsubmenu(java.lang.String)[pri:8, instance:icivics_testcases.Icivics_HomepageHeaderSigninMisc_Test@d737b89]" started-at="2022-06-27T22:04:45 IST" name="C37_Verifysigninbuttonsubmenu" data-provider="fetchData" finished-at="2022-06-27T22:04:50 IST" duration-ms="5570" status="PASS">
          <params>
            <param index="0">
              <value>
                <![CDATA[https://staging.d9.icivics.org]]>
              </value>
            </param>
          </params>
          <reporter-output>
          </reporter-output>
        </test-method> <!-- C37_Verifysigninbuttonsubmenu -->
        <test-method is-config="true" signature="afterMethod()[pri:0, instance:icivics_testcases.Icivics_HomepageHeaderSigninMisc_Test@d737b89]" started-at="2022-06-27T22:04:50 IST" name="afterMethod" finished-at="2022-06-27T22:04:51 IST" duration-ms="313" status="PASS">
          <reporter-output>
          </reporter-output>
        </test-method> <!-- afterMethod -->
        <test-method is-config="true" signature="beforeMethod()[pri:0, instance:icivics_testcases.Icivics_HomepageHeaderSigninMisc_Test@d737b89]" started-at="2022-06-27T22:04:51 IST" name="beforeMethod" finished-at="2022-06-27T22:04:52 IST" duration-ms="1139" status="PASS">
          <reporter-output>
          </reporter-output>
        </test-method> <!-- beforeMethod -->
        <test-method signature="C38_Verifysigninbuttonsubmenu(java.lang.String)[pri:9, instance:icivics_testcases.Icivics_HomepageHeaderSigninMisc_Test@d737b89]" started-at="2022-06-27T22:04:52 IST" name="C38_Verifysigninbuttonsubmenu" data-provider="fetchData" finished-at="2022-06-27T22:05:09 IST" duration-ms="17180" status="PASS">
          <params>
            <param index="0">
              <value>
                <![CDATA[https://staging.d9.icivics.org]]>
              </value>
            </param>
          </params>
          <reporter-output>
          </reporter-output>
        </test-method> <!-- C38_Verifysigninbuttonsubmenu -->
        <test-method is-config="true" signature="afterMethod()[pri:0, instance:icivics_testcases.Icivics_HomepageHeaderSigninMisc_Test@d737b89]" started-at="2022-06-27T22:05:09 IST" name="afterMethod" finished-at="2022-06-27T22:05:09 IST" duration-ms="347" status="PASS">
          <reporter-output>
          </reporter-output>
        </test-method> <!-- afterMethod -->
        <test-method is-config="true" signature="beforeMethod()[pri:0, instance:icivics_testcases.Icivics_HomepageHeaderSigninMisc_Test@d737b89]" started-at="2022-06-27T22:05:09 IST" name="beforeMethod" finished-at="2022-06-27T22:05:11 IST" duration-ms="1267" status="PASS">
          <reporter-output>
          </reporter-output>
        </test-method> <!-- beforeMethod -->
        <test-method signature="C41_Verifysubmenuoptionisunderlined(java.lang.String)[pri:9, instance:icivics_testcases.Icivics_HomepageHeaderSigninMisc_Test@d737b89]" started-at="2022-06-27T22:05:11 IST" name="C41_Verifysubmenuoptionisunderlined" data-provider="fetchData" finished-at="2022-06-27T22:05:49 IST" duration-ms="38514" status="PASS">
          <params>
            <param index="0">
              <value>
                <![CDATA[https://staging.d9.icivics.org]]>
              </value>
            </param>
          </params>
          <reporter-output>
          </reporter-output>
        </test-method> <!-- C41_Verifysubmenuoptionisunderlined -->
        <test-method is-config="true" signature="afterMethod()[pri:0, instance:icivics_testcases.Icivics_HomepageHeaderSigninMisc_Test@d737b89]" started-at="2022-06-27T22:05:49 IST" name="afterMethod" finished-at="2022-06-27T22:05:50 IST" duration-ms="740" status="PASS">
          <reporter-output>
          </reporter-output>
        </test-method> <!-- afterMethod -->
        <test-method is-config="true" signature="beforeMethod()[pri:0, instance:icivics_testcases.Icivics_HomepageHeaderSigninMisc_Test@d737b89]" started-at="2022-06-27T22:05:50 IST" name="beforeMethod" finished-at="2022-06-27T22:05:51 IST" duration-ms="1364" status="PASS">
          <reporter-output>
          </reporter-output>
        </test-method> <!-- beforeMethod -->
        <test-method signature="C42_Verifysubmenuoptionisunderlined(java.lang.String)[pri:9, instance:icivics_testcases.Icivics_HomepageHeaderSigninMisc_Test@d737b89]" started-at="2022-06-27T22:05:51 IST" name="C42_Verifysubmenuoptionisunderlined" data-provider="fetchData" finished-at="2022-06-27T22:05:57 IST" duration-ms="5249" status="PASS">
          <params>
            <param index="0">
              <value>
                <![CDATA[https://staging.d9.icivics.org]]>
              </value>
            </param>
          </params>
          <reporter-output>
          </reporter-output>
        </test-method> <!-- C42_Verifysubmenuoptionisunderlined -->
        <test-method is-config="true" signature="afterMethod()[pri:0, instance:icivics_testcases.Icivics_HomepageHeaderSigninMisc_Test@d737b89]" started-at="2022-06-27T22:05:57 IST" name="afterMethod" finished-at="2022-06-27T22:05:57 IST" duration-ms="302" status="PASS">
          <reporter-output>
          </reporter-output>
        </test-method> <!-- afterMethod -->
        <test-method is-config="true" signature="tearDownClass()[pri:0, instance:icivics_testcases.Icivics_HomepageHeaderSigninMisc_Test@d737b89]" started-at="2022-06-27T22:05:57 IST" name="tearDownClass" finished-at="2022-06-27T22:05:57 IST" duration-ms="1" status="PASS">
          <reporter-output>
          </reporter-output>
        </test-method> <!-- tearDownClass -->
      </class> <!-- icivics_testcases.Icivics_HomepageHeaderSigninMisc_Test -->
      <class name="icivics_testcases.Icivics_HomepageHeaderAbout_Test">
        <test-method is-config="true" signature="setValues()[pri:0, instance:icivics_testcases.Icivics_HomepageHeaderAbout_Test@3f191845]" started-at="2022-06-27T21:54:53 IST" name="setValues" finished-at="2022-06-27T21:54:53 IST" duration-ms="0" status="PASS">
          <reporter-output>
          </reporter-output>
        </test-method> <!-- setValues -->
        <test-method is-config="true" signature="setUpClass()[pri:0, instance:icivics_testcases.Icivics_HomepageHeaderAbout_Test@3f191845]" started-at="2022-06-27T22:21:27 IST" name="setUpClass" finished-at="2022-06-27T22:21:27 IST" duration-ms="1" status="PASS">
          <reporter-output>
          </reporter-output>
        </test-method> <!-- setUpClass -->
        <test-method is-config="true" signature="report()[pri:0, instance:icivics_testcases.Icivics_HomepageHeaderAbout_Test@3f191845]" started-at="2022-06-27T22:21:27 IST" name="report" finished-at="2022-06-27T22:21:27 IST" duration-ms="0" status="PASS">
          <reporter-output>
          </reporter-output>
        </test-method> <!-- report -->
        <test-method is-config="true" signature="beforeMethod()[pri:0, instance:icivics_testcases.Icivics_HomepageHeaderAbout_Test@3f191845]" started-at="2022-06-27T22:21:27 IST" name="beforeMethod" finished-at="2022-06-27T22:21:28 IST" duration-ms="1068" status="PASS">
          <reporter-output>
          </reporter-output>
        </test-method> <!-- beforeMethod -->
        <test-method signature="C22_Verifyaboutsubmenu(java.lang.String)[pri:0, instance:icivics_testcases.Icivics_HomepageHeaderAbout_Test@3f191845]" started-at="2022-06-27T22:21:28 IST" name="C22_Verifyaboutsubmenu" data-provider="fetchData" finished-at="2022-06-27T22:22:22 IST" duration-ms="54068" status="PASS">
          <params>
            <param index="0">
              <value>
                <![CDATA[https://staging.d9.icivics.org/teachers]]>
              </value>
            </param>
          </params>
          <reporter-output>
          </reporter-output>
        </test-method> <!-- C22_Verifyaboutsubmenu -->
        <test-method is-config="true" signature="afterMethod()[pri:0, instance:icivics_testcases.Icivics_HomepageHeaderAbout_Test@3f191845]" started-at="2022-06-27T22:22:22 IST" name="afterMethod" finished-at="2022-06-27T22:22:22 IST" duration-ms="439" status="PASS">
          <reporter-output>
          </reporter-output>
        </test-method> <!-- afterMethod -->
        <test-method is-config="true" signature="beforeMethod()[pri:0, instance:icivics_testcases.Icivics_HomepageHeaderAbout_Test@3f191845]" started-at="2022-06-27T22:22:22 IST" name="beforeMethod" finished-at="2022-06-27T22:22:23 IST" duration-ms="1026" status="PASS">
          <reporter-output>
          </reporter-output>
        </test-method> <!-- beforeMethod -->
        <test-method signature="C23_Verifysubmenucount(java.lang.String)[pri:1, instance:icivics_testcases.Icivics_HomepageHeaderAbout_Test@3f191845]" started-at="2022-06-27T22:22:23 IST" name="C23_Verifysubmenucount" data-provider="fetchData" finished-at="2022-06-27T22:22:31 IST" duration-ms="7169" status="PASS">
          <params>
            <param index="0">
              <value>
                <![CDATA[https://staging.d9.icivics.org/teachers]]>
              </value>
            </param>
          </params>
          <reporter-output>
          </reporter-output>
        </test-method> <!-- C23_Verifysubmenucount -->
        <test-method is-config="true" signature="afterMethod()[pri:0, instance:icivics_testcases.Icivics_HomepageHeaderAbout_Test@3f191845]" started-at="2022-06-27T22:22:31 IST" name="afterMethod" finished-at="2022-06-27T22:22:31 IST" duration-ms="284" status="PASS">
          <reporter-output>
          </reporter-output>
        </test-method> <!-- afterMethod -->
        <test-method is-config="true" signature="beforeMethod()[pri:0, instance:icivics_testcases.Icivics_HomepageHeaderAbout_Test@3f191845]" started-at="2022-06-27T22:22:31 IST" name="beforeMethod" finished-at="2022-06-27T22:22:32 IST" duration-ms="1030" status="PASS">
          <reporter-output>
          </reporter-output>
        </test-method> <!-- beforeMethod -->
        <test-method signature="C24_VerifysubmenuElement(java.lang.String)[pri:2, instance:icivics_testcases.Icivics_HomepageHeaderAbout_Test@3f191845]" started-at="2022-06-27T22:22:32 IST" name="C24_VerifysubmenuElement" data-provider="fetchData" finished-at="2022-06-27T22:24:55 IST" duration-ms="142678" status="PASS">
          <params>
            <param index="0">
              <value>
                <![CDATA[https://staging.d9.icivics.org/teachers]]>
              </value>
            </param>
          </params>
          <reporter-output>
          </reporter-output>
        </test-method> <!-- C24_VerifysubmenuElement -->
        <test-method is-config="true" signature="afterMethod()[pri:0, instance:icivics_testcases.Icivics_HomepageHeaderAbout_Test@3f191845]" started-at="2022-06-27T22:24:55 IST" name="afterMethod" finished-at="2022-06-27T22:24:55 IST" duration-ms="436" status="PASS">
          <reporter-output>
          </reporter-output>
        </test-method> <!-- afterMethod -->
        <test-method is-config="true" signature="beforeMethod()[pri:0, instance:icivics_testcases.Icivics_HomepageHeaderAbout_Test@3f191845]" started-at="2022-06-27T22:24:55 IST" name="beforeMethod" finished-at="2022-06-27T22:24:56 IST" duration-ms="1176" status="PASS">
          <reporter-output>
          </reporter-output>
        </test-method> <!-- beforeMethod -->
        <test-method signature="C27_Verifyclickaboutbuttonagain(java.lang.String)[pri:4, instance:icivics_testcases.Icivics_HomepageHeaderAbout_Test@3f191845]" started-at="2022-06-27T22:24:56 IST" name="C27_Verifyclickaboutbuttonagain" data-provider="fetchData" finished-at="2022-06-27T22:25:28 IST" duration-ms="32019" status="PASS">
          <params>
            <param index="0">
              <value>
                <![CDATA[https://staging.d9.icivics.org/teachers]]>
              </value>
            </param>
          </params>
          <reporter-output>
          </reporter-output>
        </test-method> <!-- C27_Verifyclickaboutbuttonagain -->
        <test-method is-config="true" signature="afterMethod()[pri:0, instance:icivics_testcases.Icivics_HomepageHeaderAbout_Test@3f191845]" started-at="2022-06-27T22:25:28 IST" name="afterMethod" finished-at="2022-06-27T22:25:29 IST" duration-ms="361" status="PASS">
          <reporter-output>
          </reporter-output>
        </test-method> <!-- afterMethod -->
        <test-method is-config="true" signature="tearDownClass()[pri:0, instance:icivics_testcases.Icivics_HomepageHeaderAbout_Test@3f191845]" started-at="2022-06-27T22:25:29 IST" name="tearDownClass" finished-at="2022-06-27T22:25:29 IST" duration-ms="0" status="PASS">
          <reporter-output>
          </reporter-output>
        </test-method> <!-- tearDownClass -->
      </class> <!-- icivics_testcases.Icivics_HomepageHeaderAbout_Test -->
      <class name="icivics_testcases.Icivics_HomepageHeaderplay_Test">
        <test-method is-config="true" signature="setValues()[pri:0, instance:icivics_testcases.Icivics_HomepageHeaderplay_Test@5f049ea1]" started-at="2022-06-27T21:54:53 IST" name="setValues" finished-at="2022-06-27T21:54:53 IST" duration-ms="0" status="PASS">
          <reporter-output>
          </reporter-output>
        </test-method> <!-- setValues -->
        <test-method is-config="true" signature="setUpClass()[pri:0, instance:icivics_testcases.Icivics_HomepageHeaderplay_Test@5f049ea1]" started-at="2022-06-27T22:25:29 IST" name="setUpClass" finished-at="2022-06-27T22:25:29 IST" duration-ms="0" status="PASS">
          <reporter-output>
          </reporter-output>
        </test-method> <!-- setUpClass -->
        <test-method is-config="true" signature="report()[pri:0, instance:icivics_testcases.Icivics_HomepageHeaderplay_Test@5f049ea1]" started-at="2022-06-27T22:25:29 IST" name="report" finished-at="2022-06-27T22:25:29 IST" duration-ms="0" status="PASS">
          <reporter-output>
          </reporter-output>
        </test-method> <!-- report -->
        <test-method is-config="true" signature="beforeMethod()[pri:0, instance:icivics_testcases.Icivics_HomepageHeaderplay_Test@5f049ea1]" started-at="2022-06-27T22:25:29 IST" name="beforeMethod" finished-at="2022-06-27T22:25:30 IST" duration-ms="1144" status="PASS">
          <reporter-output>
          </reporter-output>
        </test-method> <!-- beforeMethod -->
        <test-method signature="C8_Verifyplaysubmenu(java.lang.String)[pri:0, instance:icivics_testcases.Icivics_HomepageHeaderplay_Test@5f049ea1]" started-at="2022-06-27T22:25:30 IST" name="C8_Verifyplaysubmenu" data-provider="fetchData" finished-at="2022-06-27T22:25:36 IST" duration-ms="6274" status="PASS">
          <params>
            <param index="0">
              <value>
                <![CDATA[https://staging.d9.icivics.org/games]]>
              </value>
            </param>
          </params>
          <reporter-output>
          </reporter-output>
        </test-method> <!-- C8_Verifyplaysubmenu -->
        <test-method is-config="true" signature="afterMethod()[pri:0, instance:icivics_testcases.Icivics_HomepageHeaderplay_Test@5f049ea1]" started-at="2022-06-27T22:25:36 IST" name="afterMethod" finished-at="2022-06-27T22:25:37 IST" duration-ms="452" status="PASS">
          <reporter-output>
          </reporter-output>
        </test-method> <!-- afterMethod -->
        <test-method is-config="true" signature="beforeMethod()[pri:0, instance:icivics_testcases.Icivics_HomepageHeaderplay_Test@5f049ea1]" started-at="2022-06-27T22:25:37 IST" name="beforeMethod" finished-at="2022-06-27T22:25:38 IST" duration-ms="1128" status="PASS">
          <reporter-output>
          </reporter-output>
        </test-method> <!-- beforeMethod -->
        <test-method signature="C10_Verifyplaybuttonelements(java.lang.String)[pri:1, instance:icivics_testcases.Icivics_HomepageHeaderplay_Test@5f049ea1]" started-at="2022-06-27T22:25:38 IST" name="C10_Verifyplaybuttonelements" data-provider="fetchData" finished-at="2022-06-27T22:32:59 IST" duration-ms="441631" status="PASS">
          <params>
            <param index="0">
              <value>
                <![CDATA[https://staging.d9.icivics.org/games]]>
              </value>
            </param>
          </params>
          <reporter-output>
          </reporter-output>
        </test-method> <!-- C10_Verifyplaybuttonelements -->
        <test-method is-config="true" signature="afterMethod()[pri:0, instance:icivics_testcases.Icivics_HomepageHeaderplay_Test@5f049ea1]" started-at="2022-06-27T22:32:59 IST" name="afterMethod" finished-at="2022-06-27T22:33:00 IST" duration-ms="691" status="PASS">
          <reporter-output>
          </reporter-output>
        </test-method> <!-- afterMethod -->
        <test-method is-config="true" signature="beforeMethod()[pri:0, instance:icivics_testcases.Icivics_HomepageHeaderplay_Test@5f049ea1]" started-at="2022-06-27T22:33:00 IST" name="beforeMethod" finished-at="2022-06-27T22:33:02 IST" duration-ms="1793" status="PASS">
          <reporter-output>
          </reporter-output>
        </test-method> <!-- beforeMethod -->
        <test-method signature="C9_Verifyplaybuttonlist(java.lang.String)[pri:1, instance:icivics_testcases.Icivics_HomepageHeaderplay_Test@5f049ea1]" started-at="2022-06-27T22:33:02 IST" name="C9_Verifyplaybuttonlist" data-provider="fetchData" finished-at="2022-06-27T22:33:39 IST" duration-ms="37400" status="PASS">
          <params>
            <param index="0">
              <value>
                <![CDATA[https://staging.d9.icivics.org/games]]>
              </value>
            </param>
          </params>
          <reporter-output>
          </reporter-output>
        </test-method> <!-- C9_Verifyplaybuttonlist -->
        <test-method is-config="true" signature="afterMethod()[pri:0, instance:icivics_testcases.Icivics_HomepageHeaderplay_Test@5f049ea1]" started-at="2022-06-27T22:33:39 IST" name="afterMethod" finished-at="2022-06-27T22:33:40 IST" duration-ms="421" status="PASS">
          <reporter-output>
          </reporter-output>
        </test-method> <!-- afterMethod -->
        <test-method is-config="true" signature="beforeMethod()[pri:0, instance:icivics_testcases.Icivics_HomepageHeaderplay_Test@5f049ea1]" started-at="2022-06-27T22:33:40 IST" name="beforeMethod" finished-at="2022-06-27T22:33:41 IST" duration-ms="1123" status="PASS">
          <reporter-output>
          </reporter-output>
        </test-method> <!-- beforeMethod -->
        <test-method signature="C12_Verifypageisunderlined(java.lang.String)[pri:2, instance:icivics_testcases.Icivics_HomepageHeaderplay_Test@5f049ea1]" started-at="2022-06-27T22:33:41 IST" name="C12_Verifypageisunderlined" data-provider="fetchData" finished-at="2022-06-27T22:39:21 IST" duration-ms="340007" status="PASS">
          <params>
            <param index="0">
              <value>
                <![CDATA[https://staging.d9.icivics.org/games]]>
              </value>
            </param>
          </params>
          <reporter-output>
          </reporter-output>
        </test-method> <!-- C12_Verifypageisunderlined -->
        <test-method is-config="true" signature="afterMethod()[pri:0, instance:icivics_testcases.Icivics_HomepageHeaderplay_Test@5f049ea1]" started-at="2022-06-27T22:39:21 IST" name="afterMethod" finished-at="2022-06-27T22:39:21 IST" duration-ms="443" status="PASS">
          <reporter-output>
          </reporter-output>
        </test-method> <!-- afterMethod -->
        <test-method is-config="true" signature="beforeMethod()[pri:0, instance:icivics_testcases.Icivics_HomepageHeaderplay_Test@5f049ea1]" started-at="2022-06-27T22:39:21 IST" name="beforeMethod" finished-at="2022-06-27T22:39:23 IST" duration-ms="1228" status="PASS">
          <reporter-output>
          </reporter-output>
        </test-method> <!-- beforeMethod -->
        <test-method signature="C13_Verifyclickonplaybuttonagain(java.lang.String)[pri:3, instance:icivics_testcases.Icivics_HomepageHeaderplay_Test@5f049ea1]" started-at="2022-06-27T22:39:23 IST" name="C13_Verifyclickonplaybuttonagain" data-provider="fetchData" finished-at="2022-06-27T22:39:32 IST" duration-ms="9346" status="PASS">
          <params>
            <param index="0">
              <value>
                <![CDATA[https://staging.d9.icivics.org/games]]>
              </value>
            </param>
          </params>
          <reporter-output>
          </reporter-output>
        </test-method> <!-- C13_Verifyclickonplaybuttonagain -->
        <test-method is-config="true" signature="afterMethod()[pri:0, instance:icivics_testcases.Icivics_HomepageHeaderplay_Test@5f049ea1]" started-at="2022-06-27T22:39:32 IST" name="afterMethod" finished-at="2022-06-27T22:39:32 IST" duration-ms="334" status="PASS">
          <reporter-output>
          </reporter-output>
        </test-method> <!-- afterMethod -->
        <test-method is-config="true" signature="tearDownClass()[pri:0, instance:icivics_testcases.Icivics_HomepageHeaderplay_Test@5f049ea1]" started-at="2022-06-27T22:39:32 IST" name="tearDownClass" finished-at="2022-06-27T22:39:32 IST" duration-ms="0" status="PASS">
          <reporter-output>
          </reporter-output>
        </test-method> <!-- tearDownClass -->
      </class> <!-- icivics_testcases.Icivics_HomepageHeaderplay_Test -->
      <class name="icivics_testcases.Icivics_HomepageHeaderTeach_Test">
        <test-method is-config="true" signature="setValues()[pri:0, instance:icivics_testcases.Icivics_HomepageHeaderTeach_Test@3ba987b8]" started-at="2022-06-27T21:54:53 IST" name="setValues" finished-at="2022-06-27T21:54:53 IST" duration-ms="0" status="PASS">
          <reporter-output>
          </reporter-output>
        </test-method> <!-- setValues -->
        <test-method is-config="true" signature="setUpClass()[pri:0, instance:icivics_testcases.Icivics_HomepageHeaderTeach_Test@3ba987b8]" started-at="2022-06-27T22:19:28 IST" name="setUpClass" finished-at="2022-06-27T22:19:28 IST" duration-ms="0" status="PASS">
          <reporter-output>
          </reporter-output>
        </test-method> <!-- setUpClass -->
        <test-method is-config="true" signature="report()[pri:0, instance:icivics_testcases.Icivics_HomepageHeaderTeach_Test@3ba987b8]" started-at="2022-06-27T22:19:28 IST" name="report" finished-at="2022-06-27T22:19:28 IST" duration-ms="0" status="PASS">
          <reporter-output>
          </reporter-output>
        </test-method> <!-- report -->
        <test-method is-config="true" signature="beforeMethod()[pri:0, instance:icivics_testcases.Icivics_HomepageHeaderTeach_Test@3ba987b8]" started-at="2022-06-27T22:19:28 IST" name="beforeMethod" finished-at="2022-06-27T22:19:29 IST" duration-ms="1122" status="PASS">
          <reporter-output>
          </reporter-output>
        </test-method> <!-- beforeMethod -->
        <test-method signature="C15_Verifyteachsubmenu(java.lang.String)[pri:0, instance:icivics_testcases.Icivics_HomepageHeaderTeach_Test@3ba987b8]" started-at="2022-06-27T22:19:29 IST" name="C15_Verifyteachsubmenu" data-provider="fetchData" finished-at="2022-06-27T22:19:35 IST" duration-ms="5937" status="PASS">
          <params>
            <param index="0">
              <value>
                <![CDATA[https://staging.d9.icivics.org/about]]>
              </value>
            </param>
          </params>
          <reporter-output>
          </reporter-output>
        </test-method> <!-- C15_Verifyteachsubmenu -->
        <test-method is-config="true" signature="afterMethod()[pri:0, instance:icivics_testcases.Icivics_HomepageHeaderTeach_Test@3ba987b8]" started-at="2022-06-27T22:19:35 IST" name="afterMethod" finished-at="2022-06-27T22:19:35 IST" duration-ms="276" status="PASS">
          <reporter-output>
          </reporter-output>
        </test-method> <!-- afterMethod -->
        <test-method is-config="true" signature="beforeMethod()[pri:0, instance:icivics_testcases.Icivics_HomepageHeaderTeach_Test@3ba987b8]" started-at="2022-06-27T22:19:35 IST" name="beforeMethod" finished-at="2022-06-27T22:19:36 IST" duration-ms="1015" status="PASS">
          <reporter-output>
          </reporter-output>
        </test-method> <!-- beforeMethod -->
        <test-method signature="C16_Verifysubmenucount(java.lang.String)[pri:1, instance:icivics_testcases.Icivics_HomepageHeaderTeach_Test@3ba987b8]" started-at="2022-06-27T22:19:36 IST" name="C16_Verifysubmenucount" data-provider="fetchData" finished-at="2022-06-27T22:19:45 IST" duration-ms="8542" status="PASS">
          <params>
            <param index="0">
              <value>
                <![CDATA[https://staging.d9.icivics.org/about]]>
              </value>
            </param>
          </params>
          <reporter-output>
          </reporter-output>
        </test-method> <!-- C16_Verifysubmenucount -->
        <test-method is-config="true" signature="afterMethod()[pri:0, instance:icivics_testcases.Icivics_HomepageHeaderTeach_Test@3ba987b8]" started-at="2022-06-27T22:19:45 IST" name="afterMethod" finished-at="2022-06-27T22:19:45 IST" duration-ms="267" status="PASS">
          <reporter-output>
          </reporter-output>
        </test-method> <!-- afterMethod -->
        <test-method is-config="true" signature="beforeMethod()[pri:0, instance:icivics_testcases.Icivics_HomepageHeaderTeach_Test@3ba987b8]" started-at="2022-06-27T22:19:45 IST" name="beforeMethod" finished-at="2022-06-27T22:19:46 IST" duration-ms="998" status="PASS">
          <reporter-output>
          </reporter-output>
        </test-method> <!-- beforeMethod -->
        <test-method signature="C17_Verifyteachbuttonelements(java.lang.String)[pri:2, instance:icivics_testcases.Icivics_HomepageHeaderTeach_Test@3ba987b8]" started-at="2022-06-27T22:19:46 IST" name="C17_Verifyteachbuttonelements" data-provider="fetchData" finished-at="2022-06-27T22:21:20 IST" duration-ms="94225" status="PASS">
          <params>
            <param index="0">
              <value>
                <![CDATA[https://staging.d9.icivics.org/about]]>
              </value>
            </param>
          </params>
          <reporter-output>
          </reporter-output>
        </test-method> <!-- C17_Verifyteachbuttonelements -->
        <test-method is-config="true" signature="afterMethod()[pri:0, instance:icivics_testcases.Icivics_HomepageHeaderTeach_Test@3ba987b8]" started-at="2022-06-27T22:21:20 IST" name="afterMethod" finished-at="2022-06-27T22:21:20 IST" duration-ms="425" status="PASS">
          <reporter-output>
          </reporter-output>
        </test-method> <!-- afterMethod -->
        <test-method is-config="true" signature="beforeMethod()[pri:0, instance:icivics_testcases.Icivics_HomepageHeaderTeach_Test@3ba987b8]" started-at="2022-06-27T22:21:20 IST" name="beforeMethod" finished-at="2022-06-27T22:21:22 IST" duration-ms="1186" status="PASS">
          <reporter-output>
          </reporter-output>
        </test-method> <!-- beforeMethod -->
        <test-method signature="C20_verifyclickteachbuttonagain(java.lang.String)[pri:4, instance:icivics_testcases.Icivics_HomepageHeaderTeach_Test@3ba987b8]" started-at="2022-06-27T22:21:22 IST" name="C20_verifyclickteachbuttonagain" data-provider="fetchData" finished-at="2022-06-27T22:21:26 IST" duration-ms="4803" status="PASS">
          <params>
            <param index="0">
              <value>
                <![CDATA[https://staging.d9.icivics.org/about]]>
              </value>
            </param>
          </params>
          <reporter-output>
          </reporter-output>
        </test-method> <!-- C20_verifyclickteachbuttonagain -->
        <test-method is-config="true" signature="afterMethod()[pri:0, instance:icivics_testcases.Icivics_HomepageHeaderTeach_Test@3ba987b8]" started-at="2022-06-27T22:21:26 IST" name="afterMethod" finished-at="2022-06-27T22:21:27 IST" duration-ms="263" status="PASS">
          <reporter-output>
          </reporter-output>
        </test-method> <!-- afterMethod -->
        <test-method is-config="true" signature="tearDownClass()[pri:0, instance:icivics_testcases.Icivics_HomepageHeaderTeach_Test@3ba987b8]" started-at="2022-06-27T22:21:27 IST" name="tearDownClass" finished-at="2022-06-27T22:21:27 IST" duration-ms="0" status="PASS">
          <reporter-output>
          </reporter-output>
        </test-method> <!-- tearDownClass -->
      </class> <!-- icivics_testcases.Icivics_HomepageHeaderTeach_Test -->
      <class name="icivics_testcases.Icivics_HomepageHeaderMyicivicsMisc_Test">
        <test-method is-config="true" signature="startReport()[pri:0, instance:icivics_testcases.Icivics_HomepageHeaderMyicivicsMisc_Test@79e4c792]" started-at="2022-06-27T21:54:53 IST" name="startReport" finished-at="2022-06-27T21:54:53 IST" duration-ms="328" status="PASS">
          <reporter-output>
          </reporter-output>
        </test-method> <!-- startReport -->
        <test-method is-config="true" signature="setValues()[pri:0, instance:icivics_testcases.Icivics_HomepageHeaderMyicivicsMisc_Test@79e4c792]" started-at="2022-06-27T21:54:53 IST" name="setValues" finished-at="2022-06-27T21:54:53 IST" duration-ms="0" status="PASS">
          <reporter-output>
          </reporter-output>
        </test-method> <!-- setValues -->
        <test-method is-config="true" signature="setUpClass()[pri:0, instance:icivics_testcases.Icivics_HomepageHeaderMyicivicsMisc_Test@79e4c792]" started-at="2022-06-27T21:54:53 IST" name="setUpClass" finished-at="2022-06-27T21:54:53 IST" duration-ms="140" status="PASS">
          <reporter-output>
          </reporter-output>
        </test-method> <!-- setUpClass -->
        <test-method is-config="true" signature="report()[pri:0, instance:icivics_testcases.Icivics_HomepageHeaderMyicivicsMisc_Test@79e4c792]" started-at="2022-06-27T21:54:53 IST" name="report" finished-at="2022-06-27T21:54:53 IST" duration-ms="3" status="PASS">
          <reporter-output>
          </reporter-output>
        </test-method> <!-- report -->
        <test-method is-config="true" signature="beforeMethod()[pri:0, instance:icivics_testcases.Icivics_HomepageHeaderMyicivicsMisc_Test@79e4c792]" started-at="2022-06-27T21:54:55 IST" name="beforeMethod" finished-at="2022-06-27T21:54:58 IST" duration-ms="3890" status="PASS">
          <reporter-output>
          </reporter-output>
        </test-method> <!-- beforeMethod -->
        <test-method signature="C29_Verifydonatebutton(java.lang.String)[pri:0, instance:icivics_testcases.Icivics_HomepageHeaderMyicivicsMisc_Test@79e4c792]" started-at="2022-06-27T21:54:58 IST" name="C29_Verifydonatebutton" data-provider="fetchData" finished-at="2022-06-27T21:55:06 IST" duration-ms="7774" status="PASS">
          <params>
            <param index="0">
              <value>
                <![CDATA[https://staging.d9.icivics.org]]>
              </value>
            </param>
          </params>
          <reporter-output>
          </reporter-output>
        </test-method> <!-- C29_Verifydonatebutton -->
        <test-method is-config="true" signature="afterMethod()[pri:0, instance:icivics_testcases.Icivics_HomepageHeaderMyicivicsMisc_Test@79e4c792]" started-at="2022-06-27T21:55:06 IST" name="afterMethod" finished-at="2022-06-27T21:55:07 IST" duration-ms="557" status="PASS">
          <reporter-output>
          </reporter-output>
        </test-method> <!-- afterMethod -->
        <test-method is-config="true" signature="beforeMethod()[pri:0, instance:icivics_testcases.Icivics_HomepageHeaderMyicivicsMisc_Test@79e4c792]" started-at="2022-06-27T21:55:07 IST" name="beforeMethod" finished-at="2022-06-27T21:55:09 IST" duration-ms="1778" status="PASS">
          <reporter-output>
          </reporter-output>
        </test-method> <!-- beforeMethod -->
        <test-method signature="C30_Verifydonatebuttonclick(java.lang.String)[pri:1, instance:icivics_testcases.Icivics_HomepageHeaderMyicivicsMisc_Test@79e4c792]" started-at="2022-06-27T21:55:09 IST" name="C30_Verifydonatebuttonclick" data-provider="fetchData" finished-at="2022-06-27T21:55:30 IST" duration-ms="21078" status="PASS">
          <params>
            <param index="0">
              <value>
                <![CDATA[https://staging.d9.icivics.org]]>
              </value>
            </param>
          </params>
          <reporter-output>
          </reporter-output>
        </test-method> <!-- C30_Verifydonatebuttonclick -->
        <test-method is-config="true" signature="afterMethod()[pri:0, instance:icivics_testcases.Icivics_HomepageHeaderMyicivicsMisc_Test@79e4c792]" started-at="2022-06-27T21:55:30 IST" name="afterMethod" finished-at="2022-06-27T21:55:31 IST" duration-ms="1373" status="PASS">
          <reporter-output>
          </reporter-output>
        </test-method> <!-- afterMethod -->
        <test-method is-config="true" signature="beforeMethod()[pri:0, instance:icivics_testcases.Icivics_HomepageHeaderMyicivicsMisc_Test@79e4c792]" started-at="2022-06-27T21:55:31 IST" name="beforeMethod" finished-at="2022-06-27T21:55:33 IST" duration-ms="1946" status="PASS">
          <reporter-output>
          </reporter-output>
        </test-method> <!-- beforeMethod -->
        <test-method signature="C31_Verifyshopbutton(java.lang.String)[pri:2, instance:icivics_testcases.Icivics_HomepageHeaderMyicivicsMisc_Test@79e4c792]" started-at="2022-06-27T21:55:33 IST" name="C31_Verifyshopbutton" data-provider="fetchData" finished-at="2022-06-27T21:56:00 IST" duration-ms="26970" status="PASS">
          <params>
            <param index="0">
              <value>
                <![CDATA[https://staging.d9.icivics.org]]>
              </value>
            </param>
          </params>
          <reporter-output>
          </reporter-output>
        </test-method> <!-- C31_Verifyshopbutton -->
        <test-method is-config="true" signature="afterMethod()[pri:0, instance:icivics_testcases.Icivics_HomepageHeaderMyicivicsMisc_Test@79e4c792]" started-at="2022-06-27T21:56:00 IST" name="afterMethod" finished-at="2022-06-27T21:56:01 IST" duration-ms="443" status="PASS">
          <reporter-output>
          </reporter-output>
        </test-method> <!-- afterMethod -->
        <test-method is-config="true" signature="beforeMethod()[pri:0, instance:icivics_testcases.Icivics_HomepageHeaderMyicivicsMisc_Test@79e4c792]" started-at="2022-06-27T21:56:01 IST" name="beforeMethod" finished-at="2022-06-27T21:56:02 IST" duration-ms="1523" status="PASS">
          <reporter-output>
          </reporter-output>
        </test-method> <!-- beforeMethod -->
        <test-method signature="C32_Verifyshopbuttonclick(java.lang.String)[pri:3, instance:icivics_testcases.Icivics_HomepageHeaderMyicivicsMisc_Test@79e4c792]" started-at="2022-06-27T21:56:02 IST" name="C32_Verifyshopbuttonclick" data-provider="fetchData" finished-at="2022-06-27T21:56:12 IST" duration-ms="9126" status="PASS">
          <params>
            <param index="0">
              <value>
                <![CDATA[https://staging.d9.icivics.org]]>
              </value>
            </param>
          </params>
          <reporter-output>
          </reporter-output>
        </test-method> <!-- C32_Verifyshopbuttonclick -->
        <test-method is-config="true" signature="afterMethod()[pri:0, instance:icivics_testcases.Icivics_HomepageHeaderMyicivicsMisc_Test@79e4c792]" started-at="2022-06-27T21:56:12 IST" name="afterMethod" finished-at="2022-06-27T21:56:12 IST" duration-ms="583" status="PASS">
          <reporter-output>
          </reporter-output>
        </test-method> <!-- afterMethod -->
        <test-method is-config="true" signature="beforeMethod()[pri:0, instance:icivics_testcases.Icivics_HomepageHeaderMyicivicsMisc_Test@79e4c792]" started-at="2022-06-27T21:56:12 IST" name="beforeMethod" finished-at="2022-06-27T21:56:14 IST" duration-ms="1724" status="PASS">
          <reporter-output>
          </reporter-output>
        </test-method> <!-- beforeMethod -->
        <test-method signature="C34_VerifyIcivicsbutton(java.lang.String)[pri:4, instance:icivics_testcases.Icivics_HomepageHeaderMyicivicsMisc_Test@79e4c792]" started-at="2022-06-27T21:56:14 IST" name="C34_VerifyIcivicsbutton" data-provider="fetchData" finished-at="2022-06-27T21:56:41 IST" duration-ms="26986" status="PASS">
          <params>
            <param index="0">
              <value>
                <![CDATA[https://staging.d9.icivics.org]]>
              </value>
            </param>
          </params>
          <reporter-output>
          </reporter-output>
        </test-method> <!-- C34_VerifyIcivicsbutton -->
        <test-method is-config="true" signature="afterMethod()[pri:0, instance:icivics_testcases.Icivics_HomepageHeaderMyicivicsMisc_Test@79e4c792]" started-at="2022-06-27T21:56:41 IST" name="afterMethod" finished-at="2022-06-27T21:56:42 IST" duration-ms="517" status="PASS">
          <reporter-output>
          </reporter-output>
        </test-method> <!-- afterMethod -->
        <test-method is-config="true" signature="beforeMethod()[pri:0, instance:icivics_testcases.Icivics_HomepageHeaderMyicivicsMisc_Test@79e4c792]" started-at="2022-06-27T21:56:42 IST" name="beforeMethod" finished-at="2022-06-27T21:56:43 IST" duration-ms="1772" status="PASS">
          <reporter-output>
          </reporter-output>
        </test-method> <!-- beforeMethod -->
        <test-method signature="C35_Verifytheavatar(java.lang.String)[pri:5, instance:icivics_testcases.Icivics_HomepageHeaderMyicivicsMisc_Test@79e4c792]" started-at="2022-06-27T21:56:43 IST" name="C35_Verifytheavatar" data-provider="fetchData" finished-at="2022-06-27T21:57:14 IST" duration-ms="30350" status="PASS">
          <params>
            <param index="0">
              <value>
                <![CDATA[https://staging.d9.icivics.org]]>
              </value>
            </param>
          </params>
          <reporter-output>
          </reporter-output>
        </test-method> <!-- C35_Verifytheavatar -->
        <test-method is-config="true" signature="afterMethod()[pri:0, instance:icivics_testcases.Icivics_HomepageHeaderMyicivicsMisc_Test@79e4c792]" started-at="2022-06-27T21:57:14 IST" name="afterMethod" finished-at="2022-06-27T21:57:15 IST" duration-ms="1225" status="PASS">
          <reporter-output>
          </reporter-output>
        </test-method> <!-- afterMethod -->
        <test-method is-config="true" signature="beforeMethod()[pri:0, instance:icivics_testcases.Icivics_HomepageHeaderMyicivicsMisc_Test@79e4c792]" started-at="2022-06-27T21:57:15 IST" name="beforeMethod" finished-at="2022-06-27T21:57:17 IST" duration-ms="1613" status="PASS">
          <reporter-output>
          </reporter-output>
        </test-method> <!-- beforeMethod -->
        <test-method signature="C35_Verifythenoavatar(java.lang.String)[pri:6, instance:icivics_testcases.Icivics_HomepageHeaderMyicivicsMisc_Test@79e4c792]" started-at="2022-06-27T21:57:17 IST" name="C35_Verifythenoavatar" data-provider="fetchData" finished-at="2022-06-27T21:57:45 IST" duration-ms="27864" status="PASS">
          <params>
            <param index="0">
              <value>
                <![CDATA[https://staging.d9.icivics.org]]>
              </value>
            </param>
          </params>
          <reporter-output>
          </reporter-output>
        </test-method> <!-- C35_Verifythenoavatar -->
        <test-method is-config="true" signature="afterMethod()[pri:0, instance:icivics_testcases.Icivics_HomepageHeaderMyicivicsMisc_Test@79e4c792]" started-at="2022-06-27T21:57:45 IST" name="afterMethod" finished-at="2022-06-27T21:57:45 IST" duration-ms="623" status="PASS">
          <reporter-output>
          </reporter-output>
        </test-method> <!-- afterMethod -->
        <test-method is-config="true" signature="beforeMethod()[pri:0, instance:icivics_testcases.Icivics_HomepageHeaderMyicivicsMisc_Test@79e4c792]" started-at="2022-06-27T21:57:45 IST" name="beforeMethod" finished-at="2022-06-27T21:57:47 IST" duration-ms="1815" status="PASS">
          <reporter-output>
          </reporter-output>
        </test-method> <!-- beforeMethod -->
        <test-method signature="C36_VerifyIcivicssubmenu(java.lang.String)[pri:7, instance:icivics_testcases.Icivics_HomepageHeaderMyicivicsMisc_Test@79e4c792]" started-at="2022-06-27T21:57:47 IST" name="C36_VerifyIcivicssubmenu" data-provider="fetchData" finished-at="2022-06-27T21:58:14 IST" duration-ms="27312" status="PASS">
          <params>
            <param index="0">
              <value>
                <![CDATA[https://staging.d9.icivics.org]]>
              </value>
            </param>
          </params>
          <reporter-output>
          </reporter-output>
        </test-method> <!-- C36_VerifyIcivicssubmenu -->
        <test-method is-config="true" signature="afterMethod()[pri:0, instance:icivics_testcases.Icivics_HomepageHeaderMyicivicsMisc_Test@79e4c792]" started-at="2022-06-27T21:58:14 IST" name="afterMethod" finished-at="2022-06-27T21:58:15 IST" duration-ms="519" status="PASS">
          <reporter-output>
          </reporter-output>
        </test-method> <!-- afterMethod -->
        <test-method is-config="true" signature="beforeMethod()[pri:0, instance:icivics_testcases.Icivics_HomepageHeaderMyicivicsMisc_Test@79e4c792]" started-at="2022-06-27T21:58:15 IST" name="beforeMethod" finished-at="2022-06-27T21:58:16 IST" duration-ms="1441" status="PASS">
          <reporter-output>
          </reporter-output>
        </test-method> <!-- beforeMethod -->
        <test-method signature="C37_VerifyIcivicssubmenu(java.lang.String)[pri:8, instance:icivics_testcases.Icivics_HomepageHeaderMyicivicsMisc_Test@79e4c792]" started-at="2022-06-27T21:58:16 IST" name="C37_VerifyIcivicssubmenu" data-provider="fetchData" finished-at="2022-06-27T21:58:46 IST" duration-ms="29816" status="PASS">
          <params>
            <param index="0">
              <value>
                <![CDATA[https://staging.d9.icivics.org]]>
              </value>
            </param>
          </params>
          <reporter-output>
          </reporter-output>
        </test-method> <!-- C37_VerifyIcivicssubmenu -->
        <test-method is-config="true" signature="afterMethod()[pri:0, instance:icivics_testcases.Icivics_HomepageHeaderMyicivicsMisc_Test@79e4c792]" started-at="2022-06-27T21:58:46 IST" name="afterMethod" finished-at="2022-06-27T21:58:47 IST" duration-ms="579" status="PASS">
          <reporter-output>
          </reporter-output>
        </test-method> <!-- afterMethod -->
        <test-method is-config="true" signature="beforeMethod()[pri:0, instance:icivics_testcases.Icivics_HomepageHeaderMyicivicsMisc_Test@79e4c792]" started-at="2022-06-27T21:58:47 IST" name="beforeMethod" finished-at="2022-06-27T21:58:49 IST" duration-ms="1700" status="PASS">
          <reporter-output>
          </reporter-output>
        </test-method> <!-- beforeMethod -->
        <test-method signature="C39_Myicivicsbuttonelementsverification(java.lang.String)[pri:9, instance:icivics_testcases.Icivics_HomepageHeaderMyicivicsMisc_Test@79e4c792]" started-at="2022-06-27T21:58:49 IST" name="C39_Myicivicsbuttonelementsverification" data-provider="fetchData" finished-at="2022-06-27T22:00:53 IST" duration-ms="124007" status="PASS">
          <params>
            <param index="0">
              <value>
                <![CDATA[https://staging.d9.icivics.org]]>
              </value>
            </param>
          </params>
          <reporter-output>
          </reporter-output>
        </test-method> <!-- C39_Myicivicsbuttonelementsverification -->
        <test-method is-config="true" signature="afterMethod()[pri:0, instance:icivics_testcases.Icivics_HomepageHeaderMyicivicsMisc_Test@79e4c792]" started-at="2022-06-27T22:00:53 IST" name="afterMethod" finished-at="2022-06-27T22:00:53 IST" duration-ms="437" status="PASS">
          <reporter-output>
          </reporter-output>
        </test-method> <!-- afterMethod -->
        <test-method is-config="true" signature="beforeMethod()[pri:0, instance:icivics_testcases.Icivics_HomepageHeaderMyicivicsMisc_Test@79e4c792]" started-at="2022-06-27T22:00:53 IST" name="beforeMethod" finished-at="2022-06-27T22:00:54 IST" duration-ms="1255" status="PASS">
          <reporter-output>
          </reporter-output>
        </test-method> <!-- beforeMethod -->
        <test-method signature="C41_verifyselectpageisunderlined(java.lang.String)[pri:10, instance:icivics_testcases.Icivics_HomepageHeaderMyicivicsMisc_Test@79e4c792]" started-at="2022-06-27T22:00:54 IST" name="C41_verifyselectpageisunderlined" data-provider="fetchData" finished-at="2022-06-27T22:03:25 IST" duration-ms="150704" status="PASS">
          <params>
            <param index="0">
              <value>
                <![CDATA[https://staging.d9.icivics.org]]>
              </value>
            </param>
          </params>
          <reporter-output>
          </reporter-output>
        </test-method> <!-- C41_verifyselectpageisunderlined -->
        <test-method is-config="true" signature="afterMethod()[pri:0, instance:icivics_testcases.Icivics_HomepageHeaderMyicivicsMisc_Test@79e4c792]" started-at="2022-06-27T22:03:25 IST" name="afterMethod" finished-at="2022-06-27T22:03:26 IST" duration-ms="381" status="PASS">
          <reporter-output>
          </reporter-output>
        </test-method> <!-- afterMethod -->
        <test-method is-config="true" signature="beforeMethod()[pri:0, instance:icivics_testcases.Icivics_HomepageHeaderMyicivicsMisc_Test@79e4c792]" started-at="2022-06-27T22:03:26 IST" name="beforeMethod" finished-at="2022-06-27T22:03:27 IST" duration-ms="1233" status="PASS">
          <reporter-output>
          </reporter-output>
        </test-method> <!-- beforeMethod -->
        <test-method signature="C42_Verifymyicivicsbuttonsubmenuclose(java.lang.String)[pri:11, instance:icivics_testcases.Icivics_HomepageHeaderMyicivicsMisc_Test@79e4c792]" started-at="2022-06-27T22:03:27 IST" name="C42_Verifymyicivicsbuttonsubmenuclose" data-provider="fetchData" finished-at="2022-06-27T22:03:56 IST" duration-ms="29418" status="PASS">
          <params>
            <param index="0">
              <value>
                <![CDATA[https://staging.d9.icivics.org]]>
              </value>
            </param>
          </params>
          <reporter-output>
          </reporter-output>
        </test-method> <!-- C42_Verifymyicivicsbuttonsubmenuclose -->
        <test-method is-config="true" signature="afterMethod()[pri:0, instance:icivics_testcases.Icivics_HomepageHeaderMyicivicsMisc_Test@79e4c792]" started-at="2022-06-27T22:03:56 IST" name="afterMethod" finished-at="2022-06-27T22:03:57 IST" duration-ms="330" status="PASS">
          <reporter-output>
          </reporter-output>
        </test-method> <!-- afterMethod -->
        <test-method is-config="true" signature="tearDownClass()[pri:0, instance:icivics_testcases.Icivics_HomepageHeaderMyicivicsMisc_Test@79e4c792]" started-at="2022-06-27T22:03:57 IST" name="tearDownClass" finished-at="2022-06-27T22:03:57 IST" duration-ms="4" status="PASS">
          <reporter-output>
          </reporter-output>
        </test-method> <!-- tearDownClass -->
        <test-method is-config="true" signature="stopReport()[pri:0, instance:icivics_testcases.Icivics_HomepageHeaderMyicivicsMisc_Test@79e4c792]" started-at="2022-06-27T22:39:32 IST" name="stopReport" finished-at="2022-06-27T22:39:35 IST" duration-ms="2246" status="PASS">
          <reporter-output>
          </reporter-output>
        </test-method> <!-- stopReport -->
      </class> <!-- icivics_testcases.Icivics_HomepageHeaderMyicivicsMisc_Test -->
      <class name="icivics_testcases.Icivicvs_HomepageHeaderteach2_Test">
        <test-method is-config="true" signature="setValues()[pri:0, instance:icivics_testcases.Icivicvs_HomepageHeaderteach2_Test@2d901eb0]" started-at="2022-06-27T21:54:53 IST" name="setValues" finished-at="2022-06-27T21:54:53 IST" duration-ms="0" status="PASS">
          <reporter-output>
          </reporter-output>
        </test-method> <!-- setValues -->
        <test-method is-config="true" signature="setUpClass()[pri:0, instance:icivics_testcases.Icivicvs_HomepageHeaderteach2_Test@2d901eb0]" started-at="2022-06-27T22:18:17 IST" name="setUpClass" finished-at="2022-06-27T22:18:17 IST" duration-ms="1" status="PASS">
          <reporter-output>
          </reporter-output>
        </test-method> <!-- setUpClass -->
        <test-method is-config="true" signature="report()[pri:0, instance:icivics_testcases.Icivicvs_HomepageHeaderteach2_Test@2d901eb0]" started-at="2022-06-27T22:18:17 IST" name="report" finished-at="2022-06-27T22:18:17 IST" duration-ms="0" status="PASS">
          <reporter-output>
          </reporter-output>
        </test-method> <!-- report -->
        <test-method is-config="true" signature="beforeMethod()[pri:0, instance:icivics_testcases.Icivicvs_HomepageHeaderteach2_Test@2d901eb0]" started-at="2022-06-27T22:18:17 IST" name="beforeMethod" finished-at="2022-06-27T22:18:18 IST" duration-ms="1007" status="PASS">
          <reporter-output>
          </reporter-output>
        </test-method> <!-- beforeMethod -->
        <test-method signature="C19_Verifyteachsubmenu(java.lang.String)[pri:0, instance:icivics_testcases.Icivicvs_HomepageHeaderteach2_Test@2d901eb0]" started-at="2022-06-27T22:18:18 IST" name="C19_Verifyteachsubmenu" data-provider="fetchData" finished-at="2022-06-27T22:19:27 IST" duration-ms="69578" status="PASS">
          <params>
            <param index="0">
              <value>
                <![CDATA[https://staging.d9.icivics.org/teachers]]>
              </value>
            </param>
          </params>
          <reporter-output>
          </reporter-output>
        </test-method> <!-- C19_Verifyteachsubmenu -->
        <test-method is-config="true" signature="afterMethod()[pri:0, instance:icivics_testcases.Icivicvs_HomepageHeaderteach2_Test@2d901eb0]" started-at="2022-06-27T22:19:27 IST" name="afterMethod" finished-at="2022-06-27T22:19:28 IST" duration-ms="371" status="PASS">
          <reporter-output>
          </reporter-output>
        </test-method> <!-- afterMethod -->
        <test-method is-config="true" signature="tearDownClass()[pri:0, instance:icivics_testcases.Icivicvs_HomepageHeaderteach2_Test@2d901eb0]" started-at="2022-06-27T22:19:28 IST" name="tearDownClass" finished-at="2022-06-27T22:19:28 IST" duration-ms="1" status="PASS">
          <reporter-output>
          </reporter-output>
        </test-method> <!-- tearDownClass -->
      </class> <!-- icivics_testcases.Icivicvs_HomepageHeaderteach2_Test -->
      <class name="icivics_testcases.Icivics_HomepageHeader_Test">
        <test-method is-config="true" signature="setValues()[pri:0, instance:icivics_testcases.Icivics_HomepageHeader_Test@35dab4eb]" started-at="2022-06-27T21:54:53 IST" name="setValues" finished-at="2022-06-27T21:54:53 IST" duration-ms="0" status="PASS">
          <reporter-output>
          </reporter-output>
        </test-method> <!-- setValues -->
        <test-method is-config="true" signature="setUpClass()[pri:0, instance:icivics_testcases.Icivics_HomepageHeader_Test@35dab4eb]" started-at="2022-06-27T22:16:49 IST" name="setUpClass" finished-at="2022-06-27T22:16:49 IST" duration-ms="0" status="PASS">
          <reporter-output>
          </reporter-output>
        </test-method> <!-- setUpClass -->
        <test-method is-config="true" signature="report()[pri:0, instance:icivics_testcases.Icivics_HomepageHeader_Test@35dab4eb]" started-at="2022-06-27T22:16:49 IST" name="report" finished-at="2022-06-27T22:16:49 IST" duration-ms="0" status="PASS">
          <reporter-output>
          </reporter-output>
        </test-method> <!-- report -->
        <test-method is-config="true" signature="beforeMethod()[pri:0, instance:icivics_testcases.Icivics_HomepageHeader_Test@35dab4eb]" started-at="2022-06-27T22:16:49 IST" name="beforeMethod" finished-at="2022-06-27T22:16:50 IST" duration-ms="1116" status="PASS">
          <reporter-output>
          </reporter-output>
        </test-method> <!-- beforeMethod -->
        <test-method signature="C1_VerifyLogo(java.lang.String)[pri:0, instance:icivics_testcases.Icivics_HomepageHeader_Test@35dab4eb]" started-at="2022-06-27T22:16:50 IST" name="C1_VerifyLogo" data-provider="fetchData" finished-at="2022-06-27T22:17:01 IST" duration-ms="10052" status="PASS">
          <params>
            <param index="0">
              <value>
                <![CDATA[https://staging.d9.icivics.org]]>
              </value>
            </param>
          </params>
          <reporter-output>
          </reporter-output>
        </test-method> <!-- C1_VerifyLogo -->
        <test-method is-config="true" signature="afterMethod()[pri:0, instance:icivics_testcases.Icivics_HomepageHeader_Test@35dab4eb]" started-at="2022-06-27T22:17:01 IST" name="afterMethod" finished-at="2022-06-27T22:17:01 IST" duration-ms="289" status="PASS">
          <reporter-output>
          </reporter-output>
        </test-method> <!-- afterMethod -->
        <test-method is-config="true" signature="beforeMethod()[pri:0, instance:icivics_testcases.Icivics_HomepageHeader_Test@35dab4eb]" started-at="2022-06-27T22:17:01 IST" name="beforeMethod" finished-at="2022-06-27T22:17:02 IST" duration-ms="1022" status="PASS">
          <reporter-output>
          </reporter-output>
        </test-method> <!-- beforeMethod -->
        <test-method signature="C2_VerifyHeaderbuttonforanonymoususer(java.lang.String)[pri:1, instance:icivics_testcases.Icivics_HomepageHeader_Test@35dab4eb]" started-at="2022-06-27T22:17:02 IST" name="C2_VerifyHeaderbuttonforanonymoususer" data-provider="fetchData" finished-at="2022-06-27T22:17:32 IST" duration-ms="29764" status="PASS">
          <params>
            <param index="0">
              <value>
                <![CDATA[https://staging.d9.icivics.org]]>
              </value>
            </param>
          </params>
          <reporter-output>
          </reporter-output>
        </test-method> <!-- C2_VerifyHeaderbuttonforanonymoususer -->
        <test-method is-config="true" signature="afterMethod()[pri:0, instance:icivics_testcases.Icivics_HomepageHeader_Test@35dab4eb]" started-at="2022-06-27T22:17:32 IST" name="afterMethod" finished-at="2022-06-27T22:17:32 IST" duration-ms="789" status="PASS">
          <reporter-output>
          </reporter-output>
        </test-method> <!-- afterMethod -->
        <test-method is-config="true" signature="beforeMethod()[pri:0, instance:icivics_testcases.Icivics_HomepageHeader_Test@35dab4eb]" started-at="2022-06-27T22:17:32 IST" name="beforeMethod" finished-at="2022-06-27T22:17:33 IST" duration-ms="1004" status="PASS">
          <reporter-output>
          </reporter-output>
        </test-method> <!-- beforeMethod -->
        <test-method signature="C2_VerifyHeaderbuttonforauthenticateduser(java.lang.String)[pri:1, instance:icivics_testcases.Icivics_HomepageHeader_Test@35dab4eb]" started-at="2022-06-27T22:17:33 IST" name="C2_VerifyHeaderbuttonforauthenticateduser" data-provider="fetchData" finished-at="2022-06-27T22:18:05 IST" duration-ms="31430" status="PASS">
          <params>
            <param index="0">
              <value>
                <![CDATA[https://staging.d9.icivics.org]]>
              </value>
            </param>
          </params>
          <reporter-output>
          </reporter-output>
        </test-method> <!-- C2_VerifyHeaderbuttonforauthenticateduser -->
        <test-method is-config="true" signature="afterMethod()[pri:0, instance:icivics_testcases.Icivics_HomepageHeader_Test@35dab4eb]" started-at="2022-06-27T22:18:05 IST" name="afterMethod" finished-at="2022-06-27T22:18:05 IST" duration-ms="462" status="PASS">
          <reporter-output>
          </reporter-output>
        </test-method> <!-- afterMethod -->
        <test-method is-config="true" signature="beforeMethod()[pri:0, instance:icivics_testcases.Icivics_HomepageHeader_Test@35dab4eb]" started-at="2022-06-27T22:18:05 IST" name="beforeMethod" finished-at="2022-06-27T22:18:06 IST" duration-ms="1092" status="PASS">
          <reporter-output>
          </reporter-output>
        </test-method> <!-- beforeMethod -->
        <test-method signature="C1538_Verifydonationpopup(java.lang.String)[pri:2, instance:icivics_testcases.Icivics_HomepageHeader_Test@35dab4eb]" started-at="2022-06-27T22:18:06 IST" name="C1538_Verifydonationpopup" data-provider="fetchData" finished-at="2022-06-27T22:18:16 IST" duration-ms="9810" status="PASS">
          <params>
            <param index="0">
              <value>
                <![CDATA[https://staging.d9.icivics.org]]>
              </value>
            </param>
          </params>
          <reporter-output>
          </reporter-output>
        </test-method> <!-- C1538_Verifydonationpopup -->
        <test-method is-config="true" signature="afterMethod()[pri:0, instance:icivics_testcases.Icivics_HomepageHeader_Test@35dab4eb]" started-at="2022-06-27T22:18:16 IST" name="afterMethod" finished-at="2022-06-27T22:18:17 IST" duration-ms="258" status="PASS">
          <reporter-output>
          </reporter-output>
        </test-method> <!-- afterMethod -->
        <test-method is-config="true" signature="tearDownClass()[pri:0, instance:icivics_testcases.Icivics_HomepageHeader_Test@35dab4eb]" started-at="2022-06-27T22:18:17 IST" name="tearDownClass" finished-at="2022-06-27T22:18:17 IST" duration-ms="0" status="PASS">
          <reporter-output>
          </reporter-output>
        </test-method> <!-- tearDownClass -->
      </class> <!-- icivics_testcases.Icivics_HomepageHeader_Test -->
      <class name="icivics_testcases.Icivics_HomepageTeacherHeader_Test">
        <test-method is-config="true" signature="setValues()[pri:0, instance:icivics_testcases.Icivics_HomepageTeacherHeader_Test@8519cb4]" started-at="2022-06-27T21:54:53 IST" name="setValues" finished-at="2022-06-27T21:54:53 IST" duration-ms="0" status="PASS">
          <reporter-output>
          </reporter-output>
        </test-method> <!-- setValues -->
        <test-method is-config="true" signature="setUpClass()[pri:0, instance:icivics_testcases.Icivics_HomepageTeacherHeader_Test@8519cb4]" started-at="2022-06-27T22:05:57 IST" name="setUpClass" finished-at="2022-06-27T22:05:57 IST" duration-ms="3" status="PASS">
          <reporter-output>
          </reporter-output>
        </test-method> <!-- setUpClass -->
        <test-method is-config="true" signature="report()[pri:0, instance:icivics_testcases.Icivics_HomepageTeacherHeader_Test@8519cb4]" started-at="2022-06-27T22:05:57 IST" name="report" finished-at="2022-06-27T22:05:57 IST" duration-ms="0" status="PASS">
          <reporter-output>
          </reporter-output>
        </test-method> <!-- report -->
        <test-method is-config="true" signature="beforeMethod()[pri:0, instance:icivics_testcases.Icivics_HomepageTeacherHeader_Test@8519cb4]" started-at="2022-06-27T22:05:57 IST" name="beforeMethod" finished-at="2022-06-27T22:05:58 IST" duration-ms="1174" status="PASS">
          <reporter-output>
          </reporter-output>
        </test-method> <!-- beforeMethod -->
        <test-method signature="C3_Verifyheaderbuttonsforanonymoususer(java.lang.String)[pri:0, instance:icivics_testcases.Icivics_HomepageTeacherHeader_Test@8519cb4]" started-at="2022-06-27T22:05:58 IST" name="C3_Verifyheaderbuttonsforanonymoususer" data-provider="fetchData" finished-at="2022-06-27T22:06:53 IST" duration-ms="54904" status="PASS">
          <params>
            <param index="0">
              <value>
                <![CDATA[https://staging.d9.icivics.org/teachers]]>
              </value>
            </param>
          </params>
          <reporter-output>
          </reporter-output>
        </test-method> <!-- C3_Verifyheaderbuttonsforanonymoususer -->
        <test-method is-config="true" signature="afterMethod()[pri:0, instance:icivics_testcases.Icivics_HomepageTeacherHeader_Test@8519cb4]" started-at="2022-06-27T22:06:53 IST" name="afterMethod" finished-at="2022-06-27T22:06:53 IST" duration-ms="320" status="PASS">
          <reporter-output>
          </reporter-output>
        </test-method> <!-- afterMethod -->
        <test-method is-config="true" signature="beforeMethod()[pri:0, instance:icivics_testcases.Icivics_HomepageTeacherHeader_Test@8519cb4]" started-at="2022-06-27T22:06:53 IST" name="beforeMethod" finished-at="2022-06-27T22:06:55 IST" duration-ms="1206" status="PASS">
          <reporter-output>
          </reporter-output>
        </test-method> <!-- beforeMethod -->
        <test-method signature="C3_Verifyheaderbuttonsforauthenticateduser(java.lang.String)[pri:1, instance:icivics_testcases.Icivics_HomepageTeacherHeader_Test@8519cb4]" started-at="2022-06-27T22:06:55 IST" name="C3_Verifyheaderbuttonsforauthenticateduser" data-provider="fetchData" finished-at="2022-06-27T22:07:48 IST" duration-ms="53814" status="PASS">
          <params>
            <param index="0">
              <value>
                <![CDATA[https://staging.d9.icivics.org/teachers]]>
              </value>
            </param>
          </params>
          <reporter-output>
          </reporter-output>
        </test-method> <!-- C3_Verifyheaderbuttonsforauthenticateduser -->
        <test-method is-config="true" signature="afterMethod()[pri:0, instance:icivics_testcases.Icivics_HomepageTeacherHeader_Test@8519cb4]" started-at="2022-06-27T22:07:48 IST" name="afterMethod" finished-at="2022-06-27T22:07:49 IST" duration-ms="313" status="PASS">
          <reporter-output>
          </reporter-output>
        </test-method> <!-- afterMethod -->
        <test-method is-config="true" signature="beforeMethod()[pri:0, instance:icivics_testcases.Icivics_HomepageTeacherHeader_Test@8519cb4]" started-at="2022-06-27T22:07:49 IST" name="beforeMethod" finished-at="2022-06-27T22:07:50 IST" duration-ms="1166" status="PASS">
          <reporter-output>
          </reporter-output>
        </test-method> <!-- beforeMethod -->
        <test-method signature="C4_Verifyheaderelemets(java.lang.String)[pri:1, instance:icivics_testcases.Icivics_HomepageTeacherHeader_Test@8519cb4]" started-at="2022-06-27T22:07:50 IST" name="C4_Verifyheaderelemets" data-provider="fetchData" finished-at="2022-06-27T22:11:21 IST" duration-ms="211092" status="PASS">
          <params>
            <param index="0">
              <value>
                <![CDATA[https://staging.d9.icivics.org/teachers]]>
              </value>
            </param>
          </params>
          <reporter-output>
          </reporter-output>
        </test-method> <!-- C4_Verifyheaderelemets -->
        <test-method is-config="true" signature="afterMethod()[pri:0, instance:icivics_testcases.Icivics_HomepageTeacherHeader_Test@8519cb4]" started-at="2022-06-27T22:11:21 IST" name="afterMethod" finished-at="2022-06-27T22:11:21 IST" duration-ms="362" status="PASS">
          <reporter-output>
          </reporter-output>
        </test-method> <!-- afterMethod -->
        <test-method is-config="true" signature="beforeMethod()[pri:0, instance:icivics_testcases.Icivics_HomepageTeacherHeader_Test@8519cb4]" started-at="2022-06-27T22:11:21 IST" name="beforeMethod" finished-at="2022-06-27T22:11:23 IST" duration-ms="1260" status="PASS">
          <reporter-output>
          </reporter-output>
        </test-method> <!-- beforeMethod -->
        <test-method signature="C6_Verifyheaderbuttonhoverforanonymoususer(java.lang.String)[pri:2, instance:icivics_testcases.Icivics_HomepageTeacherHeader_Test@8519cb4]" started-at="2022-06-27T22:11:23 IST" name="C6_Verifyheaderbuttonhoverforanonymoususer" data-provider="fetchData" finished-at="2022-06-27T22:13:15 IST" duration-ms="112005" status="PASS">
          <params>
            <param index="0">
              <value>
                <![CDATA[https://staging.d9.icivics.org/teachers]]>
              </value>
            </param>
          </params>
          <reporter-output>
          </reporter-output>
        </test-method> <!-- C6_Verifyheaderbuttonhoverforanonymoususer -->
        <test-method is-config="true" signature="afterMethod()[pri:0, instance:icivics_testcases.Icivics_HomepageTeacherHeader_Test@8519cb4]" started-at="2022-06-27T22:13:15 IST" name="afterMethod" finished-at="2022-06-27T22:13:15 IST" duration-ms="468" status="PASS">
          <reporter-output>
          </reporter-output>
        </test-method> <!-- afterMethod -->
        <test-method is-config="true" signature="beforeMethod()[pri:0, instance:icivics_testcases.Icivics_HomepageTeacherHeader_Test@8519cb4]" started-at="2022-06-27T22:13:15 IST" name="beforeMethod" finished-at="2022-06-27T22:13:16 IST" duration-ms="1029" status="PASS">
          <reporter-output>
          </reporter-output>
        </test-method> <!-- beforeMethod -->
        <test-method signature="C6_verifyaheaderbuttonhoverforauthenticateduser(java.lang.String)[pri:3, instance:icivics_testcases.Icivics_HomepageTeacherHeader_Test@8519cb4]" started-at="2022-06-27T22:13:16 IST" name="C6_verifyaheaderbuttonhoverforauthenticateduser" data-provider="fetchData" finished-at="2022-06-27T22:15:52 IST" duration-ms="155477" status="PASS">
          <params>
            <param index="0">
              <value>
                <![CDATA[https://staging.d9.icivics.org/teachers]]>
              </value>
            </param>
          </params>
          <reporter-output>
          </reporter-output>
        </test-method> <!-- C6_verifyaheaderbuttonhoverforauthenticateduser -->
        <test-method is-config="true" signature="afterMethod()[pri:0, instance:icivics_testcases.Icivics_HomepageTeacherHeader_Test@8519cb4]" started-at="2022-06-27T22:15:52 IST" name="afterMethod" finished-at="2022-06-27T22:15:52 IST" duration-ms="441" status="PASS">
          <reporter-output>
          </reporter-output>
        </test-method> <!-- afterMethod -->
        <test-method is-config="true" signature="beforeMethod()[pri:0, instance:icivics_testcases.Icivics_HomepageTeacherHeader_Test@8519cb4]" started-at="2022-06-27T22:15:52 IST" name="beforeMethod" finished-at="2022-06-27T22:15:53 IST" duration-ms="1036" status="PASS">
          <reporter-output>
          </reporter-output>
        </test-method> <!-- beforeMethod -->
        <test-method signature="C7_verifyresizeheaderintohamburger(java.lang.String)[pri:4, instance:icivics_testcases.Icivics_HomepageTeacherHeader_Test@8519cb4]" started-at="2022-06-27T22:15:53 IST" name="C7_verifyresizeheaderintohamburger" data-provider="fetchData" finished-at="2022-06-27T22:16:49 IST" duration-ms="55814" status="PASS">
          <params>
            <param index="0">
              <value>
                <![CDATA[https://staging.d9.icivics.org/teachers]]>
              </value>
            </param>
          </params>
          <reporter-output>
          </reporter-output>
        </test-method> <!-- C7_verifyresizeheaderintohamburger -->
        <test-method is-config="true" signature="afterMethod()[pri:0, instance:icivics_testcases.Icivics_HomepageTeacherHeader_Test@8519cb4]" started-at="2022-06-27T22:16:49 IST" name="afterMethod" finished-at="2022-06-27T22:16:49 IST" duration-ms="296" status="PASS">
          <reporter-output>
          </reporter-output>
        </test-method> <!-- afterMethod -->
        <test-method is-config="true" signature="tearDownClass()[pri:0, instance:icivics_testcases.Icivics_HomepageTeacherHeader_Test@8519cb4]" started-at="2022-06-27T22:16:49 IST" name="tearDownClass" finished-at="2022-06-27T22:16:49 IST" duration-ms="0" status="PASS">
          <reporter-output>
          </reporter-output>
        </test-method> <!-- tearDownClass -->
      </class> <!-- icivics_testcases.Icivics_HomepageTeacherHeader_Test -->
    </test> <!-- RegressionTest -->
  </suite> <!-- Suite -->
</testng-results>
